[2020-07-25 11:11:57] local.ERROR: could not find driver (SQL: select * from information_schema.tables where table_schema = teamenergy and table_name = migrations and table_type = 'BASE TABLE') {"exception":"[object] (Illuminate\\Database\\QueryException(code: 0): could not find driver (SQL: select * from information_schema.tables where table_schema = teamenergy and table_name = migrations and table_type = 'BASE TABLE') at /home/raj/laravel/Team-Energy/vendor/laravel/framework/src/Illuminate/Database/Connection.php:665)
[stacktrace]
#0 /home/raj/laravel/Team-Energy/vendor/laravel/framework/src/Illuminate/Database/Connection.php(625): Illuminate\\Database\\Connection->runQueryCallback()
#1 /home/raj/laravel/Team-Energy/vendor/laravel/framework/src/Illuminate/Database/Connection.php(334): Illuminate\\Database\\Connection->run()
#2 /home/raj/laravel/Team-Energy/vendor/laravel/framework/src/Illuminate/Database/Schema/MySqlBuilder.php(18): Illuminate\\Database\\Connection->select()
#3 /home/raj/laravel/Team-Energy/vendor/laravel/framework/src/Illuminate/Database/Migrations/DatabaseMigrationRepository.php(169): Illuminate\\Database\\Schema\\MySqlBuilder->hasTable()
#4 /home/raj/laravel/Team-Energy/vendor/laravel/framework/src/Illuminate/Database/Migrations/Migrator.php(585): Illuminate\\Database\\Migrations\\DatabaseMigrationRepository->repositoryExists()
#5 /home/raj/laravel/Team-Energy/vendor/laravel/framework/src/Illuminate/Database/Console/Migrations/MigrateCommand.php(91): Illuminate\\Database\\Migrations\\Migrator->repositoryExists()
#6 /home/raj/laravel/Team-Energy/vendor/laravel/framework/src/Illuminate/Database/Console/Migrations/MigrateCommand.php(63): Illuminate\\Database\\Console\\Migrations\\MigrateCommand->prepareDatabase()
#7 [internal function]: Illuminate\\Database\\Console\\Migrations\\MigrateCommand->handle()
#8 /home/raj/laravel/Team-Energy/vendor/laravel/framework/src/Illuminate/Container/BoundMethod.php(32): call_user_func_array()
#9 /home/raj/laravel/Team-Energy/vendor/laravel/framework/src/Illuminate/Support/helpers.php(522): Illuminate\\Container\\BoundMethod::Illuminate\\Container\\{closure}()
#10 /home/raj/laravel/Team-Energy/vendor/laravel/framework/src/Illuminate/Container/BoundMethod.php(90): value()
#11 /home/raj/laravel/Team-Energy/vendor/laravel/framework/src/Illuminate/Container/BoundMethod.php(34): Illuminate\\Container\\BoundMethod::callBoundMethod()
#12 /home/raj/laravel/Team-Energy/vendor/laravel/framework/src/Illuminate/Container/Container.php(591): Illuminate\\Container\\BoundMethod::call()
#13 /home/raj/laravel/Team-Energy/vendor/laravel/framework/src/Illuminate/Console/Command.php(202): Illuminate\\Container\\Container->call()
#14 /home/raj/laravel/Team-Energy/vendor/symfony/console/Command/Command.php(255): Illuminate\\Console\\Command->execute()
#15 /home/raj/laravel/Team-Energy/vendor/laravel/framework/src/Illuminate/Console/Command.php(189): Symfony\\Component\\Console\\Command\\Command->run()
#16 /home/raj/laravel/Team-Energy/vendor/symfony/console/Application.php(1000): Illuminate\\Console\\Command->run()
#17 /home/raj/laravel/Team-Energy/vendor/symfony/console/Application.php(271): Symfony\\Component\\Console\\Application->doRunCommand()
#18 /home/raj/laravel/Team-Energy/vendor/symfony/console/Application.php(147): Symfony\\Component\\Console\\Application->doRun()
#19 /home/raj/laravel/Team-Energy/vendor/laravel/framework/src/Illuminate/Console/Application.php(90): Symfony\\Component\\Console\\Application->run()
#20 /home/raj/laravel/Team-Energy/vendor/laravel/framework/src/Illuminate/Foundation/Console/Kernel.php(131): Illuminate\\Console\\Application->run()
#21 /home/raj/laravel/Team-Energy/artisan(37): Illuminate\\Foundation\\Console\\Kernel->handle()
#22 {main}

[previous exception] [object] (PDOException(code: 0): could not find driver at /home/raj/laravel/Team-Energy/vendor/laravel/framework/src/Illuminate/Database/Connectors/Connector.php:70)
[stacktrace]
#0 /home/raj/laravel/Team-Energy/vendor/laravel/framework/src/Illuminate/Database/Connectors/Connector.php(70): PDO->__construct()
#1 /home/raj/laravel/Team-Energy/vendor/laravel/framework/src/Illuminate/Database/Connectors/Connector.php(46): Illuminate\\Database\\Connectors\\Connector->createPdoConnection()
#2 /home/raj/laravel/Team-Energy/vendor/laravel/framework/src/Illuminate/Database/Connectors/MySqlConnector.php(24): Illuminate\\Database\\Connectors\\Connector->createConnection()
#3 /home/raj/laravel/Team-Energy/vendor/laravel/framework/src/Illuminate/Database/Connectors/ConnectionFactory.php(182): Illuminate\\Database\\Connectors\\MySqlConnector->connect()
#4 [internal function]: Illuminate\\Database\\Connectors\\ConnectionFactory->Illuminate\\Database\\Connectors\\{closure}()
#5 /home/raj/laravel/Team-Energy/vendor/laravel/framework/src/Illuminate/Database/Connection.php(920): call_user_func()
#6 /home/raj/laravel/Team-Energy/vendor/laravel/framework/src/Illuminate/Database/Connection.php(945): Illuminate\\Database\\Connection->getPdo()
#7 /home/raj/laravel/Team-Energy/vendor/laravel/framework/src/Illuminate/Database/Connection.php(400): Illuminate\\Database\\Connection->getReadPdo()
#8 /home/raj/laravel/Team-Energy/vendor/laravel/framework/src/Illuminate/Database/Connection.php(326): Illuminate\\Database\\Connection->getPdoForSelect()
#9 /home/raj/laravel/Team-Energy/vendor/laravel/framework/src/Illuminate/Database/Connection.php(658): Illuminate\\Database\\Connection->Illuminate\\Database\\{closure}()
#10 /home/raj/laravel/Team-Energy/vendor/laravel/framework/src/Illuminate/Database/Connection.php(625): Illuminate\\Database\\Connection->runQueryCallback()
#11 /home/raj/laravel/Team-Energy/vendor/laravel/framework/src/Illuminate/Database/Connection.php(334): Illuminate\\Database\\Connection->run()
#12 /home/raj/laravel/Team-Energy/vendor/laravel/framework/src/Illuminate/Database/Schema/MySqlBuilder.php(18): Illuminate\\Database\\Connection->select()
#13 /home/raj/laravel/Team-Energy/vendor/laravel/framework/src/Illuminate/Database/Migrations/DatabaseMigrationRepository.php(169): Illuminate\\Database\\Schema\\MySqlBuilder->hasTable()
#14 /home/raj/laravel/Team-Energy/vendor/laravel/framework/src/Illuminate/Database/Migrations/Migrator.php(585): Illuminate\\Database\\Migrations\\DatabaseMigrationRepository->repositoryExists()
#15 /home/raj/laravel/Team-Energy/vendor/laravel/framework/src/Illuminate/Database/Console/Migrations/MigrateCommand.php(91): Illuminate\\Database\\Migrations\\Migrator->repositoryExists()
#16 /home/raj/laravel/Team-Energy/vendor/laravel/framework/src/Illuminate/Database/Console/Migrations/MigrateCommand.php(63): Illuminate\\Database\\Console\\Migrations\\MigrateCommand->prepareDatabase()
#17 [internal function]: Illuminate\\Database\\Console\\Migrations\\MigrateCommand->handle()
#18 /home/raj/laravel/Team-Energy/vendor/laravel/framework/src/Illuminate/Container/BoundMethod.php(32): call_user_func_array()
#19 /home/raj/laravel/Team-Energy/vendor/laravel/framework/src/Illuminate/Support/helpers.php(522): Illuminate\\Container\\BoundMethod::Illuminate\\Container\\{closure}()
#20 /home/raj/laravel/Team-Energy/vendor/laravel/framework/src/Illuminate/Container/BoundMethod.php(90): value()
#21 /home/raj/laravel/Team-Energy/vendor/laravel/framework/src/Illuminate/Container/BoundMethod.php(34): Illuminate\\Container\\BoundMethod::callBoundMethod()
#22 /home/raj/laravel/Team-Energy/vendor/laravel/framework/src/Illuminate/Container/Container.php(591): Illuminate\\Container\\BoundMethod::call()
#23 /home/raj/laravel/Team-Energy/vendor/laravel/framework/src/Illuminate/Console/Command.php(202): Illuminate\\Container\\Container->call()
#24 /home/raj/laravel/Team-Energy/vendor/symfony/console/Command/Command.php(255): Illuminate\\Console\\Command->execute()
#25 /home/raj/laravel/Team-Energy/vendor/laravel/framework/src/Illuminate/Console/Command.php(189): Symfony\\Component\\Console\\Command\\Command->run()
#26 /home/raj/laravel/Team-Energy/vendor/symfony/console/Application.php(1000): Illuminate\\Console\\Command->run()
#27 /home/raj/laravel/Team-Energy/vendor/symfony/console/Application.php(271): Symfony\\Component\\Console\\Application->doRunCommand()
#28 /home/raj/laravel/Team-Energy/vendor/symfony/console/Application.php(147): Symfony\\Component\\Console\\Application->doRun()
#29 /home/raj/laravel/Team-Energy/vendor/laravel/framework/src/Illuminate/Console/Application.php(90): Symfony\\Component\\Console\\Application->run()
#30 /home/raj/laravel/Team-Energy/vendor/laravel/framework/src/Illuminate/Foundation/Console/Kernel.php(131): Illuminate\\Console\\Application->run()
#31 /home/raj/laravel/Team-Energy/artisan(37): Illuminate\\Foundation\\Console\\Kernel->handle()
#32 {main}
"} 
[2020-07-25 11:19:43] local.ERROR: could not find driver (SQL: select * from information_schema.tables where table_schema = teamenergy and table_name = migrations and table_type = 'BASE TABLE') {"exception":"[object] (Illuminate\\Database\\QueryException(code: 0): could not find driver (SQL: select * from information_schema.tables where table_schema = teamenergy and table_name = migrations and table_type = 'BASE TABLE') at /home/raj/laravel/Team-Energy/vendor/laravel/framework/src/Illuminate/Database/Connection.php:665)
[stacktrace]
#0 /home/raj/laravel/Team-Energy/vendor/laravel/framework/src/Illuminate/Database/Connection.php(625): Illuminate\\Database\\Connection->runQueryCallback()
#1 /home/raj/laravel/Team-Energy/vendor/laravel/framework/src/Illuminate/Database/Connection.php(334): Illuminate\\Database\\Connection->run()
#2 /home/raj/laravel/Team-Energy/vendor/laravel/framework/src/Illuminate/Database/Schema/MySqlBuilder.php(18): Illuminate\\Database\\Connection->select()
#3 /home/raj/laravel/Team-Energy/vendor/laravel/framework/src/Illuminate/Database/Migrations/DatabaseMigrationRepository.php(169): Illuminate\\Database\\Schema\\MySqlBuilder->hasTable()
#4 /home/raj/laravel/Team-Energy/vendor/laravel/framework/src/Illuminate/Database/Migrations/Migrator.php(585): Illuminate\\Database\\Migrations\\DatabaseMigrationRepository->repositoryExists()
#5 /home/raj/laravel/Team-Energy/vendor/laravel/framework/src/Illuminate/Database/Console/Migrations/MigrateCommand.php(91): Illuminate\\Database\\Migrations\\Migrator->repositoryExists()
#6 /home/raj/laravel/Team-Energy/vendor/laravel/framework/src/Illuminate/Database/Console/Migrations/MigrateCommand.php(63): Illuminate\\Database\\Console\\Migrations\\MigrateCommand->prepareDatabase()
#7 [internal function]: Illuminate\\Database\\Console\\Migrations\\MigrateCommand->handle()
#8 /home/raj/laravel/Team-Energy/vendor/laravel/framework/src/Illuminate/Container/BoundMethod.php(32): call_user_func_array()
#9 /home/raj/laravel/Team-Energy/vendor/laravel/framework/src/Illuminate/Support/helpers.php(522): Illuminate\\Container\\BoundMethod::Illuminate\\Container\\{closure}()
#10 /home/raj/laravel/Team-Energy/vendor/laravel/framework/src/Illuminate/Container/BoundMethod.php(90): value()
#11 /home/raj/laravel/Team-Energy/vendor/laravel/framework/src/Illuminate/Container/BoundMethod.php(34): Illuminate\\Container\\BoundMethod::callBoundMethod()
#12 /home/raj/laravel/Team-Energy/vendor/laravel/framework/src/Illuminate/Container/Container.php(591): Illuminate\\Container\\BoundMethod::call()
#13 /home/raj/laravel/Team-Energy/vendor/laravel/framework/src/Illuminate/Console/Command.php(202): Illuminate\\Container\\Container->call()
#14 /home/raj/laravel/Team-Energy/vendor/symfony/console/Command/Command.php(255): Illuminate\\Console\\Command->execute()
#15 /home/raj/laravel/Team-Energy/vendor/laravel/framework/src/Illuminate/Console/Command.php(189): Symfony\\Component\\Console\\Command\\Command->run()
#16 /home/raj/laravel/Team-Energy/vendor/symfony/console/Application.php(1000): Illuminate\\Console\\Command->run()
#17 /home/raj/laravel/Team-Energy/vendor/symfony/console/Application.php(271): Symfony\\Component\\Console\\Application->doRunCommand()
#18 /home/raj/laravel/Team-Energy/vendor/symfony/console/Application.php(147): Symfony\\Component\\Console\\Application->doRun()
#19 /home/raj/laravel/Team-Energy/vendor/laravel/framework/src/Illuminate/Console/Application.php(90): Symfony\\Component\\Console\\Application->run()
#20 /home/raj/laravel/Team-Energy/vendor/laravel/framework/src/Illuminate/Foundation/Console/Kernel.php(131): Illuminate\\Console\\Application->run()
#21 /home/raj/laravel/Team-Energy/artisan(37): Illuminate\\Foundation\\Console\\Kernel->handle()
#22 {main}

[previous exception] [object] (PDOException(code: 0): could not find driver at /home/raj/laravel/Team-Energy/vendor/laravel/framework/src/Illuminate/Database/Connectors/Connector.php:70)
[stacktrace]
#0 /home/raj/laravel/Team-Energy/vendor/laravel/framework/src/Illuminate/Database/Connectors/Connector.php(70): PDO->__construct()
#1 /home/raj/laravel/Team-Energy/vendor/laravel/framework/src/Illuminate/Database/Connectors/Connector.php(46): Illuminate\\Database\\Connectors\\Connector->createPdoConnection()
#2 /home/raj/laravel/Team-Energy/vendor/laravel/framework/src/Illuminate/Database/Connectors/MySqlConnector.php(24): Illuminate\\Database\\Connectors\\Connector->createConnection()
#3 /home/raj/laravel/Team-Energy/vendor/laravel/framework/src/Illuminate/Database/Connectors/ConnectionFactory.php(182): Illuminate\\Database\\Connectors\\MySqlConnector->connect()
#4 [internal function]: Illuminate\\Database\\Connectors\\ConnectionFactory->Illuminate\\Database\\Connectors\\{closure}()
#5 /home/raj/laravel/Team-Energy/vendor/laravel/framework/src/Illuminate/Database/Connection.php(920): call_user_func()
#6 /home/raj/laravel/Team-Energy/vendor/laravel/framework/src/Illuminate/Database/Connection.php(945): Illuminate\\Database\\Connection->getPdo()
#7 /home/raj/laravel/Team-Energy/vendor/laravel/framework/src/Illuminate/Database/Connection.php(400): Illuminate\\Database\\Connection->getReadPdo()
#8 /home/raj/laravel/Team-Energy/vendor/laravel/framework/src/Illuminate/Database/Connection.php(326): Illuminate\\Database\\Connection->getPdoForSelect()
#9 /home/raj/laravel/Team-Energy/vendor/laravel/framework/src/Illuminate/Database/Connection.php(658): Illuminate\\Database\\Connection->Illuminate\\Database\\{closure}()
#10 /home/raj/laravel/Team-Energy/vendor/laravel/framework/src/Illuminate/Database/Connection.php(625): Illuminate\\Database\\Connection->runQueryCallback()
#11 /home/raj/laravel/Team-Energy/vendor/laravel/framework/src/Illuminate/Database/Connection.php(334): Illuminate\\Database\\Connection->run()
#12 /home/raj/laravel/Team-Energy/vendor/laravel/framework/src/Illuminate/Database/Schema/MySqlBuilder.php(18): Illuminate\\Database\\Connection->select()
#13 /home/raj/laravel/Team-Energy/vendor/laravel/framework/src/Illuminate/Database/Migrations/DatabaseMigrationRepository.php(169): Illuminate\\Database\\Schema\\MySqlBuilder->hasTable()
#14 /home/raj/laravel/Team-Energy/vendor/laravel/framework/src/Illuminate/Database/Migrations/Migrator.php(585): Illuminate\\Database\\Migrations\\DatabaseMigrationRepository->repositoryExists()
#15 /home/raj/laravel/Team-Energy/vendor/laravel/framework/src/Illuminate/Database/Console/Migrations/MigrateCommand.php(91): Illuminate\\Database\\Migrations\\Migrator->repositoryExists()
#16 /home/raj/laravel/Team-Energy/vendor/laravel/framework/src/Illuminate/Database/Console/Migrations/MigrateCommand.php(63): Illuminate\\Database\\Console\\Migrations\\MigrateCommand->prepareDatabase()
#17 [internal function]: Illuminate\\Database\\Console\\Migrations\\MigrateCommand->handle()
#18 /home/raj/laravel/Team-Energy/vendor/laravel/framework/src/Illuminate/Container/BoundMethod.php(32): call_user_func_array()
#19 /home/raj/laravel/Team-Energy/vendor/laravel/framework/src/Illuminate/Support/helpers.php(522): Illuminate\\Container\\BoundMethod::Illuminate\\Container\\{closure}()
#20 /home/raj/laravel/Team-Energy/vendor/laravel/framework/src/Illuminate/Container/BoundMethod.php(90): value()
#21 /home/raj/laravel/Team-Energy/vendor/laravel/framework/src/Illuminate/Container/BoundMethod.php(34): Illuminate\\Container\\BoundMethod::callBoundMethod()
#22 /home/raj/laravel/Team-Energy/vendor/laravel/framework/src/Illuminate/Container/Container.php(591): Illuminate\\Container\\BoundMethod::call()
#23 /home/raj/laravel/Team-Energy/vendor/laravel/framework/src/Illuminate/Console/Command.php(202): Illuminate\\Container\\Container->call()
#24 /home/raj/laravel/Team-Energy/vendor/symfony/console/Command/Command.php(255): Illuminate\\Console\\Command->execute()
#25 /home/raj/laravel/Team-Energy/vendor/laravel/framework/src/Illuminate/Console/Command.php(189): Symfony\\Component\\Console\\Command\\Command->run()
#26 /home/raj/laravel/Team-Energy/vendor/symfony/console/Application.php(1000): Illuminate\\Console\\Command->run()
#27 /home/raj/laravel/Team-Energy/vendor/symfony/console/Application.php(271): Symfony\\Component\\Console\\Application->doRunCommand()
#28 /home/raj/laravel/Team-Energy/vendor/symfony/console/Application.php(147): Symfony\\Component\\Console\\Application->doRun()
#29 /home/raj/laravel/Team-Energy/vendor/laravel/framework/src/Illuminate/Console/Application.php(90): Symfony\\Component\\Console\\Application->run()
#30 /home/raj/laravel/Team-Energy/vendor/laravel/framework/src/Illuminate/Foundation/Console/Kernel.php(131): Illuminate\\Console\\Application->run()
#31 /home/raj/laravel/Team-Energy/artisan(37): Illuminate\\Foundation\\Console\\Kernel->handle()
#32 {main}
"} 
[2020-07-25 11:43:30] local.ERROR: SQLSTATE[23000]: Integrity constraint violation: 1062 Duplicate entry '1' for key 'PRIMARY' (SQL: insert into `questions` (`tid`, `kat_id`, `these1`, `these2`) values (1, 1, Ich habe meinen privaten Bereich weitgehend durchdacht und geordnet. Um mich richtig wohl zu fühlen brauche ich ein gewisses Maß an Berechenbarkeit und Sicherheit., Im privaten Bereich bin ich eher spontan und flexibel. Mein Privatbereich soll Aufregendes und Überraschungen bieten.)) {"exception":"[object] (Illuminate\\Database\\QueryException(code: 23000): SQLSTATE[23000]: Integrity constraint violation: 1062 Duplicate entry '1' for key 'PRIMARY' (SQL: insert into `questions` (`tid`, `kat_id`, `these1`, `these2`) values (1, 1, Ich habe meinen privaten Bereich weitgehend durchdacht und geordnet. Um mich richtig wohl zu fühlen brauche ich ein gewisses Maß an Berechenbarkeit und Sicherheit., Im privaten Bereich bin ich eher spontan und flexibel. Mein Privatbereich soll Aufregendes und Überraschungen bieten.)) at /home/raj/laravel/Team-Energy/vendor/laravel/framework/src/Illuminate/Database/Connection.php:665)
[stacktrace]
#0 /home/raj/laravel/Team-Energy/vendor/laravel/framework/src/Illuminate/Database/Connection.php(625): Illuminate\\Database\\Connection->runQueryCallback()
#1 /home/raj/laravel/Team-Energy/vendor/laravel/framework/src/Illuminate/Database/Connection.php(460): Illuminate\\Database\\Connection->run()
#2 /home/raj/laravel/Team-Energy/vendor/laravel/framework/src/Illuminate/Database/Connection.php(412): Illuminate\\Database\\Connection->statement()
#3 /home/raj/laravel/Team-Energy/vendor/laravel/framework/src/Illuminate/Database/Query/Builder.php(2614): Illuminate\\Database\\Connection->insert()
#4 /home/raj/laravel/Team-Energy/database/seeds/QuestionsTableSeeder.php(17): Illuminate\\Database\\Query\\Builder->insert()
#5 [internal function]: QuestionsTableSeeder->run()
#6 /home/raj/laravel/Team-Energy/vendor/laravel/framework/src/Illuminate/Container/BoundMethod.php(32): call_user_func_array()
#7 /home/raj/laravel/Team-Energy/vendor/laravel/framework/src/Illuminate/Support/helpers.php(522): Illuminate\\Container\\BoundMethod::Illuminate\\Container\\{closure}()
#8 /home/raj/laravel/Team-Energy/vendor/laravel/framework/src/Illuminate/Container/BoundMethod.php(90): value()
#9 /home/raj/laravel/Team-Energy/vendor/laravel/framework/src/Illuminate/Container/BoundMethod.php(34): Illuminate\\Container\\BoundMethod::callBoundMethod()
#10 /home/raj/laravel/Team-Energy/vendor/laravel/framework/src/Illuminate/Container/Container.php(591): Illuminate\\Container\\BoundMethod::call()
#11 /home/raj/laravel/Team-Energy/vendor/laravel/framework/src/Illuminate/Database/Seeder.php(124): Illuminate\\Container\\Container->call()
#12 /home/raj/laravel/Team-Energy/vendor/laravel/framework/src/Illuminate/Database/Seeder.php(44): Illuminate\\Database\\Seeder->__invoke()
#13 /home/raj/laravel/Team-Energy/database/seeds/DatabaseSeeder.php(15): Illuminate\\Database\\Seeder->call()
#14 [internal function]: DatabaseSeeder->run()
#15 /home/raj/laravel/Team-Energy/vendor/laravel/framework/src/Illuminate/Container/BoundMethod.php(32): call_user_func_array()
#16 /home/raj/laravel/Team-Energy/vendor/laravel/framework/src/Illuminate/Support/helpers.php(522): Illuminate\\Container\\BoundMethod::Illuminate\\Container\\{closure}()
#17 /home/raj/laravel/Team-Energy/vendor/laravel/framework/src/Illuminate/Container/BoundMethod.php(90): value()
#18 /home/raj/laravel/Team-Energy/vendor/laravel/framework/src/Illuminate/Container/BoundMethod.php(34): Illuminate\\Container\\BoundMethod::callBoundMethod()
#19 /home/raj/laravel/Team-Energy/vendor/laravel/framework/src/Illuminate/Container/Container.php(591): Illuminate\\Container\\BoundMethod::call()
#20 /home/raj/laravel/Team-Energy/vendor/laravel/framework/src/Illuminate/Database/Seeder.php(124): Illuminate\\Container\\Container->call()
#21 /home/raj/laravel/Team-Energy/vendor/laravel/framework/src/Illuminate/Database/Console/Seeds/SeedCommand.php(63): Illuminate\\Database\\Seeder->__invoke()
#22 /home/raj/laravel/Team-Energy/vendor/laravel/framework/src/Illuminate/Database/Eloquent/Concerns/GuardsAttributes.php(122): Illuminate\\Database\\Console\\Seeds\\SeedCommand->Illuminate\\Database\\Console\\Seeds\\{closure}()
#23 /home/raj/laravel/Team-Energy/vendor/laravel/framework/src/Illuminate/Database/Console/Seeds/SeedCommand.php(64): Illuminate\\Database\\Eloquent\\Model::unguarded()
#24 [internal function]: Illuminate\\Database\\Console\\Seeds\\SeedCommand->handle()
#25 /home/raj/laravel/Team-Energy/vendor/laravel/framework/src/Illuminate/Container/BoundMethod.php(32): call_user_func_array()
#26 /home/raj/laravel/Team-Energy/vendor/laravel/framework/src/Illuminate/Support/helpers.php(522): Illuminate\\Container\\BoundMethod::Illuminate\\Container\\{closure}()
#27 /home/raj/laravel/Team-Energy/vendor/laravel/framework/src/Illuminate/Container/BoundMethod.php(90): value()
#28 /home/raj/laravel/Team-Energy/vendor/laravel/framework/src/Illuminate/Container/BoundMethod.php(34): Illuminate\\Container\\BoundMethod::callBoundMethod()
#29 /home/raj/laravel/Team-Energy/vendor/laravel/framework/src/Illuminate/Container/Container.php(591): Illuminate\\Container\\BoundMethod::call()
#30 /home/raj/laravel/Team-Energy/vendor/laravel/framework/src/Illuminate/Console/Command.php(202): Illuminate\\Container\\Container->call()
#31 /home/raj/laravel/Team-Energy/vendor/symfony/console/Command/Command.php(255): Illuminate\\Console\\Command->execute()
#32 /home/raj/laravel/Team-Energy/vendor/laravel/framework/src/Illuminate/Console/Command.php(189): Symfony\\Component\\Console\\Command\\Command->run()
#33 /home/raj/laravel/Team-Energy/vendor/laravel/framework/src/Illuminate/Console/Command.php(242): Illuminate\\Console\\Command->run()
#34 /home/raj/laravel/Team-Energy/vendor/laravel/framework/src/Illuminate/Console/Command.php(214): Illuminate\\Console\\Command->runCommand()
#35 /home/raj/laravel/Team-Energy/vendor/laravel/framework/src/Illuminate/Database/Console/Migrations/MigrateCommand.php(78): Illuminate\\Console\\Command->call()
#36 [internal function]: Illuminate\\Database\\Console\\Migrations\\MigrateCommand->handle()
#37 /home/raj/laravel/Team-Energy/vendor/laravel/framework/src/Illuminate/Container/BoundMethod.php(32): call_user_func_array()
#38 /home/raj/laravel/Team-Energy/vendor/laravel/framework/src/Illuminate/Support/helpers.php(522): Illuminate\\Container\\BoundMethod::Illuminate\\Container\\{closure}()
#39 /home/raj/laravel/Team-Energy/vendor/laravel/framework/src/Illuminate/Container/BoundMethod.php(90): value()
#40 /home/raj/laravel/Team-Energy/vendor/laravel/framework/src/Illuminate/Container/BoundMethod.php(34): Illuminate\\Container\\BoundMethod::callBoundMethod()
#41 /home/raj/laravel/Team-Energy/vendor/laravel/framework/src/Illuminate/Container/Container.php(591): Illuminate\\Container\\BoundMethod::call()
#42 /home/raj/laravel/Team-Energy/vendor/laravel/framework/src/Illuminate/Console/Command.php(202): Illuminate\\Container\\Container->call()
#43 /home/raj/laravel/Team-Energy/vendor/symfony/console/Command/Command.php(255): Illuminate\\Console\\Command->execute()
#44 /home/raj/laravel/Team-Energy/vendor/laravel/framework/src/Illuminate/Console/Command.php(189): Symfony\\Component\\Console\\Command\\Command->run()
#45 /home/raj/laravel/Team-Energy/vendor/symfony/console/Application.php(1000): Illuminate\\Console\\Command->run()
#46 /home/raj/laravel/Team-Energy/vendor/symfony/console/Application.php(271): Symfony\\Component\\Console\\Application->doRunCommand()
#47 /home/raj/laravel/Team-Energy/vendor/symfony/console/Application.php(147): Symfony\\Component\\Console\\Application->doRun()
#48 /home/raj/laravel/Team-Energy/vendor/laravel/framework/src/Illuminate/Console/Application.php(90): Symfony\\Component\\Console\\Application->run()
#49 /home/raj/laravel/Team-Energy/vendor/laravel/framework/src/Illuminate/Foundation/Console/Kernel.php(131): Illuminate\\Console\\Application->run()
#50 /home/raj/laravel/Team-Energy/artisan(37): Illuminate\\Foundation\\Console\\Kernel->handle()
#51 {main}

[previous exception] [object] (PDOException(code: 23000): SQLSTATE[23000]: Integrity constraint violation: 1062 Duplicate entry '1' for key 'PRIMARY' at /home/raj/laravel/Team-Energy/vendor/laravel/framework/src/Illuminate/Database/Connection.php:459)
[stacktrace]
#0 /home/raj/laravel/Team-Energy/vendor/laravel/framework/src/Illuminate/Database/Connection.php(459): PDOStatement->execute()
#1 /home/raj/laravel/Team-Energy/vendor/laravel/framework/src/Illuminate/Database/Connection.php(658): Illuminate\\Database\\Connection->Illuminate\\Database\\{closure}()
#2 /home/raj/laravel/Team-Energy/vendor/laravel/framework/src/Illuminate/Database/Connection.php(625): Illuminate\\Database\\Connection->runQueryCallback()
#3 /home/raj/laravel/Team-Energy/vendor/laravel/framework/src/Illuminate/Database/Connection.php(460): Illuminate\\Database\\Connection->run()
#4 /home/raj/laravel/Team-Energy/vendor/laravel/framework/src/Illuminate/Database/Connection.php(412): Illuminate\\Database\\Connection->statement()
#5 /home/raj/laravel/Team-Energy/vendor/laravel/framework/src/Illuminate/Database/Query/Builder.php(2614): Illuminate\\Database\\Connection->insert()
#6 /home/raj/laravel/Team-Energy/database/seeds/QuestionsTableSeeder.php(17): Illuminate\\Database\\Query\\Builder->insert()
#7 [internal function]: QuestionsTableSeeder->run()
#8 /home/raj/laravel/Team-Energy/vendor/laravel/framework/src/Illuminate/Container/BoundMethod.php(32): call_user_func_array()
#9 /home/raj/laravel/Team-Energy/vendor/laravel/framework/src/Illuminate/Support/helpers.php(522): Illuminate\\Container\\BoundMethod::Illuminate\\Container\\{closure}()
#10 /home/raj/laravel/Team-Energy/vendor/laravel/framework/src/Illuminate/Container/BoundMethod.php(90): value()
#11 /home/raj/laravel/Team-Energy/vendor/laravel/framework/src/Illuminate/Container/BoundMethod.php(34): Illuminate\\Container\\BoundMethod::callBoundMethod()
#12 /home/raj/laravel/Team-Energy/vendor/laravel/framework/src/Illuminate/Container/Container.php(591): Illuminate\\Container\\BoundMethod::call()
#13 /home/raj/laravel/Team-Energy/vendor/laravel/framework/src/Illuminate/Database/Seeder.php(124): Illuminate\\Container\\Container->call()
#14 /home/raj/laravel/Team-Energy/vendor/laravel/framework/src/Illuminate/Database/Seeder.php(44): Illuminate\\Database\\Seeder->__invoke()
#15 /home/raj/laravel/Team-Energy/database/seeds/DatabaseSeeder.php(15): Illuminate\\Database\\Seeder->call()
#16 [internal function]: DatabaseSeeder->run()
#17 /home/raj/laravel/Team-Energy/vendor/laravel/framework/src/Illuminate/Container/BoundMethod.php(32): call_user_func_array()
#18 /home/raj/laravel/Team-Energy/vendor/laravel/framework/src/Illuminate/Support/helpers.php(522): Illuminate\\Container\\BoundMethod::Illuminate\\Container\\{closure}()
#19 /home/raj/laravel/Team-Energy/vendor/laravel/framework/src/Illuminate/Container/BoundMethod.php(90): value()
#20 /home/raj/laravel/Team-Energy/vendor/laravel/framework/src/Illuminate/Container/BoundMethod.php(34): Illuminate\\Container\\BoundMethod::callBoundMethod()
#21 /home/raj/laravel/Team-Energy/vendor/laravel/framework/src/Illuminate/Container/Container.php(591): Illuminate\\Container\\BoundMethod::call()
#22 /home/raj/laravel/Team-Energy/vendor/laravel/framework/src/Illuminate/Database/Seeder.php(124): Illuminate\\Container\\Container->call()
#23 /home/raj/laravel/Team-Energy/vendor/laravel/framework/src/Illuminate/Database/Console/Seeds/SeedCommand.php(63): Illuminate\\Database\\Seeder->__invoke()
#24 /home/raj/laravel/Team-Energy/vendor/laravel/framework/src/Illuminate/Database/Eloquent/Concerns/GuardsAttributes.php(122): Illuminate\\Database\\Console\\Seeds\\SeedCommand->Illuminate\\Database\\Console\\Seeds\\{closure}()
#25 /home/raj/laravel/Team-Energy/vendor/laravel/framework/src/Illuminate/Database/Console/Seeds/SeedCommand.php(64): Illuminate\\Database\\Eloquent\\Model::unguarded()
#26 [internal function]: Illuminate\\Database\\Console\\Seeds\\SeedCommand->handle()
#27 /home/raj/laravel/Team-Energy/vendor/laravel/framework/src/Illuminate/Container/BoundMethod.php(32): call_user_func_array()
#28 /home/raj/laravel/Team-Energy/vendor/laravel/framework/src/Illuminate/Support/helpers.php(522): Illuminate\\Container\\BoundMethod::Illuminate\\Container\\{closure}()
#29 /home/raj/laravel/Team-Energy/vendor/laravel/framework/src/Illuminate/Container/BoundMethod.php(90): value()
#30 /home/raj/laravel/Team-Energy/vendor/laravel/framework/src/Illuminate/Container/BoundMethod.php(34): Illuminate\\Container\\BoundMethod::callBoundMethod()
#31 /home/raj/laravel/Team-Energy/vendor/laravel/framework/src/Illuminate/Container/Container.php(591): Illuminate\\Container\\BoundMethod::call()
#32 /home/raj/laravel/Team-Energy/vendor/laravel/framework/src/Illuminate/Console/Command.php(202): Illuminate\\Container\\Container->call()
#33 /home/raj/laravel/Team-Energy/vendor/symfony/console/Command/Command.php(255): Illuminate\\Console\\Command->execute()
#34 /home/raj/laravel/Team-Energy/vendor/laravel/framework/src/Illuminate/Console/Command.php(189): Symfony\\Component\\Console\\Command\\Command->run()
#35 /home/raj/laravel/Team-Energy/vendor/laravel/framework/src/Illuminate/Console/Command.php(242): Illuminate\\Console\\Command->run()
#36 /home/raj/laravel/Team-Energy/vendor/laravel/framework/src/Illuminate/Console/Command.php(214): Illuminate\\Console\\Command->runCommand()
#37 /home/raj/laravel/Team-Energy/vendor/laravel/framework/src/Illuminate/Database/Console/Migrations/MigrateCommand.php(78): Illuminate\\Console\\Command->call()
#38 [internal function]: Illuminate\\Database\\Console\\Migrations\\MigrateCommand->handle()
#39 /home/raj/laravel/Team-Energy/vendor/laravel/framework/src/Illuminate/Container/BoundMethod.php(32): call_user_func_array()
#40 /home/raj/laravel/Team-Energy/vendor/laravel/framework/src/Illuminate/Support/helpers.php(522): Illuminate\\Container\\BoundMethod::Illuminate\\Container\\{closure}()
#41 /home/raj/laravel/Team-Energy/vendor/laravel/framework/src/Illuminate/Container/BoundMethod.php(90): value()
#42 /home/raj/laravel/Team-Energy/vendor/laravel/framework/src/Illuminate/Container/BoundMethod.php(34): Illuminate\\Container\\BoundMethod::callBoundMethod()
#43 /home/raj/laravel/Team-Energy/vendor/laravel/framework/src/Illuminate/Container/Container.php(591): Illuminate\\Container\\BoundMethod::call()
#44 /home/raj/laravel/Team-Energy/vendor/laravel/framework/src/Illuminate/Console/Command.php(202): Illuminate\\Container\\Container->call()
#45 /home/raj/laravel/Team-Energy/vendor/symfony/console/Command/Command.php(255): Illuminate\\Console\\Command->execute()
#46 /home/raj/laravel/Team-Energy/vendor/laravel/framework/src/Illuminate/Console/Command.php(189): Symfony\\Component\\Console\\Command\\Command->run()
#47 /home/raj/laravel/Team-Energy/vendor/symfony/console/Application.php(1000): Illuminate\\Console\\Command->run()
#48 /home/raj/laravel/Team-Energy/vendor/symfony/console/Application.php(271): Symfony\\Component\\Console\\Application->doRunCommand()
#49 /home/raj/laravel/Team-Energy/vendor/symfony/console/Application.php(147): Symfony\\Component\\Console\\Application->doRun()
#50 /home/raj/laravel/Team-Energy/vendor/laravel/framework/src/Illuminate/Console/Application.php(90): Symfony\\Component\\Console\\Application->run()
#51 /home/raj/laravel/Team-Energy/vendor/laravel/framework/src/Illuminate/Foundation/Console/Kernel.php(131): Illuminate\\Console\\Application->run()
#52 /home/raj/laravel/Team-Energy/artisan(37): Illuminate\\Foundation\\Console\\Kernel->handle()
#53 {main}
"} 
