[2020-07-01 14:50:10] local.ERROR: The "-m" option does not exist. {"exception":"[object] (Symfony\\Component\\Console\\Exception\\RuntimeException(code: 0): The \"-m\" option does not exist. at /home/reddevil/laravel/Team-Energy/vendor/symfony/console/Input/ArgvInput.php:189)
[stacktrace]
#0 /home/reddevil/laravel/Team-Energy/vendor/symfony/console/Input/ArgvInput.php(105): Symfony\\Component\\Console\\Input\\ArgvInput->addShortOption()
#1 /home/reddevil/laravel/Team-Energy/vendor/symfony/console/Input/ArgvInput.php(83): Symfony\\Component\\Console\\Input\\ArgvInput->parseShortOption()
#2 /home/reddevil/laravel/Team-Energy/vendor/symfony/console/Input/Input.php(55): Symfony\\Component\\Console\\Input\\ArgvInput->parse()
#3 /home/reddevil/laravel/Team-Energy/vendor/symfony/console/Command/Command.php(214): Symfony\\Component\\Console\\Input\\Input->bind()
#4 /home/reddevil/laravel/Team-Energy/vendor/laravel/framework/src/Illuminate/Console/Command.php(189): Symfony\\Component\\Console\\Command\\Command->run()
#5 /home/reddevil/laravel/Team-Energy/vendor/symfony/console/Application.php(1001): Illuminate\\Console\\Command->run()
#6 /home/reddevil/laravel/Team-Energy/vendor/symfony/console/Application.php(271): Symfony\\Component\\Console\\Application->doRunCommand()
#7 /home/reddevil/laravel/Team-Energy/vendor/symfony/console/Application.php(147): Symfony\\Component\\Console\\Application->doRun()
#8 /home/reddevil/laravel/Team-Energy/vendor/laravel/framework/src/Illuminate/Console/Application.php(90): Symfony\\Component\\Console\\Application->run()
#9 /home/reddevil/laravel/Team-Energy/vendor/laravel/framework/src/Illuminate/Foundation/Console/Kernel.php(131): Illuminate\\Console\\Application->run()
#10 /home/reddevil/laravel/Team-Energy/artisan(37): Illuminate\\Foundation\\Console\\Kernel->handle()
#11 {main}
"} 
[2020-07-01 15:30:12] local.ERROR: SQLSTATE[42S22]: Column not found: 1054 Unknown column 'tid' in 'field list' (SQL: insert into `tests` (`id`, `tid`, `ja`, `0`, `eherja`, `1`, `subkat`) values (1, 1, -0, 1, -0.2, 0.2, Sicherheit)) {"exception":"[object] (Illuminate\\Database\\QueryException(code: 42S22): SQLSTATE[42S22]: Column not found: 1054 Unknown column 'tid' in 'field list' (SQL: insert into `tests` (`id`, `tid`, `ja`, `0`, `eherja`, `1`, `subkat`) values (1, 1, -0, 1, -0.2, 0.2, Sicherheit)) at /home/reddevil/laravel/Team-Energy/vendor/laravel/framework/src/Illuminate/Database/Connection.php:665)
[stacktrace]
#0 /home/reddevil/laravel/Team-Energy/vendor/laravel/framework/src/Illuminate/Database/Connection.php(625): Illuminate\\Database\\Connection->runQueryCallback()
#1 /home/reddevil/laravel/Team-Energy/vendor/laravel/framework/src/Illuminate/Database/Connection.php(460): Illuminate\\Database\\Connection->run()
#2 /home/reddevil/laravel/Team-Energy/vendor/laravel/framework/src/Illuminate/Database/Connection.php(412): Illuminate\\Database\\Connection->statement()
#3 /home/reddevil/laravel/Team-Energy/vendor/laravel/framework/src/Illuminate/Database/Query/Builder.php(2614): Illuminate\\Database\\Connection->insert()
#4 /home/reddevil/laravel/Team-Energy/database/seeds/TestSeeder.php(15): Illuminate\\Database\\Query\\Builder->insert()
#5 [internal function]: TestSeeder->run()
#6 /home/reddevil/laravel/Team-Energy/vendor/laravel/framework/src/Illuminate/Container/BoundMethod.php(32): call_user_func_array()
#7 /home/reddevil/laravel/Team-Energy/vendor/laravel/framework/src/Illuminate/Support/helpers.php(522): Illuminate\\Container\\BoundMethod::Illuminate\\Container\\{closure}()
#8 /home/reddevil/laravel/Team-Energy/vendor/laravel/framework/src/Illuminate/Container/BoundMethod.php(90): value()
#9 /home/reddevil/laravel/Team-Energy/vendor/laravel/framework/src/Illuminate/Container/BoundMethod.php(34): Illuminate\\Container\\BoundMethod::callBoundMethod()
#10 /home/reddevil/laravel/Team-Energy/vendor/laravel/framework/src/Illuminate/Container/Container.php(591): Illuminate\\Container\\BoundMethod::call()
#11 /home/reddevil/laravel/Team-Energy/vendor/laravel/framework/src/Illuminate/Database/Seeder.php(124): Illuminate\\Container\\Container->call()
#12 /home/reddevil/laravel/Team-Energy/vendor/laravel/framework/src/Illuminate/Database/Seeder.php(44): Illuminate\\Database\\Seeder->__invoke()
#13 /home/reddevil/laravel/Team-Energy/database/seeds/DatabaseSeeder.php(18): Illuminate\\Database\\Seeder->call()
#14 [internal function]: DatabaseSeeder->run()
#15 /home/reddevil/laravel/Team-Energy/vendor/laravel/framework/src/Illuminate/Container/BoundMethod.php(32): call_user_func_array()
#16 /home/reddevil/laravel/Team-Energy/vendor/laravel/framework/src/Illuminate/Support/helpers.php(522): Illuminate\\Container\\BoundMethod::Illuminate\\Container\\{closure}()
#17 /home/reddevil/laravel/Team-Energy/vendor/laravel/framework/src/Illuminate/Container/BoundMethod.php(90): value()
#18 /home/reddevil/laravel/Team-Energy/vendor/laravel/framework/src/Illuminate/Container/BoundMethod.php(34): Illuminate\\Container\\BoundMethod::callBoundMethod()
#19 /home/reddevil/laravel/Team-Energy/vendor/laravel/framework/src/Illuminate/Container/Container.php(591): Illuminate\\Container\\BoundMethod::call()
#20 /home/reddevil/laravel/Team-Energy/vendor/laravel/framework/src/Illuminate/Database/Seeder.php(124): Illuminate\\Container\\Container->call()
#21 /home/reddevil/laravel/Team-Energy/vendor/laravel/framework/src/Illuminate/Database/Console/Seeds/SeedCommand.php(63): Illuminate\\Database\\Seeder->__invoke()
#22 /home/reddevil/laravel/Team-Energy/vendor/laravel/framework/src/Illuminate/Database/Eloquent/Concerns/GuardsAttributes.php(122): Illuminate\\Database\\Console\\Seeds\\SeedCommand->Illuminate\\Database\\Console\\Seeds\\{closure}()
#23 /home/reddevil/laravel/Team-Energy/vendor/laravel/framework/src/Illuminate/Database/Console/Seeds/SeedCommand.php(64): Illuminate\\Database\\Eloquent\\Model::unguarded()
#24 [internal function]: Illuminate\\Database\\Console\\Seeds\\SeedCommand->handle()
#25 /home/reddevil/laravel/Team-Energy/vendor/laravel/framework/src/Illuminate/Container/BoundMethod.php(32): call_user_func_array()
#26 /home/reddevil/laravel/Team-Energy/vendor/laravel/framework/src/Illuminate/Support/helpers.php(522): Illuminate\\Container\\BoundMethod::Illuminate\\Container\\{closure}()
#27 /home/reddevil/laravel/Team-Energy/vendor/laravel/framework/src/Illuminate/Container/BoundMethod.php(90): value()
#28 /home/reddevil/laravel/Team-Energy/vendor/laravel/framework/src/Illuminate/Container/BoundMethod.php(34): Illuminate\\Container\\BoundMethod::callBoundMethod()
#29 /home/reddevil/laravel/Team-Energy/vendor/laravel/framework/src/Illuminate/Container/Container.php(591): Illuminate\\Container\\BoundMethod::call()
#30 /home/reddevil/laravel/Team-Energy/vendor/laravel/framework/src/Illuminate/Console/Command.php(202): Illuminate\\Container\\Container->call()
#31 /home/reddevil/laravel/Team-Energy/vendor/symfony/console/Command/Command.php(255): Illuminate\\Console\\Command->execute()
#32 /home/reddevil/laravel/Team-Energy/vendor/laravel/framework/src/Illuminate/Console/Command.php(189): Symfony\\Component\\Console\\Command\\Command->run()
#33 /home/reddevil/laravel/Team-Energy/vendor/laravel/framework/src/Illuminate/Console/Command.php(242): Illuminate\\Console\\Command->run()
#34 /home/reddevil/laravel/Team-Energy/vendor/laravel/framework/src/Illuminate/Console/Command.php(214): Illuminate\\Console\\Command->runCommand()
#35 /home/reddevil/laravel/Team-Energy/vendor/laravel/framework/src/Illuminate/Database/Console/Migrations/RefreshCommand.php(126): Illuminate\\Console\\Command->call()
#36 /home/reddevil/laravel/Team-Energy/vendor/laravel/framework/src/Illuminate/Database/Console/Migrations/RefreshCommand.php(67): Illuminate\\Database\\Console\\Migrations\\RefreshCommand->runSeeder()
#37 [internal function]: Illuminate\\Database\\Console\\Migrations\\RefreshCommand->handle()
#38 /home/reddevil/laravel/Team-Energy/vendor/laravel/framework/src/Illuminate/Container/BoundMethod.php(32): call_user_func_array()
#39 /home/reddevil/laravel/Team-Energy/vendor/laravel/framework/src/Illuminate/Support/helpers.php(522): Illuminate\\Container\\BoundMethod::Illuminate\\Container\\{closure}()
#40 /home/reddevil/laravel/Team-Energy/vendor/laravel/framework/src/Illuminate/Container/BoundMethod.php(90): value()
#41 /home/reddevil/laravel/Team-Energy/vendor/laravel/framework/src/Illuminate/Container/BoundMethod.php(34): Illuminate\\Container\\BoundMethod::callBoundMethod()
#42 /home/reddevil/laravel/Team-Energy/vendor/laravel/framework/src/Illuminate/Container/Container.php(591): Illuminate\\Container\\BoundMethod::call()
#43 /home/reddevil/laravel/Team-Energy/vendor/laravel/framework/src/Illuminate/Console/Command.php(202): Illuminate\\Container\\Container->call()
#44 /home/reddevil/laravel/Team-Energy/vendor/symfony/console/Command/Command.php(255): Illuminate\\Console\\Command->execute()
#45 /home/reddevil/laravel/Team-Energy/vendor/laravel/framework/src/Illuminate/Console/Command.php(189): Symfony\\Component\\Console\\Command\\Command->run()
#46 /home/reddevil/laravel/Team-Energy/vendor/symfony/console/Application.php(1001): Illuminate\\Console\\Command->run()
#47 /home/reddevil/laravel/Team-Energy/vendor/symfony/console/Application.php(271): Symfony\\Component\\Console\\Application->doRunCommand()
#48 /home/reddevil/laravel/Team-Energy/vendor/symfony/console/Application.php(147): Symfony\\Component\\Console\\Application->doRun()
#49 /home/reddevil/laravel/Team-Energy/vendor/laravel/framework/src/Illuminate/Console/Application.php(90): Symfony\\Component\\Console\\Application->run()
#50 /home/reddevil/laravel/Team-Energy/vendor/laravel/framework/src/Illuminate/Foundation/Console/Kernel.php(131): Illuminate\\Console\\Application->run()
#51 /home/reddevil/laravel/Team-Energy/artisan(37): Illuminate\\Foundation\\Console\\Kernel->handle()
#52 {main}

[previous exception] [object] (PDOException(code: 42S22): SQLSTATE[42S22]: Column not found: 1054 Unknown column 'tid' in 'field list' at /home/reddevil/laravel/Team-Energy/vendor/laravel/framework/src/Illuminate/Database/Connection.php:453)
[stacktrace]
#0 /home/reddevil/laravel/Team-Energy/vendor/laravel/framework/src/Illuminate/Database/Connection.php(453): PDO->prepare()
#1 /home/reddevil/laravel/Team-Energy/vendor/laravel/framework/src/Illuminate/Database/Connection.php(658): Illuminate\\Database\\Connection->Illuminate\\Database\\{closure}()
#2 /home/reddevil/laravel/Team-Energy/vendor/laravel/framework/src/Illuminate/Database/Connection.php(625): Illuminate\\Database\\Connection->runQueryCallback()
#3 /home/reddevil/laravel/Team-Energy/vendor/laravel/framework/src/Illuminate/Database/Connection.php(460): Illuminate\\Database\\Connection->run()
#4 /home/reddevil/laravel/Team-Energy/vendor/laravel/framework/src/Illuminate/Database/Connection.php(412): Illuminate\\Database\\Connection->statement()
#5 /home/reddevil/laravel/Team-Energy/vendor/laravel/framework/src/Illuminate/Database/Query/Builder.php(2614): Illuminate\\Database\\Connection->insert()
#6 /home/reddevil/laravel/Team-Energy/database/seeds/TestSeeder.php(15): Illuminate\\Database\\Query\\Builder->insert()
#7 [internal function]: TestSeeder->run()
#8 /home/reddevil/laravel/Team-Energy/vendor/laravel/framework/src/Illuminate/Container/BoundMethod.php(32): call_user_func_array()
#9 /home/reddevil/laravel/Team-Energy/vendor/laravel/framework/src/Illuminate/Support/helpers.php(522): Illuminate\\Container\\BoundMethod::Illuminate\\Container\\{closure}()
#10 /home/reddevil/laravel/Team-Energy/vendor/laravel/framework/src/Illuminate/Container/BoundMethod.php(90): value()
#11 /home/reddevil/laravel/Team-Energy/vendor/laravel/framework/src/Illuminate/Container/BoundMethod.php(34): Illuminate\\Container\\BoundMethod::callBoundMethod()
#12 /home/reddevil/laravel/Team-Energy/vendor/laravel/framework/src/Illuminate/Container/Container.php(591): Illuminate\\Container\\BoundMethod::call()
#13 /home/reddevil/laravel/Team-Energy/vendor/laravel/framework/src/Illuminate/Database/Seeder.php(124): Illuminate\\Container\\Container->call()
#14 /home/reddevil/laravel/Team-Energy/vendor/laravel/framework/src/Illuminate/Database/Seeder.php(44): Illuminate\\Database\\Seeder->__invoke()
#15 /home/reddevil/laravel/Team-Energy/database/seeds/DatabaseSeeder.php(18): Illuminate\\Database\\Seeder->call()
#16 [internal function]: DatabaseSeeder->run()
#17 /home/reddevil/laravel/Team-Energy/vendor/laravel/framework/src/Illuminate/Container/BoundMethod.php(32): call_user_func_array()
#18 /home/reddevil/laravel/Team-Energy/vendor/laravel/framework/src/Illuminate/Support/helpers.php(522): Illuminate\\Container\\BoundMethod::Illuminate\\Container\\{closure}()
#19 /home/reddevil/laravel/Team-Energy/vendor/laravel/framework/src/Illuminate/Container/BoundMethod.php(90): value()
#20 /home/reddevil/laravel/Team-Energy/vendor/laravel/framework/src/Illuminate/Container/BoundMethod.php(34): Illuminate\\Container\\BoundMethod::callBoundMethod()
#21 /home/reddevil/laravel/Team-Energy/vendor/laravel/framework/src/Illuminate/Container/Container.php(591): Illuminate\\Container\\BoundMethod::call()
#22 /home/reddevil/laravel/Team-Energy/vendor/laravel/framework/src/Illuminate/Database/Seeder.php(124): Illuminate\\Container\\Container->call()
#23 /home/reddevil/laravel/Team-Energy/vendor/laravel/framework/src/Illuminate/Database/Console/Seeds/SeedCommand.php(63): Illuminate\\Database\\Seeder->__invoke()
#24 /home/reddevil/laravel/Team-Energy/vendor/laravel/framework/src/Illuminate/Database/Eloquent/Concerns/GuardsAttributes.php(122): Illuminate\\Database\\Console\\Seeds\\SeedCommand->Illuminate\\Database\\Console\\Seeds\\{closure}()
#25 /home/reddevil/laravel/Team-Energy/vendor/laravel/framework/src/Illuminate/Database/Console/Seeds/SeedCommand.php(64): Illuminate\\Database\\Eloquent\\Model::unguarded()
#26 [internal function]: Illuminate\\Database\\Console\\Seeds\\SeedCommand->handle()
#27 /home/reddevil/laravel/Team-Energy/vendor/laravel/framework/src/Illuminate/Container/BoundMethod.php(32): call_user_func_array()
#28 /home/reddevil/laravel/Team-Energy/vendor/laravel/framework/src/Illuminate/Support/helpers.php(522): Illuminate\\Container\\BoundMethod::Illuminate\\Container\\{closure}()
#29 /home/reddevil/laravel/Team-Energy/vendor/laravel/framework/src/Illuminate/Container/BoundMethod.php(90): value()
#30 /home/reddevil/laravel/Team-Energy/vendor/laravel/framework/src/Illuminate/Container/BoundMethod.php(34): Illuminate\\Container\\BoundMethod::callBoundMethod()
#31 /home/reddevil/laravel/Team-Energy/vendor/laravel/framework/src/Illuminate/Container/Container.php(591): Illuminate\\Container\\BoundMethod::call()
#32 /home/reddevil/laravel/Team-Energy/vendor/laravel/framework/src/Illuminate/Console/Command.php(202): Illuminate\\Container\\Container->call()
#33 /home/reddevil/laravel/Team-Energy/vendor/symfony/console/Command/Command.php(255): Illuminate\\Console\\Command->execute()
#34 /home/reddevil/laravel/Team-Energy/vendor/laravel/framework/src/Illuminate/Console/Command.php(189): Symfony\\Component\\Console\\Command\\Command->run()
#35 /home/reddevil/laravel/Team-Energy/vendor/laravel/framework/src/Illuminate/Console/Command.php(242): Illuminate\\Console\\Command->run()
#36 /home/reddevil/laravel/Team-Energy/vendor/laravel/framework/src/Illuminate/Console/Command.php(214): Illuminate\\Console\\Command->runCommand()
#37 /home/reddevil/laravel/Team-Energy/vendor/laravel/framework/src/Illuminate/Database/Console/Migrations/RefreshCommand.php(126): Illuminate\\Console\\Command->call()
#38 /home/reddevil/laravel/Team-Energy/vendor/laravel/framework/src/Illuminate/Database/Console/Migrations/RefreshCommand.php(67): Illuminate\\Database\\Console\\Migrations\\RefreshCommand->runSeeder()
#39 [internal function]: Illuminate\\Database\\Console\\Migrations\\RefreshCommand->handle()
#40 /home/reddevil/laravel/Team-Energy/vendor/laravel/framework/src/Illuminate/Container/BoundMethod.php(32): call_user_func_array()
#41 /home/reddevil/laravel/Team-Energy/vendor/laravel/framework/src/Illuminate/Support/helpers.php(522): Illuminate\\Container\\BoundMethod::Illuminate\\Container\\{closure}()
#42 /home/reddevil/laravel/Team-Energy/vendor/laravel/framework/src/Illuminate/Container/BoundMethod.php(90): value()
#43 /home/reddevil/laravel/Team-Energy/vendor/laravel/framework/src/Illuminate/Container/BoundMethod.php(34): Illuminate\\Container\\BoundMethod::callBoundMethod()
#44 /home/reddevil/laravel/Team-Energy/vendor/laravel/framework/src/Illuminate/Container/Container.php(591): Illuminate\\Container\\BoundMethod::call()
#45 /home/reddevil/laravel/Team-Energy/vendor/laravel/framework/src/Illuminate/Console/Command.php(202): Illuminate\\Container\\Container->call()
#46 /home/reddevil/laravel/Team-Energy/vendor/symfony/console/Command/Command.php(255): Illuminate\\Console\\Command->execute()
#47 /home/reddevil/laravel/Team-Energy/vendor/laravel/framework/src/Illuminate/Console/Command.php(189): Symfony\\Component\\Console\\Command\\Command->run()
#48 /home/reddevil/laravel/Team-Energy/vendor/symfony/console/Application.php(1001): Illuminate\\Console\\Command->run()
#49 /home/reddevil/laravel/Team-Energy/vendor/symfony/console/Application.php(271): Symfony\\Component\\Console\\Application->doRunCommand()
#50 /home/reddevil/laravel/Team-Energy/vendor/symfony/console/Application.php(147): Symfony\\Component\\Console\\Application->doRun()
#51 /home/reddevil/laravel/Team-Energy/vendor/laravel/framework/src/Illuminate/Console/Application.php(90): Symfony\\Component\\Console\\Application->run()
#52 /home/reddevil/laravel/Team-Energy/vendor/laravel/framework/src/Illuminate/Foundation/Console/Kernel.php(131): Illuminate\\Console\\Application->run()
#53 /home/reddevil/laravel/Team-Energy/artisan(37): Illuminate\\Foundation\\Console\\Kernel->handle()
#54 {main}
"} 
[2020-07-01 15:30:43] local.ERROR: SQLSTATE[42S22]: Column not found: 1054 Unknown column '0' in 'field list' (SQL: insert into `tests` (`ja`, `0`, `eherja`, `1`, `subkat`) values (-0, 1, -0.2, 0.2, Sicherheit)) {"exception":"[object] (Illuminate\\Database\\QueryException(code: 42S22): SQLSTATE[42S22]: Column not found: 1054 Unknown column '0' in 'field list' (SQL: insert into `tests` (`ja`, `0`, `eherja`, `1`, `subkat`) values (-0, 1, -0.2, 0.2, Sicherheit)) at /home/reddevil/laravel/Team-Energy/vendor/laravel/framework/src/Illuminate/Database/Connection.php:665)
[stacktrace]
#0 /home/reddevil/laravel/Team-Energy/vendor/laravel/framework/src/Illuminate/Database/Connection.php(625): Illuminate\\Database\\Connection->runQueryCallback()
#1 /home/reddevil/laravel/Team-Energy/vendor/laravel/framework/src/Illuminate/Database/Connection.php(460): Illuminate\\Database\\Connection->run()
#2 /home/reddevil/laravel/Team-Energy/vendor/laravel/framework/src/Illuminate/Database/Connection.php(412): Illuminate\\Database\\Connection->statement()
#3 /home/reddevil/laravel/Team-Energy/vendor/laravel/framework/src/Illuminate/Database/Query/Builder.php(2614): Illuminate\\Database\\Connection->insert()
#4 /home/reddevil/laravel/Team-Energy/database/seeds/TestSeeder.php(15): Illuminate\\Database\\Query\\Builder->insert()
#5 [internal function]: TestSeeder->run()
#6 /home/reddevil/laravel/Team-Energy/vendor/laravel/framework/src/Illuminate/Container/BoundMethod.php(32): call_user_func_array()
#7 /home/reddevil/laravel/Team-Energy/vendor/laravel/framework/src/Illuminate/Support/helpers.php(522): Illuminate\\Container\\BoundMethod::Illuminate\\Container\\{closure}()
#8 /home/reddevil/laravel/Team-Energy/vendor/laravel/framework/src/Illuminate/Container/BoundMethod.php(90): value()
#9 /home/reddevil/laravel/Team-Energy/vendor/laravel/framework/src/Illuminate/Container/BoundMethod.php(34): Illuminate\\Container\\BoundMethod::callBoundMethod()
#10 /home/reddevil/laravel/Team-Energy/vendor/laravel/framework/src/Illuminate/Container/Container.php(591): Illuminate\\Container\\BoundMethod::call()
#11 /home/reddevil/laravel/Team-Energy/vendor/laravel/framework/src/Illuminate/Database/Seeder.php(124): Illuminate\\Container\\Container->call()
#12 /home/reddevil/laravel/Team-Energy/vendor/laravel/framework/src/Illuminate/Database/Seeder.php(44): Illuminate\\Database\\Seeder->__invoke()
#13 /home/reddevil/laravel/Team-Energy/database/seeds/DatabaseSeeder.php(18): Illuminate\\Database\\Seeder->call()
#14 [internal function]: DatabaseSeeder->run()
#15 /home/reddevil/laravel/Team-Energy/vendor/laravel/framework/src/Illuminate/Container/BoundMethod.php(32): call_user_func_array()
#16 /home/reddevil/laravel/Team-Energy/vendor/laravel/framework/src/Illuminate/Support/helpers.php(522): Illuminate\\Container\\BoundMethod::Illuminate\\Container\\{closure}()
#17 /home/reddevil/laravel/Team-Energy/vendor/laravel/framework/src/Illuminate/Container/BoundMethod.php(90): value()
#18 /home/reddevil/laravel/Team-Energy/vendor/laravel/framework/src/Illuminate/Container/BoundMethod.php(34): Illuminate\\Container\\BoundMethod::callBoundMethod()
#19 /home/reddevil/laravel/Team-Energy/vendor/laravel/framework/src/Illuminate/Container/Container.php(591): Illuminate\\Container\\BoundMethod::call()
#20 /home/reddevil/laravel/Team-Energy/vendor/laravel/framework/src/Illuminate/Database/Seeder.php(124): Illuminate\\Container\\Container->call()
#21 /home/reddevil/laravel/Team-Energy/vendor/laravel/framework/src/Illuminate/Database/Console/Seeds/SeedCommand.php(63): Illuminate\\Database\\Seeder->__invoke()
#22 /home/reddevil/laravel/Team-Energy/vendor/laravel/framework/src/Illuminate/Database/Eloquent/Concerns/GuardsAttributes.php(122): Illuminate\\Database\\Console\\Seeds\\SeedCommand->Illuminate\\Database\\Console\\Seeds\\{closure}()
#23 /home/reddevil/laravel/Team-Energy/vendor/laravel/framework/src/Illuminate/Database/Console/Seeds/SeedCommand.php(64): Illuminate\\Database\\Eloquent\\Model::unguarded()
#24 [internal function]: Illuminate\\Database\\Console\\Seeds\\SeedCommand->handle()
#25 /home/reddevil/laravel/Team-Energy/vendor/laravel/framework/src/Illuminate/Container/BoundMethod.php(32): call_user_func_array()
#26 /home/reddevil/laravel/Team-Energy/vendor/laravel/framework/src/Illuminate/Support/helpers.php(522): Illuminate\\Container\\BoundMethod::Illuminate\\Container\\{closure}()
#27 /home/reddevil/laravel/Team-Energy/vendor/laravel/framework/src/Illuminate/Container/BoundMethod.php(90): value()
#28 /home/reddevil/laravel/Team-Energy/vendor/laravel/framework/src/Illuminate/Container/BoundMethod.php(34): Illuminate\\Container\\BoundMethod::callBoundMethod()
#29 /home/reddevil/laravel/Team-Energy/vendor/laravel/framework/src/Illuminate/Container/Container.php(591): Illuminate\\Container\\BoundMethod::call()
#30 /home/reddevil/laravel/Team-Energy/vendor/laravel/framework/src/Illuminate/Console/Command.php(202): Illuminate\\Container\\Container->call()
#31 /home/reddevil/laravel/Team-Energy/vendor/symfony/console/Command/Command.php(255): Illuminate\\Console\\Command->execute()
#32 /home/reddevil/laravel/Team-Energy/vendor/laravel/framework/src/Illuminate/Console/Command.php(189): Symfony\\Component\\Console\\Command\\Command->run()
#33 /home/reddevil/laravel/Team-Energy/vendor/laravel/framework/src/Illuminate/Console/Command.php(242): Illuminate\\Console\\Command->run()
#34 /home/reddevil/laravel/Team-Energy/vendor/laravel/framework/src/Illuminate/Console/Command.php(214): Illuminate\\Console\\Command->runCommand()
#35 /home/reddevil/laravel/Team-Energy/vendor/laravel/framework/src/Illuminate/Database/Console/Migrations/RefreshCommand.php(126): Illuminate\\Console\\Command->call()
#36 /home/reddevil/laravel/Team-Energy/vendor/laravel/framework/src/Illuminate/Database/Console/Migrations/RefreshCommand.php(67): Illuminate\\Database\\Console\\Migrations\\RefreshCommand->runSeeder()
#37 [internal function]: Illuminate\\Database\\Console\\Migrations\\RefreshCommand->handle()
#38 /home/reddevil/laravel/Team-Energy/vendor/laravel/framework/src/Illuminate/Container/BoundMethod.php(32): call_user_func_array()
#39 /home/reddevil/laravel/Team-Energy/vendor/laravel/framework/src/Illuminate/Support/helpers.php(522): Illuminate\\Container\\BoundMethod::Illuminate\\Container\\{closure}()
#40 /home/reddevil/laravel/Team-Energy/vendor/laravel/framework/src/Illuminate/Container/BoundMethod.php(90): value()
#41 /home/reddevil/laravel/Team-Energy/vendor/laravel/framework/src/Illuminate/Container/BoundMethod.php(34): Illuminate\\Container\\BoundMethod::callBoundMethod()
#42 /home/reddevil/laravel/Team-Energy/vendor/laravel/framework/src/Illuminate/Container/Container.php(591): Illuminate\\Container\\BoundMethod::call()
#43 /home/reddevil/laravel/Team-Energy/vendor/laravel/framework/src/Illuminate/Console/Command.php(202): Illuminate\\Container\\Container->call()
#44 /home/reddevil/laravel/Team-Energy/vendor/symfony/console/Command/Command.php(255): Illuminate\\Console\\Command->execute()
#45 /home/reddevil/laravel/Team-Energy/vendor/laravel/framework/src/Illuminate/Console/Command.php(189): Symfony\\Component\\Console\\Command\\Command->run()
#46 /home/reddevil/laravel/Team-Energy/vendor/symfony/console/Application.php(1001): Illuminate\\Console\\Command->run()
#47 /home/reddevil/laravel/Team-Energy/vendor/symfony/console/Application.php(271): Symfony\\Component\\Console\\Application->doRunCommand()
#48 /home/reddevil/laravel/Team-Energy/vendor/symfony/console/Application.php(147): Symfony\\Component\\Console\\Application->doRun()
#49 /home/reddevil/laravel/Team-Energy/vendor/laravel/framework/src/Illuminate/Console/Application.php(90): Symfony\\Component\\Console\\Application->run()
#50 /home/reddevil/laravel/Team-Energy/vendor/laravel/framework/src/Illuminate/Foundation/Console/Kernel.php(131): Illuminate\\Console\\Application->run()
#51 /home/reddevil/laravel/Team-Energy/artisan(37): Illuminate\\Foundation\\Console\\Kernel->handle()
#52 {main}

[previous exception] [object] (PDOException(code: 42S22): SQLSTATE[42S22]: Column not found: 1054 Unknown column '0' in 'field list' at /home/reddevil/laravel/Team-Energy/vendor/laravel/framework/src/Illuminate/Database/Connection.php:453)
[stacktrace]
#0 /home/reddevil/laravel/Team-Energy/vendor/laravel/framework/src/Illuminate/Database/Connection.php(453): PDO->prepare()
#1 /home/reddevil/laravel/Team-Energy/vendor/laravel/framework/src/Illuminate/Database/Connection.php(658): Illuminate\\Database\\Connection->Illuminate\\Database\\{closure}()
#2 /home/reddevil/laravel/Team-Energy/vendor/laravel/framework/src/Illuminate/Database/Connection.php(625): Illuminate\\Database\\Connection->runQueryCallback()
#3 /home/reddevil/laravel/Team-Energy/vendor/laravel/framework/src/Illuminate/Database/Connection.php(460): Illuminate\\Database\\Connection->run()
#4 /home/reddevil/laravel/Team-Energy/vendor/laravel/framework/src/Illuminate/Database/Connection.php(412): Illuminate\\Database\\Connection->statement()
#5 /home/reddevil/laravel/Team-Energy/vendor/laravel/framework/src/Illuminate/Database/Query/Builder.php(2614): Illuminate\\Database\\Connection->insert()
#6 /home/reddevil/laravel/Team-Energy/database/seeds/TestSeeder.php(15): Illuminate\\Database\\Query\\Builder->insert()
#7 [internal function]: TestSeeder->run()
#8 /home/reddevil/laravel/Team-Energy/vendor/laravel/framework/src/Illuminate/Container/BoundMethod.php(32): call_user_func_array()
#9 /home/reddevil/laravel/Team-Energy/vendor/laravel/framework/src/Illuminate/Support/helpers.php(522): Illuminate\\Container\\BoundMethod::Illuminate\\Container\\{closure}()
#10 /home/reddevil/laravel/Team-Energy/vendor/laravel/framework/src/Illuminate/Container/BoundMethod.php(90): value()
#11 /home/reddevil/laravel/Team-Energy/vendor/laravel/framework/src/Illuminate/Container/BoundMethod.php(34): Illuminate\\Container\\BoundMethod::callBoundMethod()
#12 /home/reddevil/laravel/Team-Energy/vendor/laravel/framework/src/Illuminate/Container/Container.php(591): Illuminate\\Container\\BoundMethod::call()
#13 /home/reddevil/laravel/Team-Energy/vendor/laravel/framework/src/Illuminate/Database/Seeder.php(124): Illuminate\\Container\\Container->call()
#14 /home/reddevil/laravel/Team-Energy/vendor/laravel/framework/src/Illuminate/Database/Seeder.php(44): Illuminate\\Database\\Seeder->__invoke()
#15 /home/reddevil/laravel/Team-Energy/database/seeds/DatabaseSeeder.php(18): Illuminate\\Database\\Seeder->call()
#16 [internal function]: DatabaseSeeder->run()
#17 /home/reddevil/laravel/Team-Energy/vendor/laravel/framework/src/Illuminate/Container/BoundMethod.php(32): call_user_func_array()
#18 /home/reddevil/laravel/Team-Energy/vendor/laravel/framework/src/Illuminate/Support/helpers.php(522): Illuminate\\Container\\BoundMethod::Illuminate\\Container\\{closure}()
#19 /home/reddevil/laravel/Team-Energy/vendor/laravel/framework/src/Illuminate/Container/BoundMethod.php(90): value()
#20 /home/reddevil/laravel/Team-Energy/vendor/laravel/framework/src/Illuminate/Container/BoundMethod.php(34): Illuminate\\Container\\BoundMethod::callBoundMethod()
#21 /home/reddevil/laravel/Team-Energy/vendor/laravel/framework/src/Illuminate/Container/Container.php(591): Illuminate\\Container\\BoundMethod::call()
#22 /home/reddevil/laravel/Team-Energy/vendor/laravel/framework/src/Illuminate/Database/Seeder.php(124): Illuminate\\Container\\Container->call()
#23 /home/reddevil/laravel/Team-Energy/vendor/laravel/framework/src/Illuminate/Database/Console/Seeds/SeedCommand.php(63): Illuminate\\Database\\Seeder->__invoke()
#24 /home/reddevil/laravel/Team-Energy/vendor/laravel/framework/src/Illuminate/Database/Eloquent/Concerns/GuardsAttributes.php(122): Illuminate\\Database\\Console\\Seeds\\SeedCommand->Illuminate\\Database\\Console\\Seeds\\{closure}()
#25 /home/reddevil/laravel/Team-Energy/vendor/laravel/framework/src/Illuminate/Database/Console/Seeds/SeedCommand.php(64): Illuminate\\Database\\Eloquent\\Model::unguarded()
#26 [internal function]: Illuminate\\Database\\Console\\Seeds\\SeedCommand->handle()
#27 /home/reddevil/laravel/Team-Energy/vendor/laravel/framework/src/Illuminate/Container/BoundMethod.php(32): call_user_func_array()
#28 /home/reddevil/laravel/Team-Energy/vendor/laravel/framework/src/Illuminate/Support/helpers.php(522): Illuminate\\Container\\BoundMethod::Illuminate\\Container\\{closure}()
#29 /home/reddevil/laravel/Team-Energy/vendor/laravel/framework/src/Illuminate/Container/BoundMethod.php(90): value()
#30 /home/reddevil/laravel/Team-Energy/vendor/laravel/framework/src/Illuminate/Container/BoundMethod.php(34): Illuminate\\Container\\BoundMethod::callBoundMethod()
#31 /home/reddevil/laravel/Team-Energy/vendor/laravel/framework/src/Illuminate/Container/Container.php(591): Illuminate\\Container\\BoundMethod::call()
#32 /home/reddevil/laravel/Team-Energy/vendor/laravel/framework/src/Illuminate/Console/Command.php(202): Illuminate\\Container\\Container->call()
#33 /home/reddevil/laravel/Team-Energy/vendor/symfony/console/Command/Command.php(255): Illuminate\\Console\\Command->execute()
#34 /home/reddevil/laravel/Team-Energy/vendor/laravel/framework/src/Illuminate/Console/Command.php(189): Symfony\\Component\\Console\\Command\\Command->run()
#35 /home/reddevil/laravel/Team-Energy/vendor/laravel/framework/src/Illuminate/Console/Command.php(242): Illuminate\\Console\\Command->run()
#36 /home/reddevil/laravel/Team-Energy/vendor/laravel/framework/src/Illuminate/Console/Command.php(214): Illuminate\\Console\\Command->runCommand()
#37 /home/reddevil/laravel/Team-Energy/vendor/laravel/framework/src/Illuminate/Database/Console/Migrations/RefreshCommand.php(126): Illuminate\\Console\\Command->call()
#38 /home/reddevil/laravel/Team-Energy/vendor/laravel/framework/src/Illuminate/Database/Console/Migrations/RefreshCommand.php(67): Illuminate\\Database\\Console\\Migrations\\RefreshCommand->runSeeder()
#39 [internal function]: Illuminate\\Database\\Console\\Migrations\\RefreshCommand->handle()
#40 /home/reddevil/laravel/Team-Energy/vendor/laravel/framework/src/Illuminate/Container/BoundMethod.php(32): call_user_func_array()
#41 /home/reddevil/laravel/Team-Energy/vendor/laravel/framework/src/Illuminate/Support/helpers.php(522): Illuminate\\Container\\BoundMethod::Illuminate\\Container\\{closure}()
#42 /home/reddevil/laravel/Team-Energy/vendor/laravel/framework/src/Illuminate/Container/BoundMethod.php(90): value()
#43 /home/reddevil/laravel/Team-Energy/vendor/laravel/framework/src/Illuminate/Container/BoundMethod.php(34): Illuminate\\Container\\BoundMethod::callBoundMethod()
#44 /home/reddevil/laravel/Team-Energy/vendor/laravel/framework/src/Illuminate/Container/Container.php(591): Illuminate\\Container\\BoundMethod::call()
#45 /home/reddevil/laravel/Team-Energy/vendor/laravel/framework/src/Illuminate/Console/Command.php(202): Illuminate\\Container\\Container->call()
#46 /home/reddevil/laravel/Team-Energy/vendor/symfony/console/Command/Command.php(255): Illuminate\\Console\\Command->execute()
#47 /home/reddevil/laravel/Team-Energy/vendor/laravel/framework/src/Illuminate/Console/Command.php(189): Symfony\\Component\\Console\\Command\\Command->run()
#48 /home/reddevil/laravel/Team-Energy/vendor/symfony/console/Application.php(1001): Illuminate\\Console\\Command->run()
#49 /home/reddevil/laravel/Team-Energy/vendor/symfony/console/Application.php(271): Symfony\\Component\\Console\\Application->doRunCommand()
#50 /home/reddevil/laravel/Team-Energy/vendor/symfony/console/Application.php(147): Symfony\\Component\\Console\\Application->doRun()
#51 /home/reddevil/laravel/Team-Energy/vendor/laravel/framework/src/Illuminate/Console/Application.php(90): Symfony\\Component\\Console\\Application->run()
#52 /home/reddevil/laravel/Team-Energy/vendor/laravel/framework/src/Illuminate/Foundation/Console/Kernel.php(131): Illuminate\\Console\\Application->run()
#53 /home/reddevil/laravel/Team-Energy/artisan(37): Illuminate\\Foundation\\Console\\Kernel->handle()
#54 {main}
"} 
[2020-07-01 15:46:00] local.ERROR: SQLSTATE[42S22]: Column not found: 1054 Unknown column 'subkat' in 'field list' (SQL: insert into `tests` (`ja_x`, `subkat`) values (-0, Sicherheit)) {"exception":"[object] (Illuminate\\Database\\QueryException(code: 42S22): SQLSTATE[42S22]: Column not found: 1054 Unknown column 'subkat' in 'field list' (SQL: insert into `tests` (`ja_x`, `subkat`) values (-0, Sicherheit)) at /home/reddevil/laravel/Team-Energy/vendor/laravel/framework/src/Illuminate/Database/Connection.php:665)
[stacktrace]
#0 /home/reddevil/laravel/Team-Energy/vendor/laravel/framework/src/Illuminate/Database/Connection.php(625): Illuminate\\Database\\Connection->runQueryCallback()
#1 /home/reddevil/laravel/Team-Energy/vendor/laravel/framework/src/Illuminate/Database/Connection.php(460): Illuminate\\Database\\Connection->run()
#2 /home/reddevil/laravel/Team-Energy/vendor/laravel/framework/src/Illuminate/Database/Connection.php(412): Illuminate\\Database\\Connection->statement()
#3 /home/reddevil/laravel/Team-Energy/vendor/laravel/framework/src/Illuminate/Database/Query/Builder.php(2614): Illuminate\\Database\\Connection->insert()
#4 /home/reddevil/laravel/Team-Energy/database/seeds/TestSeeder.php(15): Illuminate\\Database\\Query\\Builder->insert()
#5 [internal function]: TestSeeder->run()
#6 /home/reddevil/laravel/Team-Energy/vendor/laravel/framework/src/Illuminate/Container/BoundMethod.php(32): call_user_func_array()
#7 /home/reddevil/laravel/Team-Energy/vendor/laravel/framework/src/Illuminate/Support/helpers.php(522): Illuminate\\Container\\BoundMethod::Illuminate\\Container\\{closure}()
#8 /home/reddevil/laravel/Team-Energy/vendor/laravel/framework/src/Illuminate/Container/BoundMethod.php(90): value()
#9 /home/reddevil/laravel/Team-Energy/vendor/laravel/framework/src/Illuminate/Container/BoundMethod.php(34): Illuminate\\Container\\BoundMethod::callBoundMethod()
#10 /home/reddevil/laravel/Team-Energy/vendor/laravel/framework/src/Illuminate/Container/Container.php(591): Illuminate\\Container\\BoundMethod::call()
#11 /home/reddevil/laravel/Team-Energy/vendor/laravel/framework/src/Illuminate/Database/Seeder.php(124): Illuminate\\Container\\Container->call()
#12 /home/reddevil/laravel/Team-Energy/vendor/laravel/framework/src/Illuminate/Database/Seeder.php(44): Illuminate\\Database\\Seeder->__invoke()
#13 /home/reddevil/laravel/Team-Energy/database/seeds/DatabaseSeeder.php(18): Illuminate\\Database\\Seeder->call()
#14 [internal function]: DatabaseSeeder->run()
#15 /home/reddevil/laravel/Team-Energy/vendor/laravel/framework/src/Illuminate/Container/BoundMethod.php(32): call_user_func_array()
#16 /home/reddevil/laravel/Team-Energy/vendor/laravel/framework/src/Illuminate/Support/helpers.php(522): Illuminate\\Container\\BoundMethod::Illuminate\\Container\\{closure}()
#17 /home/reddevil/laravel/Team-Energy/vendor/laravel/framework/src/Illuminate/Container/BoundMethod.php(90): value()
#18 /home/reddevil/laravel/Team-Energy/vendor/laravel/framework/src/Illuminate/Container/BoundMethod.php(34): Illuminate\\Container\\BoundMethod::callBoundMethod()
#19 /home/reddevil/laravel/Team-Energy/vendor/laravel/framework/src/Illuminate/Container/Container.php(591): Illuminate\\Container\\BoundMethod::call()
#20 /home/reddevil/laravel/Team-Energy/vendor/laravel/framework/src/Illuminate/Database/Seeder.php(124): Illuminate\\Container\\Container->call()
#21 /home/reddevil/laravel/Team-Energy/vendor/laravel/framework/src/Illuminate/Database/Console/Seeds/SeedCommand.php(63): Illuminate\\Database\\Seeder->__invoke()
#22 /home/reddevil/laravel/Team-Energy/vendor/laravel/framework/src/Illuminate/Database/Eloquent/Concerns/GuardsAttributes.php(122): Illuminate\\Database\\Console\\Seeds\\SeedCommand->Illuminate\\Database\\Console\\Seeds\\{closure}()
#23 /home/reddevil/laravel/Team-Energy/vendor/laravel/framework/src/Illuminate/Database/Console/Seeds/SeedCommand.php(64): Illuminate\\Database\\Eloquent\\Model::unguarded()
#24 [internal function]: Illuminate\\Database\\Console\\Seeds\\SeedCommand->handle()
#25 /home/reddevil/laravel/Team-Energy/vendor/laravel/framework/src/Illuminate/Container/BoundMethod.php(32): call_user_func_array()
#26 /home/reddevil/laravel/Team-Energy/vendor/laravel/framework/src/Illuminate/Support/helpers.php(522): Illuminate\\Container\\BoundMethod::Illuminate\\Container\\{closure}()
#27 /home/reddevil/laravel/Team-Energy/vendor/laravel/framework/src/Illuminate/Container/BoundMethod.php(90): value()
#28 /home/reddevil/laravel/Team-Energy/vendor/laravel/framework/src/Illuminate/Container/BoundMethod.php(34): Illuminate\\Container\\BoundMethod::callBoundMethod()
#29 /home/reddevil/laravel/Team-Energy/vendor/laravel/framework/src/Illuminate/Container/Container.php(591): Illuminate\\Container\\BoundMethod::call()
#30 /home/reddevil/laravel/Team-Energy/vendor/laravel/framework/src/Illuminate/Console/Command.php(202): Illuminate\\Container\\Container->call()
#31 /home/reddevil/laravel/Team-Energy/vendor/symfony/console/Command/Command.php(255): Illuminate\\Console\\Command->execute()
#32 /home/reddevil/laravel/Team-Energy/vendor/laravel/framework/src/Illuminate/Console/Command.php(189): Symfony\\Component\\Console\\Command\\Command->run()
#33 /home/reddevil/laravel/Team-Energy/vendor/laravel/framework/src/Illuminate/Console/Command.php(242): Illuminate\\Console\\Command->run()
#34 /home/reddevil/laravel/Team-Energy/vendor/laravel/framework/src/Illuminate/Console/Command.php(214): Illuminate\\Console\\Command->runCommand()
#35 /home/reddevil/laravel/Team-Energy/vendor/laravel/framework/src/Illuminate/Database/Console/Migrations/RefreshCommand.php(126): Illuminate\\Console\\Command->call()
#36 /home/reddevil/laravel/Team-Energy/vendor/laravel/framework/src/Illuminate/Database/Console/Migrations/RefreshCommand.php(67): Illuminate\\Database\\Console\\Migrations\\RefreshCommand->runSeeder()
#37 [internal function]: Illuminate\\Database\\Console\\Migrations\\RefreshCommand->handle()
#38 /home/reddevil/laravel/Team-Energy/vendor/laravel/framework/src/Illuminate/Container/BoundMethod.php(32): call_user_func_array()
#39 /home/reddevil/laravel/Team-Energy/vendor/laravel/framework/src/Illuminate/Support/helpers.php(522): Illuminate\\Container\\BoundMethod::Illuminate\\Container\\{closure}()
#40 /home/reddevil/laravel/Team-Energy/vendor/laravel/framework/src/Illuminate/Container/BoundMethod.php(90): value()
#41 /home/reddevil/laravel/Team-Energy/vendor/laravel/framework/src/Illuminate/Container/BoundMethod.php(34): Illuminate\\Container\\BoundMethod::callBoundMethod()
#42 /home/reddevil/laravel/Team-Energy/vendor/laravel/framework/src/Illuminate/Container/Container.php(591): Illuminate\\Container\\BoundMethod::call()
#43 /home/reddevil/laravel/Team-Energy/vendor/laravel/framework/src/Illuminate/Console/Command.php(202): Illuminate\\Container\\Container->call()
#44 /home/reddevil/laravel/Team-Energy/vendor/symfony/console/Command/Command.php(255): Illuminate\\Console\\Command->execute()
#45 /home/reddevil/laravel/Team-Energy/vendor/laravel/framework/src/Illuminate/Console/Command.php(189): Symfony\\Component\\Console\\Command\\Command->run()
#46 /home/reddevil/laravel/Team-Energy/vendor/symfony/console/Application.php(1001): Illuminate\\Console\\Command->run()
#47 /home/reddevil/laravel/Team-Energy/vendor/symfony/console/Application.php(271): Symfony\\Component\\Console\\Application->doRunCommand()
#48 /home/reddevil/laravel/Team-Energy/vendor/symfony/console/Application.php(147): Symfony\\Component\\Console\\Application->doRun()
#49 /home/reddevil/laravel/Team-Energy/vendor/laravel/framework/src/Illuminate/Console/Application.php(90): Symfony\\Component\\Console\\Application->run()
#50 /home/reddevil/laravel/Team-Energy/vendor/laravel/framework/src/Illuminate/Foundation/Console/Kernel.php(131): Illuminate\\Console\\Application->run()
#51 /home/reddevil/laravel/Team-Energy/artisan(37): Illuminate\\Foundation\\Console\\Kernel->handle()
#52 {main}

[previous exception] [object] (PDOException(code: 42S22): SQLSTATE[42S22]: Column not found: 1054 Unknown column 'subkat' in 'field list' at /home/reddevil/laravel/Team-Energy/vendor/laravel/framework/src/Illuminate/Database/Connection.php:453)
[stacktrace]
#0 /home/reddevil/laravel/Team-Energy/vendor/laravel/framework/src/Illuminate/Database/Connection.php(453): PDO->prepare()
#1 /home/reddevil/laravel/Team-Energy/vendor/laravel/framework/src/Illuminate/Database/Connection.php(658): Illuminate\\Database\\Connection->Illuminate\\Database\\{closure}()
#2 /home/reddevil/laravel/Team-Energy/vendor/laravel/framework/src/Illuminate/Database/Connection.php(625): Illuminate\\Database\\Connection->runQueryCallback()
#3 /home/reddevil/laravel/Team-Energy/vendor/laravel/framework/src/Illuminate/Database/Connection.php(460): Illuminate\\Database\\Connection->run()
#4 /home/reddevil/laravel/Team-Energy/vendor/laravel/framework/src/Illuminate/Database/Connection.php(412): Illuminate\\Database\\Connection->statement()
#5 /home/reddevil/laravel/Team-Energy/vendor/laravel/framework/src/Illuminate/Database/Query/Builder.php(2614): Illuminate\\Database\\Connection->insert()
#6 /home/reddevil/laravel/Team-Energy/database/seeds/TestSeeder.php(15): Illuminate\\Database\\Query\\Builder->insert()
#7 [internal function]: TestSeeder->run()
#8 /home/reddevil/laravel/Team-Energy/vendor/laravel/framework/src/Illuminate/Container/BoundMethod.php(32): call_user_func_array()
#9 /home/reddevil/laravel/Team-Energy/vendor/laravel/framework/src/Illuminate/Support/helpers.php(522): Illuminate\\Container\\BoundMethod::Illuminate\\Container\\{closure}()
#10 /home/reddevil/laravel/Team-Energy/vendor/laravel/framework/src/Illuminate/Container/BoundMethod.php(90): value()
#11 /home/reddevil/laravel/Team-Energy/vendor/laravel/framework/src/Illuminate/Container/BoundMethod.php(34): Illuminate\\Container\\BoundMethod::callBoundMethod()
#12 /home/reddevil/laravel/Team-Energy/vendor/laravel/framework/src/Illuminate/Container/Container.php(591): Illuminate\\Container\\BoundMethod::call()
#13 /home/reddevil/laravel/Team-Energy/vendor/laravel/framework/src/Illuminate/Database/Seeder.php(124): Illuminate\\Container\\Container->call()
#14 /home/reddevil/laravel/Team-Energy/vendor/laravel/framework/src/Illuminate/Database/Seeder.php(44): Illuminate\\Database\\Seeder->__invoke()
#15 /home/reddevil/laravel/Team-Energy/database/seeds/DatabaseSeeder.php(18): Illuminate\\Database\\Seeder->call()
#16 [internal function]: DatabaseSeeder->run()
#17 /home/reddevil/laravel/Team-Energy/vendor/laravel/framework/src/Illuminate/Container/BoundMethod.php(32): call_user_func_array()
#18 /home/reddevil/laravel/Team-Energy/vendor/laravel/framework/src/Illuminate/Support/helpers.php(522): Illuminate\\Container\\BoundMethod::Illuminate\\Container\\{closure}()
#19 /home/reddevil/laravel/Team-Energy/vendor/laravel/framework/src/Illuminate/Container/BoundMethod.php(90): value()
#20 /home/reddevil/laravel/Team-Energy/vendor/laravel/framework/src/Illuminate/Container/BoundMethod.php(34): Illuminate\\Container\\BoundMethod::callBoundMethod()
#21 /home/reddevil/laravel/Team-Energy/vendor/laravel/framework/src/Illuminate/Container/Container.php(591): Illuminate\\Container\\BoundMethod::call()
#22 /home/reddevil/laravel/Team-Energy/vendor/laravel/framework/src/Illuminate/Database/Seeder.php(124): Illuminate\\Container\\Container->call()
#23 /home/reddevil/laravel/Team-Energy/vendor/laravel/framework/src/Illuminate/Database/Console/Seeds/SeedCommand.php(63): Illuminate\\Database\\Seeder->__invoke()
#24 /home/reddevil/laravel/Team-Energy/vendor/laravel/framework/src/Illuminate/Database/Eloquent/Concerns/GuardsAttributes.php(122): Illuminate\\Database\\Console\\Seeds\\SeedCommand->Illuminate\\Database\\Console\\Seeds\\{closure}()
#25 /home/reddevil/laravel/Team-Energy/vendor/laravel/framework/src/Illuminate/Database/Console/Seeds/SeedCommand.php(64): Illuminate\\Database\\Eloquent\\Model::unguarded()
#26 [internal function]: Illuminate\\Database\\Console\\Seeds\\SeedCommand->handle()
#27 /home/reddevil/laravel/Team-Energy/vendor/laravel/framework/src/Illuminate/Container/BoundMethod.php(32): call_user_func_array()
#28 /home/reddevil/laravel/Team-Energy/vendor/laravel/framework/src/Illuminate/Support/helpers.php(522): Illuminate\\Container\\BoundMethod::Illuminate\\Container\\{closure}()
#29 /home/reddevil/laravel/Team-Energy/vendor/laravel/framework/src/Illuminate/Container/BoundMethod.php(90): value()
#30 /home/reddevil/laravel/Team-Energy/vendor/laravel/framework/src/Illuminate/Container/BoundMethod.php(34): Illuminate\\Container\\BoundMethod::callBoundMethod()
#31 /home/reddevil/laravel/Team-Energy/vendor/laravel/framework/src/Illuminate/Container/Container.php(591): Illuminate\\Container\\BoundMethod::call()
#32 /home/reddevil/laravel/Team-Energy/vendor/laravel/framework/src/Illuminate/Console/Command.php(202): Illuminate\\Container\\Container->call()
#33 /home/reddevil/laravel/Team-Energy/vendor/symfony/console/Command/Command.php(255): Illuminate\\Console\\Command->execute()
#34 /home/reddevil/laravel/Team-Energy/vendor/laravel/framework/src/Illuminate/Console/Command.php(189): Symfony\\Component\\Console\\Command\\Command->run()
#35 /home/reddevil/laravel/Team-Energy/vendor/laravel/framework/src/Illuminate/Console/Command.php(242): Illuminate\\Console\\Command->run()
#36 /home/reddevil/laravel/Team-Energy/vendor/laravel/framework/src/Illuminate/Console/Command.php(214): Illuminate\\Console\\Command->runCommand()
#37 /home/reddevil/laravel/Team-Energy/vendor/laravel/framework/src/Illuminate/Database/Console/Migrations/RefreshCommand.php(126): Illuminate\\Console\\Command->call()
#38 /home/reddevil/laravel/Team-Energy/vendor/laravel/framework/src/Illuminate/Database/Console/Migrations/RefreshCommand.php(67): Illuminate\\Database\\Console\\Migrations\\RefreshCommand->runSeeder()
#39 [internal function]: Illuminate\\Database\\Console\\Migrations\\RefreshCommand->handle()
#40 /home/reddevil/laravel/Team-Energy/vendor/laravel/framework/src/Illuminate/Container/BoundMethod.php(32): call_user_func_array()
#41 /home/reddevil/laravel/Team-Energy/vendor/laravel/framework/src/Illuminate/Support/helpers.php(522): Illuminate\\Container\\BoundMethod::Illuminate\\Container\\{closure}()
#42 /home/reddevil/laravel/Team-Energy/vendor/laravel/framework/src/Illuminate/Container/BoundMethod.php(90): value()
#43 /home/reddevil/laravel/Team-Energy/vendor/laravel/framework/src/Illuminate/Container/BoundMethod.php(34): Illuminate\\Container\\BoundMethod::callBoundMethod()
#44 /home/reddevil/laravel/Team-Energy/vendor/laravel/framework/src/Illuminate/Container/Container.php(591): Illuminate\\Container\\BoundMethod::call()
#45 /home/reddevil/laravel/Team-Energy/vendor/laravel/framework/src/Illuminate/Console/Command.php(202): Illuminate\\Container\\Container->call()
#46 /home/reddevil/laravel/Team-Energy/vendor/symfony/console/Command/Command.php(255): Illuminate\\Console\\Command->execute()
#47 /home/reddevil/laravel/Team-Energy/vendor/laravel/framework/src/Illuminate/Console/Command.php(189): Symfony\\Component\\Console\\Command\\Command->run()
#48 /home/reddevil/laravel/Team-Energy/vendor/symfony/console/Application.php(1001): Illuminate\\Console\\Command->run()
#49 /home/reddevil/laravel/Team-Energy/vendor/symfony/console/Application.php(271): Symfony\\Component\\Console\\Application->doRunCommand()
#50 /home/reddevil/laravel/Team-Energy/vendor/symfony/console/Application.php(147): Symfony\\Component\\Console\\Application->doRun()
#51 /home/reddevil/laravel/Team-Energy/vendor/laravel/framework/src/Illuminate/Console/Application.php(90): Symfony\\Component\\Console\\Application->run()
#52 /home/reddevil/laravel/Team-Energy/vendor/laravel/framework/src/Illuminate/Foundation/Console/Kernel.php(131): Illuminate\\Console\\Application->run()
#53 /home/reddevil/laravel/Team-Energy/artisan(37): Illuminate\\Foundation\\Console\\Kernel->handle()
#54 {main}
"} 
[2020-07-01 15:57:33] local.ERROR: SQLSTATE[42S22]: Column not found: 1054 Unknown column 'tid' in 'field list' (SQL: insert into `tests` (`tid`, `ja_x`, `ja_y`, `eherja_x`, `eherja_y`, `subkat`) values (1, -0, 1, -0.2, 0.2, Sicherheit)) {"exception":"[object] (Illuminate\\Database\\QueryException(code: 42S22): SQLSTATE[42S22]: Column not found: 1054 Unknown column 'tid' in 'field list' (SQL: insert into `tests` (`tid`, `ja_x`, `ja_y`, `eherja_x`, `eherja_y`, `subkat`) values (1, -0, 1, -0.2, 0.2, Sicherheit)) at /home/reddevil/laravel/Team-Energy/vendor/laravel/framework/src/Illuminate/Database/Connection.php:665)
[stacktrace]
#0 /home/reddevil/laravel/Team-Energy/vendor/laravel/framework/src/Illuminate/Database/Connection.php(625): Illuminate\\Database\\Connection->runQueryCallback()
#1 /home/reddevil/laravel/Team-Energy/vendor/laravel/framework/src/Illuminate/Database/Connection.php(460): Illuminate\\Database\\Connection->run()
#2 /home/reddevil/laravel/Team-Energy/vendor/laravel/framework/src/Illuminate/Database/Connection.php(412): Illuminate\\Database\\Connection->statement()
#3 /home/reddevil/laravel/Team-Energy/vendor/laravel/framework/src/Illuminate/Database/Query/Builder.php(2614): Illuminate\\Database\\Connection->insert()
#4 /home/reddevil/laravel/Team-Energy/database/seeds/TestSeeder.php(15): Illuminate\\Database\\Query\\Builder->insert()
#5 [internal function]: TestSeeder->run()
#6 /home/reddevil/laravel/Team-Energy/vendor/laravel/framework/src/Illuminate/Container/BoundMethod.php(32): call_user_func_array()
#7 /home/reddevil/laravel/Team-Energy/vendor/laravel/framework/src/Illuminate/Support/helpers.php(522): Illuminate\\Container\\BoundMethod::Illuminate\\Container\\{closure}()
#8 /home/reddevil/laravel/Team-Energy/vendor/laravel/framework/src/Illuminate/Container/BoundMethod.php(90): value()
#9 /home/reddevil/laravel/Team-Energy/vendor/laravel/framework/src/Illuminate/Container/BoundMethod.php(34): Illuminate\\Container\\BoundMethod::callBoundMethod()
#10 /home/reddevil/laravel/Team-Energy/vendor/laravel/framework/src/Illuminate/Container/Container.php(591): Illuminate\\Container\\BoundMethod::call()
#11 /home/reddevil/laravel/Team-Energy/vendor/laravel/framework/src/Illuminate/Database/Seeder.php(124): Illuminate\\Container\\Container->call()
#12 /home/reddevil/laravel/Team-Energy/vendor/laravel/framework/src/Illuminate/Database/Seeder.php(44): Illuminate\\Database\\Seeder->__invoke()
#13 /home/reddevil/laravel/Team-Energy/database/seeds/DatabaseSeeder.php(18): Illuminate\\Database\\Seeder->call()
#14 [internal function]: DatabaseSeeder->run()
#15 /home/reddevil/laravel/Team-Energy/vendor/laravel/framework/src/Illuminate/Container/BoundMethod.php(32): call_user_func_array()
#16 /home/reddevil/laravel/Team-Energy/vendor/laravel/framework/src/Illuminate/Support/helpers.php(522): Illuminate\\Container\\BoundMethod::Illuminate\\Container\\{closure}()
#17 /home/reddevil/laravel/Team-Energy/vendor/laravel/framework/src/Illuminate/Container/BoundMethod.php(90): value()
#18 /home/reddevil/laravel/Team-Energy/vendor/laravel/framework/src/Illuminate/Container/BoundMethod.php(34): Illuminate\\Container\\BoundMethod::callBoundMethod()
#19 /home/reddevil/laravel/Team-Energy/vendor/laravel/framework/src/Illuminate/Container/Container.php(591): Illuminate\\Container\\BoundMethod::call()
#20 /home/reddevil/laravel/Team-Energy/vendor/laravel/framework/src/Illuminate/Database/Seeder.php(124): Illuminate\\Container\\Container->call()
#21 /home/reddevil/laravel/Team-Energy/vendor/laravel/framework/src/Illuminate/Database/Console/Seeds/SeedCommand.php(63): Illuminate\\Database\\Seeder->__invoke()
#22 /home/reddevil/laravel/Team-Energy/vendor/laravel/framework/src/Illuminate/Database/Eloquent/Concerns/GuardsAttributes.php(122): Illuminate\\Database\\Console\\Seeds\\SeedCommand->Illuminate\\Database\\Console\\Seeds\\{closure}()
#23 /home/reddevil/laravel/Team-Energy/vendor/laravel/framework/src/Illuminate/Database/Console/Seeds/SeedCommand.php(64): Illuminate\\Database\\Eloquent\\Model::unguarded()
#24 [internal function]: Illuminate\\Database\\Console\\Seeds\\SeedCommand->handle()
#25 /home/reddevil/laravel/Team-Energy/vendor/laravel/framework/src/Illuminate/Container/BoundMethod.php(32): call_user_func_array()
#26 /home/reddevil/laravel/Team-Energy/vendor/laravel/framework/src/Illuminate/Support/helpers.php(522): Illuminate\\Container\\BoundMethod::Illuminate\\Container\\{closure}()
#27 /home/reddevil/laravel/Team-Energy/vendor/laravel/framework/src/Illuminate/Container/BoundMethod.php(90): value()
#28 /home/reddevil/laravel/Team-Energy/vendor/laravel/framework/src/Illuminate/Container/BoundMethod.php(34): Illuminate\\Container\\BoundMethod::callBoundMethod()
#29 /home/reddevil/laravel/Team-Energy/vendor/laravel/framework/src/Illuminate/Container/Container.php(591): Illuminate\\Container\\BoundMethod::call()
#30 /home/reddevil/laravel/Team-Energy/vendor/laravel/framework/src/Illuminate/Console/Command.php(202): Illuminate\\Container\\Container->call()
#31 /home/reddevil/laravel/Team-Energy/vendor/symfony/console/Command/Command.php(255): Illuminate\\Console\\Command->execute()
#32 /home/reddevil/laravel/Team-Energy/vendor/laravel/framework/src/Illuminate/Console/Command.php(189): Symfony\\Component\\Console\\Command\\Command->run()
#33 /home/reddevil/laravel/Team-Energy/vendor/laravel/framework/src/Illuminate/Console/Command.php(242): Illuminate\\Console\\Command->run()
#34 /home/reddevil/laravel/Team-Energy/vendor/laravel/framework/src/Illuminate/Console/Command.php(214): Illuminate\\Console\\Command->runCommand()
#35 /home/reddevil/laravel/Team-Energy/vendor/laravel/framework/src/Illuminate/Database/Console/Migrations/RefreshCommand.php(126): Illuminate\\Console\\Command->call()
#36 /home/reddevil/laravel/Team-Energy/vendor/laravel/framework/src/Illuminate/Database/Console/Migrations/RefreshCommand.php(67): Illuminate\\Database\\Console\\Migrations\\RefreshCommand->runSeeder()
#37 [internal function]: Illuminate\\Database\\Console\\Migrations\\RefreshCommand->handle()
#38 /home/reddevil/laravel/Team-Energy/vendor/laravel/framework/src/Illuminate/Container/BoundMethod.php(32): call_user_func_array()
#39 /home/reddevil/laravel/Team-Energy/vendor/laravel/framework/src/Illuminate/Support/helpers.php(522): Illuminate\\Container\\BoundMethod::Illuminate\\Container\\{closure}()
#40 /home/reddevil/laravel/Team-Energy/vendor/laravel/framework/src/Illuminate/Container/BoundMethod.php(90): value()
#41 /home/reddevil/laravel/Team-Energy/vendor/laravel/framework/src/Illuminate/Container/BoundMethod.php(34): Illuminate\\Container\\BoundMethod::callBoundMethod()
#42 /home/reddevil/laravel/Team-Energy/vendor/laravel/framework/src/Illuminate/Container/Container.php(591): Illuminate\\Container\\BoundMethod::call()
#43 /home/reddevil/laravel/Team-Energy/vendor/laravel/framework/src/Illuminate/Console/Command.php(202): Illuminate\\Container\\Container->call()
#44 /home/reddevil/laravel/Team-Energy/vendor/symfony/console/Command/Command.php(255): Illuminate\\Console\\Command->execute()
#45 /home/reddevil/laravel/Team-Energy/vendor/laravel/framework/src/Illuminate/Console/Command.php(189): Symfony\\Component\\Console\\Command\\Command->run()
#46 /home/reddevil/laravel/Team-Energy/vendor/symfony/console/Application.php(1001): Illuminate\\Console\\Command->run()
#47 /home/reddevil/laravel/Team-Energy/vendor/symfony/console/Application.php(271): Symfony\\Component\\Console\\Application->doRunCommand()
#48 /home/reddevil/laravel/Team-Energy/vendor/symfony/console/Application.php(147): Symfony\\Component\\Console\\Application->doRun()
#49 /home/reddevil/laravel/Team-Energy/vendor/laravel/framework/src/Illuminate/Console/Application.php(90): Symfony\\Component\\Console\\Application->run()
#50 /home/reddevil/laravel/Team-Energy/vendor/laravel/framework/src/Illuminate/Foundation/Console/Kernel.php(131): Illuminate\\Console\\Application->run()
#51 /home/reddevil/laravel/Team-Energy/artisan(37): Illuminate\\Foundation\\Console\\Kernel->handle()
#52 {main}

[previous exception] [object] (PDOException(code: 42S22): SQLSTATE[42S22]: Column not found: 1054 Unknown column 'tid' in 'field list' at /home/reddevil/laravel/Team-Energy/vendor/laravel/framework/src/Illuminate/Database/Connection.php:453)
[stacktrace]
#0 /home/reddevil/laravel/Team-Energy/vendor/laravel/framework/src/Illuminate/Database/Connection.php(453): PDO->prepare()
#1 /home/reddevil/laravel/Team-Energy/vendor/laravel/framework/src/Illuminate/Database/Connection.php(658): Illuminate\\Database\\Connection->Illuminate\\Database\\{closure}()
#2 /home/reddevil/laravel/Team-Energy/vendor/laravel/framework/src/Illuminate/Database/Connection.php(625): Illuminate\\Database\\Connection->runQueryCallback()
#3 /home/reddevil/laravel/Team-Energy/vendor/laravel/framework/src/Illuminate/Database/Connection.php(460): Illuminate\\Database\\Connection->run()
#4 /home/reddevil/laravel/Team-Energy/vendor/laravel/framework/src/Illuminate/Database/Connection.php(412): Illuminate\\Database\\Connection->statement()
#5 /home/reddevil/laravel/Team-Energy/vendor/laravel/framework/src/Illuminate/Database/Query/Builder.php(2614): Illuminate\\Database\\Connection->insert()
#6 /home/reddevil/laravel/Team-Energy/database/seeds/TestSeeder.php(15): Illuminate\\Database\\Query\\Builder->insert()
#7 [internal function]: TestSeeder->run()
#8 /home/reddevil/laravel/Team-Energy/vendor/laravel/framework/src/Illuminate/Container/BoundMethod.php(32): call_user_func_array()
#9 /home/reddevil/laravel/Team-Energy/vendor/laravel/framework/src/Illuminate/Support/helpers.php(522): Illuminate\\Container\\BoundMethod::Illuminate\\Container\\{closure}()
#10 /home/reddevil/laravel/Team-Energy/vendor/laravel/framework/src/Illuminate/Container/BoundMethod.php(90): value()
#11 /home/reddevil/laravel/Team-Energy/vendor/laravel/framework/src/Illuminate/Container/BoundMethod.php(34): Illuminate\\Container\\BoundMethod::callBoundMethod()
#12 /home/reddevil/laravel/Team-Energy/vendor/laravel/framework/src/Illuminate/Container/Container.php(591): Illuminate\\Container\\BoundMethod::call()
#13 /home/reddevil/laravel/Team-Energy/vendor/laravel/framework/src/Illuminate/Database/Seeder.php(124): Illuminate\\Container\\Container->call()
#14 /home/reddevil/laravel/Team-Energy/vendor/laravel/framework/src/Illuminate/Database/Seeder.php(44): Illuminate\\Database\\Seeder->__invoke()
#15 /home/reddevil/laravel/Team-Energy/database/seeds/DatabaseSeeder.php(18): Illuminate\\Database\\Seeder->call()
#16 [internal function]: DatabaseSeeder->run()
#17 /home/reddevil/laravel/Team-Energy/vendor/laravel/framework/src/Illuminate/Container/BoundMethod.php(32): call_user_func_array()
#18 /home/reddevil/laravel/Team-Energy/vendor/laravel/framework/src/Illuminate/Support/helpers.php(522): Illuminate\\Container\\BoundMethod::Illuminate\\Container\\{closure}()
#19 /home/reddevil/laravel/Team-Energy/vendor/laravel/framework/src/Illuminate/Container/BoundMethod.php(90): value()
#20 /home/reddevil/laravel/Team-Energy/vendor/laravel/framework/src/Illuminate/Container/BoundMethod.php(34): Illuminate\\Container\\BoundMethod::callBoundMethod()
#21 /home/reddevil/laravel/Team-Energy/vendor/laravel/framework/src/Illuminate/Container/Container.php(591): Illuminate\\Container\\BoundMethod::call()
#22 /home/reddevil/laravel/Team-Energy/vendor/laravel/framework/src/Illuminate/Database/Seeder.php(124): Illuminate\\Container\\Container->call()
#23 /home/reddevil/laravel/Team-Energy/vendor/laravel/framework/src/Illuminate/Database/Console/Seeds/SeedCommand.php(63): Illuminate\\Database\\Seeder->__invoke()
#24 /home/reddevil/laravel/Team-Energy/vendor/laravel/framework/src/Illuminate/Database/Eloquent/Concerns/GuardsAttributes.php(122): Illuminate\\Database\\Console\\Seeds\\SeedCommand->Illuminate\\Database\\Console\\Seeds\\{closure}()
#25 /home/reddevil/laravel/Team-Energy/vendor/laravel/framework/src/Illuminate/Database/Console/Seeds/SeedCommand.php(64): Illuminate\\Database\\Eloquent\\Model::unguarded()
#26 [internal function]: Illuminate\\Database\\Console\\Seeds\\SeedCommand->handle()
#27 /home/reddevil/laravel/Team-Energy/vendor/laravel/framework/src/Illuminate/Container/BoundMethod.php(32): call_user_func_array()
#28 /home/reddevil/laravel/Team-Energy/vendor/laravel/framework/src/Illuminate/Support/helpers.php(522): Illuminate\\Container\\BoundMethod::Illuminate\\Container\\{closure}()
#29 /home/reddevil/laravel/Team-Energy/vendor/laravel/framework/src/Illuminate/Container/BoundMethod.php(90): value()
#30 /home/reddevil/laravel/Team-Energy/vendor/laravel/framework/src/Illuminate/Container/BoundMethod.php(34): Illuminate\\Container\\BoundMethod::callBoundMethod()
#31 /home/reddevil/laravel/Team-Energy/vendor/laravel/framework/src/Illuminate/Container/Container.php(591): Illuminate\\Container\\BoundMethod::call()
#32 /home/reddevil/laravel/Team-Energy/vendor/laravel/framework/src/Illuminate/Console/Command.php(202): Illuminate\\Container\\Container->call()
#33 /home/reddevil/laravel/Team-Energy/vendor/symfony/console/Command/Command.php(255): Illuminate\\Console\\Command->execute()
#34 /home/reddevil/laravel/Team-Energy/vendor/laravel/framework/src/Illuminate/Console/Command.php(189): Symfony\\Component\\Console\\Command\\Command->run()
#35 /home/reddevil/laravel/Team-Energy/vendor/laravel/framework/src/Illuminate/Console/Command.php(242): Illuminate\\Console\\Command->run()
#36 /home/reddevil/laravel/Team-Energy/vendor/laravel/framework/src/Illuminate/Console/Command.php(214): Illuminate\\Console\\Command->runCommand()
#37 /home/reddevil/laravel/Team-Energy/vendor/laravel/framework/src/Illuminate/Database/Console/Migrations/RefreshCommand.php(126): Illuminate\\Console\\Command->call()
#38 /home/reddevil/laravel/Team-Energy/vendor/laravel/framework/src/Illuminate/Database/Console/Migrations/RefreshCommand.php(67): Illuminate\\Database\\Console\\Migrations\\RefreshCommand->runSeeder()
#39 [internal function]: Illuminate\\Database\\Console\\Migrations\\RefreshCommand->handle()
#40 /home/reddevil/laravel/Team-Energy/vendor/laravel/framework/src/Illuminate/Container/BoundMethod.php(32): call_user_func_array()
#41 /home/reddevil/laravel/Team-Energy/vendor/laravel/framework/src/Illuminate/Support/helpers.php(522): Illuminate\\Container\\BoundMethod::Illuminate\\Container\\{closure}()
#42 /home/reddevil/laravel/Team-Energy/vendor/laravel/framework/src/Illuminate/Container/BoundMethod.php(90): value()
#43 /home/reddevil/laravel/Team-Energy/vendor/laravel/framework/src/Illuminate/Container/BoundMethod.php(34): Illuminate\\Container\\BoundMethod::callBoundMethod()
#44 /home/reddevil/laravel/Team-Energy/vendor/laravel/framework/src/Illuminate/Container/Container.php(591): Illuminate\\Container\\BoundMethod::call()
#45 /home/reddevil/laravel/Team-Energy/vendor/laravel/framework/src/Illuminate/Console/Command.php(202): Illuminate\\Container\\Container->call()
#46 /home/reddevil/laravel/Team-Energy/vendor/symfony/console/Command/Command.php(255): Illuminate\\Console\\Command->execute()
#47 /home/reddevil/laravel/Team-Energy/vendor/laravel/framework/src/Illuminate/Console/Command.php(189): Symfony\\Component\\Console\\Command\\Command->run()
#48 /home/reddevil/laravel/Team-Energy/vendor/symfony/console/Application.php(1001): Illuminate\\Console\\Command->run()
#49 /home/reddevil/laravel/Team-Energy/vendor/symfony/console/Application.php(271): Symfony\\Component\\Console\\Application->doRunCommand()
#50 /home/reddevil/laravel/Team-Energy/vendor/symfony/console/Application.php(147): Symfony\\Component\\Console\\Application->doRun()
#51 /home/reddevil/laravel/Team-Energy/vendor/laravel/framework/src/Illuminate/Console/Application.php(90): Symfony\\Component\\Console\\Application->run()
#52 /home/reddevil/laravel/Team-Energy/vendor/laravel/framework/src/Illuminate/Foundation/Console/Kernel.php(131): Illuminate\\Console\\Application->run()
#53 /home/reddevil/laravel/Team-Energy/artisan(37): Illuminate\\Foundation\\Console\\Kernel->handle()
#54 {main}
"} 
