[2020-04-08 12:39:57] local.ERROR: Too few arguments to function App\Http\Controllers\ResultController::store(), 1 passed and exactly 3 expected {"userId":1,"exception":"[object] (Symfony\\Component\\Debug\\Exception\\FatalThrowableError(code: 0): Too few arguments to function App\\Http\\Controllers\\ResultController::store(), 1 passed and exactly 3 expected at /home/vagrant/Team-Energy/app/Http/Controllers/ResultController.php:37)
[stacktrace]
#0 [internal function]: App\\Http\\Controllers\\ResultController->store(Object(Illuminate\\Http\\Request))
#1 /home/vagrant/Team-Energy/vendor/laravel/framework/src/Illuminate/Routing/Controller.php(54): call_user_func_array(Array, Array)
#2 /home/vagrant/Team-Energy/vendor/laravel/framework/src/Illuminate/Routing/ControllerDispatcher.php(45): Illuminate\\Routing\\Controller->callAction('store', Array)
#3 /home/vagrant/Team-Energy/vendor/laravel/framework/src/Illuminate/Routing/Route.php(219): Illuminate\\Routing\\ControllerDispatcher->dispatch(Object(Illuminate\\Routing\\Route), Object(App\\Http\\Controllers\\ResultController), 'store')
#4 /home/vagrant/Team-Energy/vendor/laravel/framework/src/Illuminate/Routing/Route.php(176): Illuminate\\Routing\\Route->runController()
#5 /home/vagrant/Team-Energy/vendor/laravel/framework/src/Illuminate/Routing/Router.php(680): Illuminate\\Routing\\Route->run()
#6 /home/vagrant/Team-Energy/vendor/laravel/framework/src/Illuminate/Pipeline/Pipeline.php(130): Illuminate\\Routing\\Router->Illuminate\\Routing\\{closure}(Object(Illuminate\\Http\\Request))
#7 /home/vagrant/Team-Energy/vendor/laravel/framework/src/Illuminate/Routing/Middleware/SubstituteBindings.php(41): Illuminate\\Pipeline\\Pipeline->Illuminate\\Pipeline\\{closure}(Object(Illuminate\\Http\\Request))
#8 /home/vagrant/Team-Energy/vendor/laravel/framework/src/Illuminate/Pipeline/Pipeline.php(171): Illuminate\\Routing\\Middleware\\SubstituteBindings->handle(Object(Illuminate\\Http\\Request), Object(Closure))
#9 /home/vagrant/Team-Energy/vendor/laravel/framework/src/Illuminate/Foundation/Http/Middleware/VerifyCsrfToken.php(76): Illuminate\\Pipeline\\Pipeline->Illuminate\\Pipeline\\{closure}(Object(Illuminate\\Http\\Request))
#10 /home/vagrant/Team-Energy/vendor/laravel/framework/src/Illuminate/Pipeline/Pipeline.php(171): Illuminate\\Foundation\\Http\\Middleware\\VerifyCsrfToken->handle(Object(Illuminate\\Http\\Request), Object(Closure))
#11 /home/vagrant/Team-Energy/vendor/laravel/framework/src/Illuminate/View/Middleware/ShareErrorsFromSession.php(49): Illuminate\\Pipeline\\Pipeline->Illuminate\\Pipeline\\{closure}(Object(Illuminate\\Http\\Request))
#12 /home/vagrant/Team-Energy/vendor/laravel/framework/src/Illuminate/Pipeline/Pipeline.php(171): Illuminate\\View\\Middleware\\ShareErrorsFromSession->handle(Object(Illuminate\\Http\\Request), Object(Closure))
#13 /home/vagrant/Team-Energy/vendor/laravel/framework/src/Illuminate/Session/Middleware/StartSession.php(56): Illuminate\\Pipeline\\Pipeline->Illuminate\\Pipeline\\{closure}(Object(Illuminate\\Http\\Request))
#14 /home/vagrant/Team-Energy/vendor/laravel/framework/src/Illuminate/Pipeline/Pipeline.php(171): Illuminate\\Session\\Middleware\\StartSession->handle(Object(Illuminate\\Http\\Request), Object(Closure))
#15 /home/vagrant/Team-Energy/vendor/laravel/framework/src/Illuminate/Cookie/Middleware/AddQueuedCookiesToResponse.php(37): Illuminate\\Pipeline\\Pipeline->Illuminate\\Pipeline\\{closure}(Object(Illuminate\\Http\\Request))
#16 /home/vagrant/Team-Energy/vendor/laravel/framework/src/Illuminate/Pipeline/Pipeline.php(171): Illuminate\\Cookie\\Middleware\\AddQueuedCookiesToResponse->handle(Object(Illuminate\\Http\\Request), Object(Closure))
#17 /home/vagrant/Team-Energy/vendor/laravel/framework/src/Illuminate/Cookie/Middleware/EncryptCookies.php(66): Illuminate\\Pipeline\\Pipeline->Illuminate\\Pipeline\\{closure}(Object(Illuminate\\Http\\Request))
#18 /home/vagrant/Team-Energy/vendor/laravel/framework/src/Illuminate/Pipeline/Pipeline.php(171): Illuminate\\Cookie\\Middleware\\EncryptCookies->handle(Object(Illuminate\\Http\\Request), Object(Closure))
#19 /home/vagrant/Team-Energy/vendor/laravel/framework/src/Illuminate/Pipeline/Pipeline.php(105): Illuminate\\Pipeline\\Pipeline->Illuminate\\Pipeline\\{closure}(Object(Illuminate\\Http\\Request))
#20 /home/vagrant/Team-Energy/vendor/laravel/framework/src/Illuminate/Routing/Router.php(682): Illuminate\\Pipeline\\Pipeline->then(Object(Closure))
#21 /home/vagrant/Team-Energy/vendor/laravel/framework/src/Illuminate/Routing/Router.php(657): Illuminate\\Routing\\Router->runRouteWithinStack(Object(Illuminate\\Routing\\Route), Object(Illuminate\\Http\\Request))
#22 /home/vagrant/Team-Energy/vendor/laravel/framework/src/Illuminate/Routing/Router.php(623): Illuminate\\Routing\\Router->runRoute(Object(Illuminate\\Http\\Request), Object(Illuminate\\Routing\\Route))
#23 /home/vagrant/Team-Energy/vendor/laravel/framework/src/Illuminate/Routing/Router.php(612): Illuminate\\Routing\\Router->dispatchToRoute(Object(Illuminate\\Http\\Request))
#24 /home/vagrant/Team-Energy/vendor/laravel/framework/src/Illuminate/Foundation/Http/Kernel.php(176): Illuminate\\Routing\\Router->dispatch(Object(Illuminate\\Http\\Request))
#25 /home/vagrant/Team-Energy/vendor/laravel/framework/src/Illuminate/Pipeline/Pipeline.php(130): Illuminate\\Foundation\\Http\\Kernel->Illuminate\\Foundation\\Http\\{closure}(Object(Illuminate\\Http\\Request))
#26 /home/vagrant/Team-Energy/vendor/fideloper/proxy/src/TrustProxies.php(57): Illuminate\\Pipeline\\Pipeline->Illuminate\\Pipeline\\{closure}(Object(Illuminate\\Http\\Request))
#27 /home/vagrant/Team-Energy/vendor/laravel/framework/src/Illuminate/Pipeline/Pipeline.php(171): Fideloper\\Proxy\\TrustProxies->handle(Object(Illuminate\\Http\\Request), Object(Closure))
#28 /home/vagrant/Team-Energy/vendor/laravel/framework/src/Illuminate/Foundation/Http/Middleware/TransformsRequest.php(21): Illuminate\\Pipeline\\Pipeline->Illuminate\\Pipeline\\{closure}(Object(Illuminate\\Http\\Request))
#29 /home/vagrant/Team-Energy/vendor/laravel/framework/src/Illuminate/Pipeline/Pipeline.php(171): Illuminate\\Foundation\\Http\\Middleware\\TransformsRequest->handle(Object(Illuminate\\Http\\Request), Object(Closure))
#30 /home/vagrant/Team-Energy/vendor/laravel/framework/src/Illuminate/Foundation/Http/Middleware/TransformsRequest.php(21): Illuminate\\Pipeline\\Pipeline->Illuminate\\Pipeline\\{closure}(Object(Illuminate\\Http\\Request))
#31 /home/vagrant/Team-Energy/vendor/laravel/framework/src/Illuminate/Pipeline/Pipeline.php(171): Illuminate\\Foundation\\Http\\Middleware\\TransformsRequest->handle(Object(Illuminate\\Http\\Request), Object(Closure))
#32 /home/vagrant/Team-Energy/vendor/laravel/framework/src/Illuminate/Foundation/Http/Middleware/ValidatePostSize.php(27): Illuminate\\Pipeline\\Pipeline->Illuminate\\Pipeline\\{closure}(Object(Illuminate\\Http\\Request))
#33 /home/vagrant/Team-Energy/vendor/laravel/framework/src/Illuminate/Pipeline/Pipeline.php(171): Illuminate\\Foundation\\Http\\Middleware\\ValidatePostSize->handle(Object(Illuminate\\Http\\Request), Object(Closure))
#34 /home/vagrant/Team-Energy/vendor/laravel/framework/src/Illuminate/Foundation/Http/Middleware/CheckForMaintenanceMode.php(62): Illuminate\\Pipeline\\Pipeline->Illuminate\\Pipeline\\{closure}(Object(Illuminate\\Http\\Request))
#35 /home/vagrant/Team-Energy/vendor/laravel/framework/src/Illuminate/Pipeline/Pipeline.php(171): Illuminate\\Foundation\\Http\\Middleware\\CheckForMaintenanceMode->handle(Object(Illuminate\\Http\\Request), Object(Closure))
#36 /home/vagrant/Team-Energy/vendor/laravel/framework/src/Illuminate/Pipeline/Pipeline.php(105): Illuminate\\Pipeline\\Pipeline->Illuminate\\Pipeline\\{closure}(Object(Illuminate\\Http\\Request))
#37 /home/vagrant/Team-Energy/vendor/laravel/framework/src/Illuminate/Foundation/Http/Kernel.php(151): Illuminate\\Pipeline\\Pipeline->then(Object(Closure))
#38 /home/vagrant/Team-Energy/vendor/laravel/framework/src/Illuminate/Foundation/Http/Kernel.php(116): Illuminate\\Foundation\\Http\\Kernel->sendRequestThroughRouter(Object(Illuminate\\Http\\Request))
#39 /home/vagrant/Team-Energy/public/index.php(55): Illuminate\\Foundation\\Http\\Kernel->handle(Object(Illuminate\\Http\\Request))
#40 {main}
"} 
[2020-04-08 12:40:37] local.ERROR: Too few arguments to function App\Http\Controllers\ResultController::store(), 1 passed and exactly 3 expected {"userId":1,"exception":"[object] (Symfony\\Component\\Debug\\Exception\\FatalThrowableError(code: 0): Too few arguments to function App\\Http\\Controllers\\ResultController::store(), 1 passed and exactly 3 expected at /home/vagrant/Team-Energy/app/Http/Controllers/ResultController.php:37)
[stacktrace]
#0 [internal function]: App\\Http\\Controllers\\ResultController->store(Object(Illuminate\\Http\\Request))
#1 /home/vagrant/Team-Energy/vendor/laravel/framework/src/Illuminate/Routing/Controller.php(54): call_user_func_array(Array, Array)
#2 /home/vagrant/Team-Energy/vendor/laravel/framework/src/Illuminate/Routing/ControllerDispatcher.php(45): Illuminate\\Routing\\Controller->callAction('store', Array)
#3 /home/vagrant/Team-Energy/vendor/laravel/framework/src/Illuminate/Routing/Route.php(219): Illuminate\\Routing\\ControllerDispatcher->dispatch(Object(Illuminate\\Routing\\Route), Object(App\\Http\\Controllers\\ResultController), 'store')
#4 /home/vagrant/Team-Energy/vendor/laravel/framework/src/Illuminate/Routing/Route.php(176): Illuminate\\Routing\\Route->runController()
#5 /home/vagrant/Team-Energy/vendor/laravel/framework/src/Illuminate/Routing/Router.php(680): Illuminate\\Routing\\Route->run()
#6 /home/vagrant/Team-Energy/vendor/laravel/framework/src/Illuminate/Pipeline/Pipeline.php(130): Illuminate\\Routing\\Router->Illuminate\\Routing\\{closure}(Object(Illuminate\\Http\\Request))
#7 /home/vagrant/Team-Energy/vendor/laravel/framework/src/Illuminate/Routing/Middleware/SubstituteBindings.php(41): Illuminate\\Pipeline\\Pipeline->Illuminate\\Pipeline\\{closure}(Object(Illuminate\\Http\\Request))
#8 /home/vagrant/Team-Energy/vendor/laravel/framework/src/Illuminate/Pipeline/Pipeline.php(171): Illuminate\\Routing\\Middleware\\SubstituteBindings->handle(Object(Illuminate\\Http\\Request), Object(Closure))
#9 /home/vagrant/Team-Energy/vendor/laravel/framework/src/Illuminate/Foundation/Http/Middleware/VerifyCsrfToken.php(76): Illuminate\\Pipeline\\Pipeline->Illuminate\\Pipeline\\{closure}(Object(Illuminate\\Http\\Request))
#10 /home/vagrant/Team-Energy/vendor/laravel/framework/src/Illuminate/Pipeline/Pipeline.php(171): Illuminate\\Foundation\\Http\\Middleware\\VerifyCsrfToken->handle(Object(Illuminate\\Http\\Request), Object(Closure))
#11 /home/vagrant/Team-Energy/vendor/laravel/framework/src/Illuminate/View/Middleware/ShareErrorsFromSession.php(49): Illuminate\\Pipeline\\Pipeline->Illuminate\\Pipeline\\{closure}(Object(Illuminate\\Http\\Request))
#12 /home/vagrant/Team-Energy/vendor/laravel/framework/src/Illuminate/Pipeline/Pipeline.php(171): Illuminate\\View\\Middleware\\ShareErrorsFromSession->handle(Object(Illuminate\\Http\\Request), Object(Closure))
#13 /home/vagrant/Team-Energy/vendor/laravel/framework/src/Illuminate/Session/Middleware/StartSession.php(56): Illuminate\\Pipeline\\Pipeline->Illuminate\\Pipeline\\{closure}(Object(Illuminate\\Http\\Request))
#14 /home/vagrant/Team-Energy/vendor/laravel/framework/src/Illuminate/Pipeline/Pipeline.php(171): Illuminate\\Session\\Middleware\\StartSession->handle(Object(Illuminate\\Http\\Request), Object(Closure))
#15 /home/vagrant/Team-Energy/vendor/laravel/framework/src/Illuminate/Cookie/Middleware/AddQueuedCookiesToResponse.php(37): Illuminate\\Pipeline\\Pipeline->Illuminate\\Pipeline\\{closure}(Object(Illuminate\\Http\\Request))
#16 /home/vagrant/Team-Energy/vendor/laravel/framework/src/Illuminate/Pipeline/Pipeline.php(171): Illuminate\\Cookie\\Middleware\\AddQueuedCookiesToResponse->handle(Object(Illuminate\\Http\\Request), Object(Closure))
#17 /home/vagrant/Team-Energy/vendor/laravel/framework/src/Illuminate/Cookie/Middleware/EncryptCookies.php(66): Illuminate\\Pipeline\\Pipeline->Illuminate\\Pipeline\\{closure}(Object(Illuminate\\Http\\Request))
#18 /home/vagrant/Team-Energy/vendor/laravel/framework/src/Illuminate/Pipeline/Pipeline.php(171): Illuminate\\Cookie\\Middleware\\EncryptCookies->handle(Object(Illuminate\\Http\\Request), Object(Closure))
#19 /home/vagrant/Team-Energy/vendor/laravel/framework/src/Illuminate/Pipeline/Pipeline.php(105): Illuminate\\Pipeline\\Pipeline->Illuminate\\Pipeline\\{closure}(Object(Illuminate\\Http\\Request))
#20 /home/vagrant/Team-Energy/vendor/laravel/framework/src/Illuminate/Routing/Router.php(682): Illuminate\\Pipeline\\Pipeline->then(Object(Closure))
#21 /home/vagrant/Team-Energy/vendor/laravel/framework/src/Illuminate/Routing/Router.php(657): Illuminate\\Routing\\Router->runRouteWithinStack(Object(Illuminate\\Routing\\Route), Object(Illuminate\\Http\\Request))
#22 /home/vagrant/Team-Energy/vendor/laravel/framework/src/Illuminate/Routing/Router.php(623): Illuminate\\Routing\\Router->runRoute(Object(Illuminate\\Http\\Request), Object(Illuminate\\Routing\\Route))
#23 /home/vagrant/Team-Energy/vendor/laravel/framework/src/Illuminate/Routing/Router.php(612): Illuminate\\Routing\\Router->dispatchToRoute(Object(Illuminate\\Http\\Request))
#24 /home/vagrant/Team-Energy/vendor/laravel/framework/src/Illuminate/Foundation/Http/Kernel.php(176): Illuminate\\Routing\\Router->dispatch(Object(Illuminate\\Http\\Request))
#25 /home/vagrant/Team-Energy/vendor/laravel/framework/src/Illuminate/Pipeline/Pipeline.php(130): Illuminate\\Foundation\\Http\\Kernel->Illuminate\\Foundation\\Http\\{closure}(Object(Illuminate\\Http\\Request))
#26 /home/vagrant/Team-Energy/vendor/fideloper/proxy/src/TrustProxies.php(57): Illuminate\\Pipeline\\Pipeline->Illuminate\\Pipeline\\{closure}(Object(Illuminate\\Http\\Request))
#27 /home/vagrant/Team-Energy/vendor/laravel/framework/src/Illuminate/Pipeline/Pipeline.php(171): Fideloper\\Proxy\\TrustProxies->handle(Object(Illuminate\\Http\\Request), Object(Closure))
#28 /home/vagrant/Team-Energy/vendor/laravel/framework/src/Illuminate/Foundation/Http/Middleware/TransformsRequest.php(21): Illuminate\\Pipeline\\Pipeline->Illuminate\\Pipeline\\{closure}(Object(Illuminate\\Http\\Request))
#29 /home/vagrant/Team-Energy/vendor/laravel/framework/src/Illuminate/Pipeline/Pipeline.php(171): Illuminate\\Foundation\\Http\\Middleware\\TransformsRequest->handle(Object(Illuminate\\Http\\Request), Object(Closure))
#30 /home/vagrant/Team-Energy/vendor/laravel/framework/src/Illuminate/Foundation/Http/Middleware/TransformsRequest.php(21): Illuminate\\Pipeline\\Pipeline->Illuminate\\Pipeline\\{closure}(Object(Illuminate\\Http\\Request))
#31 /home/vagrant/Team-Energy/vendor/laravel/framework/src/Illuminate/Pipeline/Pipeline.php(171): Illuminate\\Foundation\\Http\\Middleware\\TransformsRequest->handle(Object(Illuminate\\Http\\Request), Object(Closure))
#32 /home/vagrant/Team-Energy/vendor/laravel/framework/src/Illuminate/Foundation/Http/Middleware/ValidatePostSize.php(27): Illuminate\\Pipeline\\Pipeline->Illuminate\\Pipeline\\{closure}(Object(Illuminate\\Http\\Request))
#33 /home/vagrant/Team-Energy/vendor/laravel/framework/src/Illuminate/Pipeline/Pipeline.php(171): Illuminate\\Foundation\\Http\\Middleware\\ValidatePostSize->handle(Object(Illuminate\\Http\\Request), Object(Closure))
#34 /home/vagrant/Team-Energy/vendor/laravel/framework/src/Illuminate/Foundation/Http/Middleware/CheckForMaintenanceMode.php(62): Illuminate\\Pipeline\\Pipeline->Illuminate\\Pipeline\\{closure}(Object(Illuminate\\Http\\Request))
#35 /home/vagrant/Team-Energy/vendor/laravel/framework/src/Illuminate/Pipeline/Pipeline.php(171): Illuminate\\Foundation\\Http\\Middleware\\CheckForMaintenanceMode->handle(Object(Illuminate\\Http\\Request), Object(Closure))
#36 /home/vagrant/Team-Energy/vendor/laravel/framework/src/Illuminate/Pipeline/Pipeline.php(105): Illuminate\\Pipeline\\Pipeline->Illuminate\\Pipeline\\{closure}(Object(Illuminate\\Http\\Request))
#37 /home/vagrant/Team-Energy/vendor/laravel/framework/src/Illuminate/Foundation/Http/Kernel.php(151): Illuminate\\Pipeline\\Pipeline->then(Object(Closure))
#38 /home/vagrant/Team-Energy/vendor/laravel/framework/src/Illuminate/Foundation/Http/Kernel.php(116): Illuminate\\Foundation\\Http\\Kernel->sendRequestThroughRouter(Object(Illuminate\\Http\\Request))
#39 /home/vagrant/Team-Energy/public/index.php(55): Illuminate\\Foundation\\Http\\Kernel->handle(Object(Illuminate\\Http\\Request))
#40 {main}
"} 
[2020-04-08 12:42:30] local.ERROR: A non-numeric value encountered {"userId":1,"exception":"[object] (ErrorException(code: 0): A non-numeric value encountered at /home/vagrant/Team-Energy/app/Http/Controllers/ResultController.php:66)
[stacktrace]
#0 /home/vagrant/Team-Energy/app/Http/Controllers/ResultController.php(66): Illuminate\\Foundation\\Bootstrap\\HandleExceptions->handleError(2, 'A non-numeric v...', '/home/vagrant/T...', 66, Array)
#1 [internal function]: App\\Http\\Controllers\\ResultController->store(Object(Illuminate\\Http\\Request))
#2 /home/vagrant/Team-Energy/vendor/laravel/framework/src/Illuminate/Routing/Controller.php(54): call_user_func_array(Array, Array)
#3 /home/vagrant/Team-Energy/vendor/laravel/framework/src/Illuminate/Routing/ControllerDispatcher.php(45): Illuminate\\Routing\\Controller->callAction('store', Array)
#4 /home/vagrant/Team-Energy/vendor/laravel/framework/src/Illuminate/Routing/Route.php(219): Illuminate\\Routing\\ControllerDispatcher->dispatch(Object(Illuminate\\Routing\\Route), Object(App\\Http\\Controllers\\ResultController), 'store')
#5 /home/vagrant/Team-Energy/vendor/laravel/framework/src/Illuminate/Routing/Route.php(176): Illuminate\\Routing\\Route->runController()
#6 /home/vagrant/Team-Energy/vendor/laravel/framework/src/Illuminate/Routing/Router.php(680): Illuminate\\Routing\\Route->run()
#7 /home/vagrant/Team-Energy/vendor/laravel/framework/src/Illuminate/Pipeline/Pipeline.php(130): Illuminate\\Routing\\Router->Illuminate\\Routing\\{closure}(Object(Illuminate\\Http\\Request))
#8 /home/vagrant/Team-Energy/vendor/laravel/framework/src/Illuminate/Routing/Middleware/SubstituteBindings.php(41): Illuminate\\Pipeline\\Pipeline->Illuminate\\Pipeline\\{closure}(Object(Illuminate\\Http\\Request))
#9 /home/vagrant/Team-Energy/vendor/laravel/framework/src/Illuminate/Pipeline/Pipeline.php(171): Illuminate\\Routing\\Middleware\\SubstituteBindings->handle(Object(Illuminate\\Http\\Request), Object(Closure))
#10 /home/vagrant/Team-Energy/vendor/laravel/framework/src/Illuminate/Foundation/Http/Middleware/VerifyCsrfToken.php(76): Illuminate\\Pipeline\\Pipeline->Illuminate\\Pipeline\\{closure}(Object(Illuminate\\Http\\Request))
#11 /home/vagrant/Team-Energy/vendor/laravel/framework/src/Illuminate/Pipeline/Pipeline.php(171): Illuminate\\Foundation\\Http\\Middleware\\VerifyCsrfToken->handle(Object(Illuminate\\Http\\Request), Object(Closure))
#12 /home/vagrant/Team-Energy/vendor/laravel/framework/src/Illuminate/View/Middleware/ShareErrorsFromSession.php(49): Illuminate\\Pipeline\\Pipeline->Illuminate\\Pipeline\\{closure}(Object(Illuminate\\Http\\Request))
#13 /home/vagrant/Team-Energy/vendor/laravel/framework/src/Illuminate/Pipeline/Pipeline.php(171): Illuminate\\View\\Middleware\\ShareErrorsFromSession->handle(Object(Illuminate\\Http\\Request), Object(Closure))
#14 /home/vagrant/Team-Energy/vendor/laravel/framework/src/Illuminate/Session/Middleware/StartSession.php(56): Illuminate\\Pipeline\\Pipeline->Illuminate\\Pipeline\\{closure}(Object(Illuminate\\Http\\Request))
#15 /home/vagrant/Team-Energy/vendor/laravel/framework/src/Illuminate/Pipeline/Pipeline.php(171): Illuminate\\Session\\Middleware\\StartSession->handle(Object(Illuminate\\Http\\Request), Object(Closure))
#16 /home/vagrant/Team-Energy/vendor/laravel/framework/src/Illuminate/Cookie/Middleware/AddQueuedCookiesToResponse.php(37): Illuminate\\Pipeline\\Pipeline->Illuminate\\Pipeline\\{closure}(Object(Illuminate\\Http\\Request))
#17 /home/vagrant/Team-Energy/vendor/laravel/framework/src/Illuminate/Pipeline/Pipeline.php(171): Illuminate\\Cookie\\Middleware\\AddQueuedCookiesToResponse->handle(Object(Illuminate\\Http\\Request), Object(Closure))
#18 /home/vagrant/Team-Energy/vendor/laravel/framework/src/Illuminate/Cookie/Middleware/EncryptCookies.php(66): Illuminate\\Pipeline\\Pipeline->Illuminate\\Pipeline\\{closure}(Object(Illuminate\\Http\\Request))
#19 /home/vagrant/Team-Energy/vendor/laravel/framework/src/Illuminate/Pipeline/Pipeline.php(171): Illuminate\\Cookie\\Middleware\\EncryptCookies->handle(Object(Illuminate\\Http\\Request), Object(Closure))
#20 /home/vagrant/Team-Energy/vendor/laravel/framework/src/Illuminate/Pipeline/Pipeline.php(105): Illuminate\\Pipeline\\Pipeline->Illuminate\\Pipeline\\{closure}(Object(Illuminate\\Http\\Request))
#21 /home/vagrant/Team-Energy/vendor/laravel/framework/src/Illuminate/Routing/Router.php(682): Illuminate\\Pipeline\\Pipeline->then(Object(Closure))
#22 /home/vagrant/Team-Energy/vendor/laravel/framework/src/Illuminate/Routing/Router.php(657): Illuminate\\Routing\\Router->runRouteWithinStack(Object(Illuminate\\Routing\\Route), Object(Illuminate\\Http\\Request))
#23 /home/vagrant/Team-Energy/vendor/laravel/framework/src/Illuminate/Routing/Router.php(623): Illuminate\\Routing\\Router->runRoute(Object(Illuminate\\Http\\Request), Object(Illuminate\\Routing\\Route))
#24 /home/vagrant/Team-Energy/vendor/laravel/framework/src/Illuminate/Routing/Router.php(612): Illuminate\\Routing\\Router->dispatchToRoute(Object(Illuminate\\Http\\Request))
#25 /home/vagrant/Team-Energy/vendor/laravel/framework/src/Illuminate/Foundation/Http/Kernel.php(176): Illuminate\\Routing\\Router->dispatch(Object(Illuminate\\Http\\Request))
#26 /home/vagrant/Team-Energy/vendor/laravel/framework/src/Illuminate/Pipeline/Pipeline.php(130): Illuminate\\Foundation\\Http\\Kernel->Illuminate\\Foundation\\Http\\{closure}(Object(Illuminate\\Http\\Request))
#27 /home/vagrant/Team-Energy/vendor/fideloper/proxy/src/TrustProxies.php(57): Illuminate\\Pipeline\\Pipeline->Illuminate\\Pipeline\\{closure}(Object(Illuminate\\Http\\Request))
#28 /home/vagrant/Team-Energy/vendor/laravel/framework/src/Illuminate/Pipeline/Pipeline.php(171): Fideloper\\Proxy\\TrustProxies->handle(Object(Illuminate\\Http\\Request), Object(Closure))
#29 /home/vagrant/Team-Energy/vendor/laravel/framework/src/Illuminate/Foundation/Http/Middleware/TransformsRequest.php(21): Illuminate\\Pipeline\\Pipeline->Illuminate\\Pipeline\\{closure}(Object(Illuminate\\Http\\Request))
#30 /home/vagrant/Team-Energy/vendor/laravel/framework/src/Illuminate/Pipeline/Pipeline.php(171): Illuminate\\Foundation\\Http\\Middleware\\TransformsRequest->handle(Object(Illuminate\\Http\\Request), Object(Closure))
#31 /home/vagrant/Team-Energy/vendor/laravel/framework/src/Illuminate/Foundation/Http/Middleware/TransformsRequest.php(21): Illuminate\\Pipeline\\Pipeline->Illuminate\\Pipeline\\{closure}(Object(Illuminate\\Http\\Request))
#32 /home/vagrant/Team-Energy/vendor/laravel/framework/src/Illuminate/Pipeline/Pipeline.php(171): Illuminate\\Foundation\\Http\\Middleware\\TransformsRequest->handle(Object(Illuminate\\Http\\Request), Object(Closure))
#33 /home/vagrant/Team-Energy/vendor/laravel/framework/src/Illuminate/Foundation/Http/Middleware/ValidatePostSize.php(27): Illuminate\\Pipeline\\Pipeline->Illuminate\\Pipeline\\{closure}(Object(Illuminate\\Http\\Request))
#34 /home/vagrant/Team-Energy/vendor/laravel/framework/src/Illuminate/Pipeline/Pipeline.php(171): Illuminate\\Foundation\\Http\\Middleware\\ValidatePostSize->handle(Object(Illuminate\\Http\\Request), Object(Closure))
#35 /home/vagrant/Team-Energy/vendor/laravel/framework/src/Illuminate/Foundation/Http/Middleware/CheckForMaintenanceMode.php(62): Illuminate\\Pipeline\\Pipeline->Illuminate\\Pipeline\\{closure}(Object(Illuminate\\Http\\Request))
#36 /home/vagrant/Team-Energy/vendor/laravel/framework/src/Illuminate/Pipeline/Pipeline.php(171): Illuminate\\Foundation\\Http\\Middleware\\CheckForMaintenanceMode->handle(Object(Illuminate\\Http\\Request), Object(Closure))
#37 /home/vagrant/Team-Energy/vendor/laravel/framework/src/Illuminate/Pipeline/Pipeline.php(105): Illuminate\\Pipeline\\Pipeline->Illuminate\\Pipeline\\{closure}(Object(Illuminate\\Http\\Request))
#38 /home/vagrant/Team-Energy/vendor/laravel/framework/src/Illuminate/Foundation/Http/Kernel.php(151): Illuminate\\Pipeline\\Pipeline->then(Object(Closure))
#39 /home/vagrant/Team-Energy/vendor/laravel/framework/src/Illuminate/Foundation/Http/Kernel.php(116): Illuminate\\Foundation\\Http\\Kernel->sendRequestThroughRouter(Object(Illuminate\\Http\\Request))
#40 /home/vagrant/Team-Energy/public/index.php(55): Illuminate\\Foundation\\Http\\Kernel->handle(Object(Illuminate\\Http\\Request))
#41 {main}
"} 
[2020-04-08 12:43:47] local.ERROR: A non-numeric value encountered {"userId":1,"exception":"[object] (ErrorException(code: 0): A non-numeric value encountered at /home/vagrant/Team-Energy/app/Http/Controllers/ResultController.php:66)
[stacktrace]
#0 /home/vagrant/Team-Energy/app/Http/Controllers/ResultController.php(66): Illuminate\\Foundation\\Bootstrap\\HandleExceptions->handleError(2, 'A non-numeric v...', '/home/vagrant/T...', 66, Array)
#1 [internal function]: App\\Http\\Controllers\\ResultController->store(Object(Illuminate\\Http\\Request))
#2 /home/vagrant/Team-Energy/vendor/laravel/framework/src/Illuminate/Routing/Controller.php(54): call_user_func_array(Array, Array)
#3 /home/vagrant/Team-Energy/vendor/laravel/framework/src/Illuminate/Routing/ControllerDispatcher.php(45): Illuminate\\Routing\\Controller->callAction('store', Array)
#4 /home/vagrant/Team-Energy/vendor/laravel/framework/src/Illuminate/Routing/Route.php(219): Illuminate\\Routing\\ControllerDispatcher->dispatch(Object(Illuminate\\Routing\\Route), Object(App\\Http\\Controllers\\ResultController), 'store')
#5 /home/vagrant/Team-Energy/vendor/laravel/framework/src/Illuminate/Routing/Route.php(176): Illuminate\\Routing\\Route->runController()
#6 /home/vagrant/Team-Energy/vendor/laravel/framework/src/Illuminate/Routing/Router.php(680): Illuminate\\Routing\\Route->run()
#7 /home/vagrant/Team-Energy/vendor/laravel/framework/src/Illuminate/Pipeline/Pipeline.php(130): Illuminate\\Routing\\Router->Illuminate\\Routing\\{closure}(Object(Illuminate\\Http\\Request))
#8 /home/vagrant/Team-Energy/vendor/laravel/framework/src/Illuminate/Routing/Middleware/SubstituteBindings.php(41): Illuminate\\Pipeline\\Pipeline->Illuminate\\Pipeline\\{closure}(Object(Illuminate\\Http\\Request))
#9 /home/vagrant/Team-Energy/vendor/laravel/framework/src/Illuminate/Pipeline/Pipeline.php(171): Illuminate\\Routing\\Middleware\\SubstituteBindings->handle(Object(Illuminate\\Http\\Request), Object(Closure))
#10 /home/vagrant/Team-Energy/vendor/laravel/framework/src/Illuminate/Foundation/Http/Middleware/VerifyCsrfToken.php(76): Illuminate\\Pipeline\\Pipeline->Illuminate\\Pipeline\\{closure}(Object(Illuminate\\Http\\Request))
#11 /home/vagrant/Team-Energy/vendor/laravel/framework/src/Illuminate/Pipeline/Pipeline.php(171): Illuminate\\Foundation\\Http\\Middleware\\VerifyCsrfToken->handle(Object(Illuminate\\Http\\Request), Object(Closure))
#12 /home/vagrant/Team-Energy/vendor/laravel/framework/src/Illuminate/View/Middleware/ShareErrorsFromSession.php(49): Illuminate\\Pipeline\\Pipeline->Illuminate\\Pipeline\\{closure}(Object(Illuminate\\Http\\Request))
#13 /home/vagrant/Team-Energy/vendor/laravel/framework/src/Illuminate/Pipeline/Pipeline.php(171): Illuminate\\View\\Middleware\\ShareErrorsFromSession->handle(Object(Illuminate\\Http\\Request), Object(Closure))
#14 /home/vagrant/Team-Energy/vendor/laravel/framework/src/Illuminate/Session/Middleware/StartSession.php(56): Illuminate\\Pipeline\\Pipeline->Illuminate\\Pipeline\\{closure}(Object(Illuminate\\Http\\Request))
#15 /home/vagrant/Team-Energy/vendor/laravel/framework/src/Illuminate/Pipeline/Pipeline.php(171): Illuminate\\Session\\Middleware\\StartSession->handle(Object(Illuminate\\Http\\Request), Object(Closure))
#16 /home/vagrant/Team-Energy/vendor/laravel/framework/src/Illuminate/Cookie/Middleware/AddQueuedCookiesToResponse.php(37): Illuminate\\Pipeline\\Pipeline->Illuminate\\Pipeline\\{closure}(Object(Illuminate\\Http\\Request))
#17 /home/vagrant/Team-Energy/vendor/laravel/framework/src/Illuminate/Pipeline/Pipeline.php(171): Illuminate\\Cookie\\Middleware\\AddQueuedCookiesToResponse->handle(Object(Illuminate\\Http\\Request), Object(Closure))
#18 /home/vagrant/Team-Energy/vendor/laravel/framework/src/Illuminate/Cookie/Middleware/EncryptCookies.php(66): Illuminate\\Pipeline\\Pipeline->Illuminate\\Pipeline\\{closure}(Object(Illuminate\\Http\\Request))
#19 /home/vagrant/Team-Energy/vendor/laravel/framework/src/Illuminate/Pipeline/Pipeline.php(171): Illuminate\\Cookie\\Middleware\\EncryptCookies->handle(Object(Illuminate\\Http\\Request), Object(Closure))
#20 /home/vagrant/Team-Energy/vendor/laravel/framework/src/Illuminate/Pipeline/Pipeline.php(105): Illuminate\\Pipeline\\Pipeline->Illuminate\\Pipeline\\{closure}(Object(Illuminate\\Http\\Request))
#21 /home/vagrant/Team-Energy/vendor/laravel/framework/src/Illuminate/Routing/Router.php(682): Illuminate\\Pipeline\\Pipeline->then(Object(Closure))
#22 /home/vagrant/Team-Energy/vendor/laravel/framework/src/Illuminate/Routing/Router.php(657): Illuminate\\Routing\\Router->runRouteWithinStack(Object(Illuminate\\Routing\\Route), Object(Illuminate\\Http\\Request))
#23 /home/vagrant/Team-Energy/vendor/laravel/framework/src/Illuminate/Routing/Router.php(623): Illuminate\\Routing\\Router->runRoute(Object(Illuminate\\Http\\Request), Object(Illuminate\\Routing\\Route))
#24 /home/vagrant/Team-Energy/vendor/laravel/framework/src/Illuminate/Routing/Router.php(612): Illuminate\\Routing\\Router->dispatchToRoute(Object(Illuminate\\Http\\Request))
#25 /home/vagrant/Team-Energy/vendor/laravel/framework/src/Illuminate/Foundation/Http/Kernel.php(176): Illuminate\\Routing\\Router->dispatch(Object(Illuminate\\Http\\Request))
#26 /home/vagrant/Team-Energy/vendor/laravel/framework/src/Illuminate/Pipeline/Pipeline.php(130): Illuminate\\Foundation\\Http\\Kernel->Illuminate\\Foundation\\Http\\{closure}(Object(Illuminate\\Http\\Request))
#27 /home/vagrant/Team-Energy/vendor/fideloper/proxy/src/TrustProxies.php(57): Illuminate\\Pipeline\\Pipeline->Illuminate\\Pipeline\\{closure}(Object(Illuminate\\Http\\Request))
#28 /home/vagrant/Team-Energy/vendor/laravel/framework/src/Illuminate/Pipeline/Pipeline.php(171): Fideloper\\Proxy\\TrustProxies->handle(Object(Illuminate\\Http\\Request), Object(Closure))
#29 /home/vagrant/Team-Energy/vendor/laravel/framework/src/Illuminate/Foundation/Http/Middleware/TransformsRequest.php(21): Illuminate\\Pipeline\\Pipeline->Illuminate\\Pipeline\\{closure}(Object(Illuminate\\Http\\Request))
#30 /home/vagrant/Team-Energy/vendor/laravel/framework/src/Illuminate/Pipeline/Pipeline.php(171): Illuminate\\Foundation\\Http\\Middleware\\TransformsRequest->handle(Object(Illuminate\\Http\\Request), Object(Closure))
#31 /home/vagrant/Team-Energy/vendor/laravel/framework/src/Illuminate/Foundation/Http/Middleware/TransformsRequest.php(21): Illuminate\\Pipeline\\Pipeline->Illuminate\\Pipeline\\{closure}(Object(Illuminate\\Http\\Request))
#32 /home/vagrant/Team-Energy/vendor/laravel/framework/src/Illuminate/Pipeline/Pipeline.php(171): Illuminate\\Foundation\\Http\\Middleware\\TransformsRequest->handle(Object(Illuminate\\Http\\Request), Object(Closure))
#33 /home/vagrant/Team-Energy/vendor/laravel/framework/src/Illuminate/Foundation/Http/Middleware/ValidatePostSize.php(27): Illuminate\\Pipeline\\Pipeline->Illuminate\\Pipeline\\{closure}(Object(Illuminate\\Http\\Request))
#34 /home/vagrant/Team-Energy/vendor/laravel/framework/src/Illuminate/Pipeline/Pipeline.php(171): Illuminate\\Foundation\\Http\\Middleware\\ValidatePostSize->handle(Object(Illuminate\\Http\\Request), Object(Closure))
#35 /home/vagrant/Team-Energy/vendor/laravel/framework/src/Illuminate/Foundation/Http/Middleware/CheckForMaintenanceMode.php(62): Illuminate\\Pipeline\\Pipeline->Illuminate\\Pipeline\\{closure}(Object(Illuminate\\Http\\Request))
#36 /home/vagrant/Team-Energy/vendor/laravel/framework/src/Illuminate/Pipeline/Pipeline.php(171): Illuminate\\Foundation\\Http\\Middleware\\CheckForMaintenanceMode->handle(Object(Illuminate\\Http\\Request), Object(Closure))
#37 /home/vagrant/Team-Energy/vendor/laravel/framework/src/Illuminate/Pipeline/Pipeline.php(105): Illuminate\\Pipeline\\Pipeline->Illuminate\\Pipeline\\{closure}(Object(Illuminate\\Http\\Request))
#38 /home/vagrant/Team-Energy/vendor/laravel/framework/src/Illuminate/Foundation/Http/Kernel.php(151): Illuminate\\Pipeline\\Pipeline->then(Object(Closure))
#39 /home/vagrant/Team-Energy/vendor/laravel/framework/src/Illuminate/Foundation/Http/Kernel.php(116): Illuminate\\Foundation\\Http\\Kernel->sendRequestThroughRouter(Object(Illuminate\\Http\\Request))
#40 /home/vagrant/Team-Energy/public/index.php(55): Illuminate\\Foundation\\Http\\Kernel->handle(Object(Illuminate\\Http\\Request))
#41 {main}
"} 
[2020-04-08 22:22:53] local.ERROR: SQLSTATE[42S21]: Column already exists: 1060 Duplicate column name 'x' (SQL: create table `keys` (`id` bigint unsigned not null auto_increment primary key, `tid` int not null, `x` double(8, 2) not null, `-x` double(8, 2) not null, `y` double(8, 2) not null, `-y` double(8, 2) not null, `x` double(8, 2) not null, `-x` double(8, 2) not null, `y` double(8, 2) not null, `-y` double(8, 2) not null) default character set utf8mb4 collate 'utf8mb4_unicode_ci') {"exception":"[object] (Illuminate\\Database\\QueryException(code: 42S21): SQLSTATE[42S21]: Column already exists: 1060 Duplicate column name 'x' (SQL: create table `keys` (`id` bigint unsigned not null auto_increment primary key, `tid` int not null, `x` double(8, 2) not null, `-x` double(8, 2) not null, `y` double(8, 2) not null, `-y` double(8, 2) not null, `x` double(8, 2) not null, `-x` double(8, 2) not null, `y` double(8, 2) not null, `-y` double(8, 2) not null) default character set utf8mb4 collate 'utf8mb4_unicode_ci') at /home/reddevil/laravel/Team-Energy/vendor/laravel/framework/src/Illuminate/Database/Connection.php:665)
[stacktrace]
#0 /home/reddevil/laravel/Team-Energy/vendor/laravel/framework/src/Illuminate/Database/Connection.php(625): Illuminate\\Database\\Connection->runQueryCallback()
#1 /home/reddevil/laravel/Team-Energy/vendor/laravel/framework/src/Illuminate/Database/Connection.php(460): Illuminate\\Database\\Connection->run()
#2 /home/reddevil/laravel/Team-Energy/vendor/laravel/framework/src/Illuminate/Database/Schema/Blueprint.php(97): Illuminate\\Database\\Connection->statement()
#3 /home/reddevil/laravel/Team-Energy/vendor/laravel/framework/src/Illuminate/Database/Schema/Builder.php(290): Illuminate\\Database\\Schema\\Blueprint->build()
#4 /home/reddevil/laravel/Team-Energy/vendor/laravel/framework/src/Illuminate/Database/Schema/Builder.php(167): Illuminate\\Database\\Schema\\Builder->build()
#5 /home/reddevil/laravel/Team-Energy/vendor/laravel/framework/src/Illuminate/Support/Facades/Facade.php(239): Illuminate\\Database\\Schema\\Builder->create()
#6 /home/reddevil/laravel/Team-Energy/database/migrations/2020_03_25_133552_create_keys_table.php(29): Illuminate\\Support\\Facades\\Facade::__callStatic()
#7 /home/reddevil/laravel/Team-Energy/vendor/laravel/framework/src/Illuminate/Database/Migrations/Migrator.php(387): CreateKeysTable->up()
#8 /home/reddevil/laravel/Team-Energy/vendor/laravel/framework/src/Illuminate/Database/Migrations/Migrator.php(396): Illuminate\\Database\\Migrations\\Migrator->Illuminate\\Database\\Migrations\\{closure}()
#9 /home/reddevil/laravel/Team-Energy/vendor/laravel/framework/src/Illuminate/Database/Migrations/Migrator.php(197): Illuminate\\Database\\Migrations\\Migrator->runMigration()
#10 /home/reddevil/laravel/Team-Energy/vendor/laravel/framework/src/Illuminate/Database/Migrations/Migrator.php(162): Illuminate\\Database\\Migrations\\Migrator->runUp()
#11 /home/reddevil/laravel/Team-Energy/vendor/laravel/framework/src/Illuminate/Database/Migrations/Migrator.php(109): Illuminate\\Database\\Migrations\\Migrator->runPending()
#12 /home/reddevil/laravel/Team-Energy/vendor/laravel/framework/src/Illuminate/Database/Console/Migrations/MigrateCommand.php(71): Illuminate\\Database\\Migrations\\Migrator->run()
#13 [internal function]: Illuminate\\Database\\Console\\Migrations\\MigrateCommand->handle()
#14 /home/reddevil/laravel/Team-Energy/vendor/laravel/framework/src/Illuminate/Container/BoundMethod.php(32): call_user_func_array()
#15 /home/reddevil/laravel/Team-Energy/vendor/laravel/framework/src/Illuminate/Support/helpers.php(522): Illuminate\\Container\\BoundMethod::Illuminate\\Container\\{closure}()
#16 /home/reddevil/laravel/Team-Energy/vendor/laravel/framework/src/Illuminate/Container/BoundMethod.php(90): value()
#17 /home/reddevil/laravel/Team-Energy/vendor/laravel/framework/src/Illuminate/Container/BoundMethod.php(34): Illuminate\\Container\\BoundMethod::callBoundMethod()
#18 /home/reddevil/laravel/Team-Energy/vendor/laravel/framework/src/Illuminate/Container/Container.php(591): Illuminate\\Container\\BoundMethod::call()
#19 /home/reddevil/laravel/Team-Energy/vendor/laravel/framework/src/Illuminate/Console/Command.php(202): Illuminate\\Container\\Container->call()
#20 /home/reddevil/laravel/Team-Energy/vendor/symfony/console/Command/Command.php(255): Illuminate\\Console\\Command->execute()
#21 /home/reddevil/laravel/Team-Energy/vendor/laravel/framework/src/Illuminate/Console/Command.php(189): Symfony\\Component\\Console\\Command\\Command->run()
#22 /home/reddevil/laravel/Team-Energy/vendor/laravel/framework/src/Illuminate/Console/Command.php(242): Illuminate\\Console\\Command->run()
#23 /home/reddevil/laravel/Team-Energy/vendor/laravel/framework/src/Illuminate/Console/Command.php(214): Illuminate\\Console\\Command->runCommand()
#24 /home/reddevil/laravel/Team-Energy/vendor/laravel/framework/src/Illuminate/Database/Console/Migrations/FreshCommand.php(52): Illuminate\\Console\\Command->call()
#25 [internal function]: Illuminate\\Database\\Console\\Migrations\\FreshCommand->handle()
#26 /home/reddevil/laravel/Team-Energy/vendor/laravel/framework/src/Illuminate/Container/BoundMethod.php(32): call_user_func_array()
#27 /home/reddevil/laravel/Team-Energy/vendor/laravel/framework/src/Illuminate/Support/helpers.php(522): Illuminate\\Container\\BoundMethod::Illuminate\\Container\\{closure}()
#28 /home/reddevil/laravel/Team-Energy/vendor/laravel/framework/src/Illuminate/Container/BoundMethod.php(90): value()
#29 /home/reddevil/laravel/Team-Energy/vendor/laravel/framework/src/Illuminate/Container/BoundMethod.php(34): Illuminate\\Container\\BoundMethod::callBoundMethod()
#30 /home/reddevil/laravel/Team-Energy/vendor/laravel/framework/src/Illuminate/Container/Container.php(591): Illuminate\\Container\\BoundMethod::call()
#31 /home/reddevil/laravel/Team-Energy/vendor/laravel/framework/src/Illuminate/Console/Command.php(202): Illuminate\\Container\\Container->call()
#32 /home/reddevil/laravel/Team-Energy/vendor/symfony/console/Command/Command.php(255): Illuminate\\Console\\Command->execute()
#33 /home/reddevil/laravel/Team-Energy/vendor/laravel/framework/src/Illuminate/Console/Command.php(189): Symfony\\Component\\Console\\Command\\Command->run()
#34 /home/reddevil/laravel/Team-Energy/vendor/symfony/console/Application.php(1001): Illuminate\\Console\\Command->run()
#35 /home/reddevil/laravel/Team-Energy/vendor/symfony/console/Application.php(271): Symfony\\Component\\Console\\Application->doRunCommand()
#36 /home/reddevil/laravel/Team-Energy/vendor/symfony/console/Application.php(147): Symfony\\Component\\Console\\Application->doRun()
#37 /home/reddevil/laravel/Team-Energy/vendor/laravel/framework/src/Illuminate/Console/Application.php(90): Symfony\\Component\\Console\\Application->run()
#38 /home/reddevil/laravel/Team-Energy/vendor/laravel/framework/src/Illuminate/Foundation/Console/Kernel.php(131): Illuminate\\Console\\Application->run()
#39 /home/reddevil/laravel/Team-Energy/artisan(37): Illuminate\\Foundation\\Console\\Kernel->handle()
#40 {main}

[previous exception] [object] (PDOException(code: 42S21): SQLSTATE[42S21]: Column already exists: 1060 Duplicate column name 'x' at /home/reddevil/laravel/Team-Energy/vendor/laravel/framework/src/Illuminate/Database/Connection.php:459)
[stacktrace]
#0 /home/reddevil/laravel/Team-Energy/vendor/laravel/framework/src/Illuminate/Database/Connection.php(459): PDOStatement->execute()
#1 /home/reddevil/laravel/Team-Energy/vendor/laravel/framework/src/Illuminate/Database/Connection.php(658): Illuminate\\Database\\Connection->Illuminate\\Database\\{closure}()
#2 /home/reddevil/laravel/Team-Energy/vendor/laravel/framework/src/Illuminate/Database/Connection.php(625): Illuminate\\Database\\Connection->runQueryCallback()
#3 /home/reddevil/laravel/Team-Energy/vendor/laravel/framework/src/Illuminate/Database/Connection.php(460): Illuminate\\Database\\Connection->run()
#4 /home/reddevil/laravel/Team-Energy/vendor/laravel/framework/src/Illuminate/Database/Schema/Blueprint.php(97): Illuminate\\Database\\Connection->statement()
#5 /home/reddevil/laravel/Team-Energy/vendor/laravel/framework/src/Illuminate/Database/Schema/Builder.php(290): Illuminate\\Database\\Schema\\Blueprint->build()
#6 /home/reddevil/laravel/Team-Energy/vendor/laravel/framework/src/Illuminate/Database/Schema/Builder.php(167): Illuminate\\Database\\Schema\\Builder->build()
#7 /home/reddevil/laravel/Team-Energy/vendor/laravel/framework/src/Illuminate/Support/Facades/Facade.php(239): Illuminate\\Database\\Schema\\Builder->create()
#8 /home/reddevil/laravel/Team-Energy/database/migrations/2020_03_25_133552_create_keys_table.php(29): Illuminate\\Support\\Facades\\Facade::__callStatic()
#9 /home/reddevil/laravel/Team-Energy/vendor/laravel/framework/src/Illuminate/Database/Migrations/Migrator.php(387): CreateKeysTable->up()
#10 /home/reddevil/laravel/Team-Energy/vendor/laravel/framework/src/Illuminate/Database/Migrations/Migrator.php(396): Illuminate\\Database\\Migrations\\Migrator->Illuminate\\Database\\Migrations\\{closure}()
#11 /home/reddevil/laravel/Team-Energy/vendor/laravel/framework/src/Illuminate/Database/Migrations/Migrator.php(197): Illuminate\\Database\\Migrations\\Migrator->runMigration()
#12 /home/reddevil/laravel/Team-Energy/vendor/laravel/framework/src/Illuminate/Database/Migrations/Migrator.php(162): Illuminate\\Database\\Migrations\\Migrator->runUp()
#13 /home/reddevil/laravel/Team-Energy/vendor/laravel/framework/src/Illuminate/Database/Migrations/Migrator.php(109): Illuminate\\Database\\Migrations\\Migrator->runPending()
#14 /home/reddevil/laravel/Team-Energy/vendor/laravel/framework/src/Illuminate/Database/Console/Migrations/MigrateCommand.php(71): Illuminate\\Database\\Migrations\\Migrator->run()
#15 [internal function]: Illuminate\\Database\\Console\\Migrations\\MigrateCommand->handle()
#16 /home/reddevil/laravel/Team-Energy/vendor/laravel/framework/src/Illuminate/Container/BoundMethod.php(32): call_user_func_array()
#17 /home/reddevil/laravel/Team-Energy/vendor/laravel/framework/src/Illuminate/Support/helpers.php(522): Illuminate\\Container\\BoundMethod::Illuminate\\Container\\{closure}()
#18 /home/reddevil/laravel/Team-Energy/vendor/laravel/framework/src/Illuminate/Container/BoundMethod.php(90): value()
#19 /home/reddevil/laravel/Team-Energy/vendor/laravel/framework/src/Illuminate/Container/BoundMethod.php(34): Illuminate\\Container\\BoundMethod::callBoundMethod()
#20 /home/reddevil/laravel/Team-Energy/vendor/laravel/framework/src/Illuminate/Container/Container.php(591): Illuminate\\Container\\BoundMethod::call()
#21 /home/reddevil/laravel/Team-Energy/vendor/laravel/framework/src/Illuminate/Console/Command.php(202): Illuminate\\Container\\Container->call()
#22 /home/reddevil/laravel/Team-Energy/vendor/symfony/console/Command/Command.php(255): Illuminate\\Console\\Command->execute()
#23 /home/reddevil/laravel/Team-Energy/vendor/laravel/framework/src/Illuminate/Console/Command.php(189): Symfony\\Component\\Console\\Command\\Command->run()
#24 /home/reddevil/laravel/Team-Energy/vendor/laravel/framework/src/Illuminate/Console/Command.php(242): Illuminate\\Console\\Command->run()
#25 /home/reddevil/laravel/Team-Energy/vendor/laravel/framework/src/Illuminate/Console/Command.php(214): Illuminate\\Console\\Command->runCommand()
#26 /home/reddevil/laravel/Team-Energy/vendor/laravel/framework/src/Illuminate/Database/Console/Migrations/FreshCommand.php(52): Illuminate\\Console\\Command->call()
#27 [internal function]: Illuminate\\Database\\Console\\Migrations\\FreshCommand->handle()
#28 /home/reddevil/laravel/Team-Energy/vendor/laravel/framework/src/Illuminate/Container/BoundMethod.php(32): call_user_func_array()
#29 /home/reddevil/laravel/Team-Energy/vendor/laravel/framework/src/Illuminate/Support/helpers.php(522): Illuminate\\Container\\BoundMethod::Illuminate\\Container\\{closure}()
#30 /home/reddevil/laravel/Team-Energy/vendor/laravel/framework/src/Illuminate/Container/BoundMethod.php(90): value()
#31 /home/reddevil/laravel/Team-Energy/vendor/laravel/framework/src/Illuminate/Container/BoundMethod.php(34): Illuminate\\Container\\BoundMethod::callBoundMethod()
#32 /home/reddevil/laravel/Team-Energy/vendor/laravel/framework/src/Illuminate/Container/Container.php(591): Illuminate\\Container\\BoundMethod::call()
#33 /home/reddevil/laravel/Team-Energy/vendor/laravel/framework/src/Illuminate/Console/Command.php(202): Illuminate\\Container\\Container->call()
#34 /home/reddevil/laravel/Team-Energy/vendor/symfony/console/Command/Command.php(255): Illuminate\\Console\\Command->execute()
#35 /home/reddevil/laravel/Team-Energy/vendor/laravel/framework/src/Illuminate/Console/Command.php(189): Symfony\\Component\\Console\\Command\\Command->run()
#36 /home/reddevil/laravel/Team-Energy/vendor/symfony/console/Application.php(1001): Illuminate\\Console\\Command->run()
#37 /home/reddevil/laravel/Team-Energy/vendor/symfony/console/Application.php(271): Symfony\\Component\\Console\\Application->doRunCommand()
#38 /home/reddevil/laravel/Team-Energy/vendor/symfony/console/Application.php(147): Symfony\\Component\\Console\\Application->doRun()
#39 /home/reddevil/laravel/Team-Energy/vendor/laravel/framework/src/Illuminate/Console/Application.php(90): Symfony\\Component\\Console\\Application->run()
#40 /home/reddevil/laravel/Team-Energy/vendor/laravel/framework/src/Illuminate/Foundation/Console/Kernel.php(131): Illuminate\\Console\\Application->run()
#41 /home/reddevil/laravel/Team-Energy/artisan(37): Illuminate\\Foundation\\Console\\Kernel->handle()
#42 {main}
"} 
[2020-04-08 22:40:47] local.ERROR: SQLSTATE[42S22]: Column not found: 1054 Unknown column 'xl' in 'field list' (SQL: insert into `keys` (`id`, `tid`, `xl`, `-xl`, `yl`, `-yl`, `xr`, `-xr`, `yr`, `-yr`) values (1, 1, 1, 0, 0, 0, 0, 1, 0, 0)) {"exception":"[object] (Illuminate\\Database\\QueryException(code: 42S22): SQLSTATE[42S22]: Column not found: 1054 Unknown column 'xl' in 'field list' (SQL: insert into `keys` (`id`, `tid`, `xl`, `-xl`, `yl`, `-yl`, `xr`, `-xr`, `yr`, `-yr`) values (1, 1, 1, 0, 0, 0, 0, 1, 0, 0)) at /home/reddevil/laravel/Team-Energy/vendor/laravel/framework/src/Illuminate/Database/Connection.php:665)
[stacktrace]
#0 /home/reddevil/laravel/Team-Energy/vendor/laravel/framework/src/Illuminate/Database/Connection.php(625): Illuminate\\Database\\Connection->runQueryCallback()
#1 /home/reddevil/laravel/Team-Energy/vendor/laravel/framework/src/Illuminate/Database/Connection.php(460): Illuminate\\Database\\Connection->run()
#2 /home/reddevil/laravel/Team-Energy/vendor/laravel/framework/src/Illuminate/Database/Connection.php(412): Illuminate\\Database\\Connection->statement()
#3 /home/reddevil/laravel/Team-Energy/vendor/laravel/framework/src/Illuminate/Database/Query/Builder.php(2614): Illuminate\\Database\\Connection->insert()
#4 /home/reddevil/laravel/Team-Energy/database/seeds/KeyTableSeeder.php(16): Illuminate\\Database\\Query\\Builder->insert()
#5 [internal function]: KeyTableSeeder->run()
#6 /home/reddevil/laravel/Team-Energy/vendor/laravel/framework/src/Illuminate/Container/BoundMethod.php(32): call_user_func_array()
#7 /home/reddevil/laravel/Team-Energy/vendor/laravel/framework/src/Illuminate/Support/helpers.php(522): Illuminate\\Container\\BoundMethod::Illuminate\\Container\\{closure}()
#8 /home/reddevil/laravel/Team-Energy/vendor/laravel/framework/src/Illuminate/Container/BoundMethod.php(90): value()
#9 /home/reddevil/laravel/Team-Energy/vendor/laravel/framework/src/Illuminate/Container/BoundMethod.php(34): Illuminate\\Container\\BoundMethod::callBoundMethod()
#10 /home/reddevil/laravel/Team-Energy/vendor/laravel/framework/src/Illuminate/Container/Container.php(591): Illuminate\\Container\\BoundMethod::call()
#11 /home/reddevil/laravel/Team-Energy/vendor/laravel/framework/src/Illuminate/Database/Seeder.php(124): Illuminate\\Container\\Container->call()
#12 /home/reddevil/laravel/Team-Energy/vendor/laravel/framework/src/Illuminate/Database/Seeder.php(44): Illuminate\\Database\\Seeder->__invoke()
#13 /home/reddevil/laravel/Team-Energy/database/seeds/DatabaseSeeder.php(16): Illuminate\\Database\\Seeder->call()
#14 [internal function]: DatabaseSeeder->run()
#15 /home/reddevil/laravel/Team-Energy/vendor/laravel/framework/src/Illuminate/Container/BoundMethod.php(32): call_user_func_array()
#16 /home/reddevil/laravel/Team-Energy/vendor/laravel/framework/src/Illuminate/Support/helpers.php(522): Illuminate\\Container\\BoundMethod::Illuminate\\Container\\{closure}()
#17 /home/reddevil/laravel/Team-Energy/vendor/laravel/framework/src/Illuminate/Container/BoundMethod.php(90): value()
#18 /home/reddevil/laravel/Team-Energy/vendor/laravel/framework/src/Illuminate/Container/BoundMethod.php(34): Illuminate\\Container\\BoundMethod::callBoundMethod()
#19 /home/reddevil/laravel/Team-Energy/vendor/laravel/framework/src/Illuminate/Container/Container.php(591): Illuminate\\Container\\BoundMethod::call()
#20 /home/reddevil/laravel/Team-Energy/vendor/laravel/framework/src/Illuminate/Database/Seeder.php(124): Illuminate\\Container\\Container->call()
#21 /home/reddevil/laravel/Team-Energy/vendor/laravel/framework/src/Illuminate/Database/Console/Seeds/SeedCommand.php(63): Illuminate\\Database\\Seeder->__invoke()
#22 /home/reddevil/laravel/Team-Energy/vendor/laravel/framework/src/Illuminate/Database/Eloquent/Concerns/GuardsAttributes.php(122): Illuminate\\Database\\Console\\Seeds\\SeedCommand->Illuminate\\Database\\Console\\Seeds\\{closure}()
#23 /home/reddevil/laravel/Team-Energy/vendor/laravel/framework/src/Illuminate/Database/Console/Seeds/SeedCommand.php(64): Illuminate\\Database\\Eloquent\\Model::unguarded()
#24 [internal function]: Illuminate\\Database\\Console\\Seeds\\SeedCommand->handle()
#25 /home/reddevil/laravel/Team-Energy/vendor/laravel/framework/src/Illuminate/Container/BoundMethod.php(32): call_user_func_array()
#26 /home/reddevil/laravel/Team-Energy/vendor/laravel/framework/src/Illuminate/Support/helpers.php(522): Illuminate\\Container\\BoundMethod::Illuminate\\Container\\{closure}()
#27 /home/reddevil/laravel/Team-Energy/vendor/laravel/framework/src/Illuminate/Container/BoundMethod.php(90): value()
#28 /home/reddevil/laravel/Team-Energy/vendor/laravel/framework/src/Illuminate/Container/BoundMethod.php(34): Illuminate\\Container\\BoundMethod::callBoundMethod()
#29 /home/reddevil/laravel/Team-Energy/vendor/laravel/framework/src/Illuminate/Container/Container.php(591): Illuminate\\Container\\BoundMethod::call()
#30 /home/reddevil/laravel/Team-Energy/vendor/laravel/framework/src/Illuminate/Console/Command.php(202): Illuminate\\Container\\Container->call()
#31 /home/reddevil/laravel/Team-Energy/vendor/symfony/console/Command/Command.php(255): Illuminate\\Console\\Command->execute()
#32 /home/reddevil/laravel/Team-Energy/vendor/laravel/framework/src/Illuminate/Console/Command.php(189): Symfony\\Component\\Console\\Command\\Command->run()
#33 /home/reddevil/laravel/Team-Energy/vendor/laravel/framework/src/Illuminate/Console/Command.php(242): Illuminate\\Console\\Command->run()
#34 /home/reddevil/laravel/Team-Energy/vendor/laravel/framework/src/Illuminate/Console/Command.php(214): Illuminate\\Console\\Command->runCommand()
#35 /home/reddevil/laravel/Team-Energy/vendor/laravel/framework/src/Illuminate/Database/Console/Migrations/FreshCommand.php(79): Illuminate\\Console\\Command->call()
#36 /home/reddevil/laravel/Team-Energy/vendor/laravel/framework/src/Illuminate/Database/Console/Migrations/FreshCommand.php(56): Illuminate\\Database\\Console\\Migrations\\FreshCommand->runSeeder()
#37 [internal function]: Illuminate\\Database\\Console\\Migrations\\FreshCommand->handle()
#38 /home/reddevil/laravel/Team-Energy/vendor/laravel/framework/src/Illuminate/Container/BoundMethod.php(32): call_user_func_array()
#39 /home/reddevil/laravel/Team-Energy/vendor/laravel/framework/src/Illuminate/Support/helpers.php(522): Illuminate\\Container\\BoundMethod::Illuminate\\Container\\{closure}()
#40 /home/reddevil/laravel/Team-Energy/vendor/laravel/framework/src/Illuminate/Container/BoundMethod.php(90): value()
#41 /home/reddevil/laravel/Team-Energy/vendor/laravel/framework/src/Illuminate/Container/BoundMethod.php(34): Illuminate\\Container\\BoundMethod::callBoundMethod()
#42 /home/reddevil/laravel/Team-Energy/vendor/laravel/framework/src/Illuminate/Container/Container.php(591): Illuminate\\Container\\BoundMethod::call()
#43 /home/reddevil/laravel/Team-Energy/vendor/laravel/framework/src/Illuminate/Console/Command.php(202): Illuminate\\Container\\Container->call()
#44 /home/reddevil/laravel/Team-Energy/vendor/symfony/console/Command/Command.php(255): Illuminate\\Console\\Command->execute()
#45 /home/reddevil/laravel/Team-Energy/vendor/laravel/framework/src/Illuminate/Console/Command.php(189): Symfony\\Component\\Console\\Command\\Command->run()
#46 /home/reddevil/laravel/Team-Energy/vendor/symfony/console/Application.php(1001): Illuminate\\Console\\Command->run()
#47 /home/reddevil/laravel/Team-Energy/vendor/symfony/console/Application.php(271): Symfony\\Component\\Console\\Application->doRunCommand()
#48 /home/reddevil/laravel/Team-Energy/vendor/symfony/console/Application.php(147): Symfony\\Component\\Console\\Application->doRun()
#49 /home/reddevil/laravel/Team-Energy/vendor/laravel/framework/src/Illuminate/Console/Application.php(90): Symfony\\Component\\Console\\Application->run()
#50 /home/reddevil/laravel/Team-Energy/vendor/laravel/framework/src/Illuminate/Foundation/Console/Kernel.php(131): Illuminate\\Console\\Application->run()
#51 /home/reddevil/laravel/Team-Energy/artisan(37): Illuminate\\Foundation\\Console\\Kernel->handle()
#52 {main}

[previous exception] [object] (PDOException(code: 42S22): SQLSTATE[42S22]: Column not found: 1054 Unknown column 'xl' in 'field list' at /home/reddevil/laravel/Team-Energy/vendor/laravel/framework/src/Illuminate/Database/Connection.php:453)
[stacktrace]
#0 /home/reddevil/laravel/Team-Energy/vendor/laravel/framework/src/Illuminate/Database/Connection.php(453): PDO->prepare()
#1 /home/reddevil/laravel/Team-Energy/vendor/laravel/framework/src/Illuminate/Database/Connection.php(658): Illuminate\\Database\\Connection->Illuminate\\Database\\{closure}()
#2 /home/reddevil/laravel/Team-Energy/vendor/laravel/framework/src/Illuminate/Database/Connection.php(625): Illuminate\\Database\\Connection->runQueryCallback()
#3 /home/reddevil/laravel/Team-Energy/vendor/laravel/framework/src/Illuminate/Database/Connection.php(460): Illuminate\\Database\\Connection->run()
#4 /home/reddevil/laravel/Team-Energy/vendor/laravel/framework/src/Illuminate/Database/Connection.php(412): Illuminate\\Database\\Connection->statement()
#5 /home/reddevil/laravel/Team-Energy/vendor/laravel/framework/src/Illuminate/Database/Query/Builder.php(2614): Illuminate\\Database\\Connection->insert()
#6 /home/reddevil/laravel/Team-Energy/database/seeds/KeyTableSeeder.php(16): Illuminate\\Database\\Query\\Builder->insert()
#7 [internal function]: KeyTableSeeder->run()
#8 /home/reddevil/laravel/Team-Energy/vendor/laravel/framework/src/Illuminate/Container/BoundMethod.php(32): call_user_func_array()
#9 /home/reddevil/laravel/Team-Energy/vendor/laravel/framework/src/Illuminate/Support/helpers.php(522): Illuminate\\Container\\BoundMethod::Illuminate\\Container\\{closure}()
#10 /home/reddevil/laravel/Team-Energy/vendor/laravel/framework/src/Illuminate/Container/BoundMethod.php(90): value()
#11 /home/reddevil/laravel/Team-Energy/vendor/laravel/framework/src/Illuminate/Container/BoundMethod.php(34): Illuminate\\Container\\BoundMethod::callBoundMethod()
#12 /home/reddevil/laravel/Team-Energy/vendor/laravel/framework/src/Illuminate/Container/Container.php(591): Illuminate\\Container\\BoundMethod::call()
#13 /home/reddevil/laravel/Team-Energy/vendor/laravel/framework/src/Illuminate/Database/Seeder.php(124): Illuminate\\Container\\Container->call()
#14 /home/reddevil/laravel/Team-Energy/vendor/laravel/framework/src/Illuminate/Database/Seeder.php(44): Illuminate\\Database\\Seeder->__invoke()
#15 /home/reddevil/laravel/Team-Energy/database/seeds/DatabaseSeeder.php(16): Illuminate\\Database\\Seeder->call()
#16 [internal function]: DatabaseSeeder->run()
#17 /home/reddevil/laravel/Team-Energy/vendor/laravel/framework/src/Illuminate/Container/BoundMethod.php(32): call_user_func_array()
#18 /home/reddevil/laravel/Team-Energy/vendor/laravel/framework/src/Illuminate/Support/helpers.php(522): Illuminate\\Container\\BoundMethod::Illuminate\\Container\\{closure}()
#19 /home/reddevil/laravel/Team-Energy/vendor/laravel/framework/src/Illuminate/Container/BoundMethod.php(90): value()
#20 /home/reddevil/laravel/Team-Energy/vendor/laravel/framework/src/Illuminate/Container/BoundMethod.php(34): Illuminate\\Container\\BoundMethod::callBoundMethod()
#21 /home/reddevil/laravel/Team-Energy/vendor/laravel/framework/src/Illuminate/Container/Container.php(591): Illuminate\\Container\\BoundMethod::call()
#22 /home/reddevil/laravel/Team-Energy/vendor/laravel/framework/src/Illuminate/Database/Seeder.php(124): Illuminate\\Container\\Container->call()
#23 /home/reddevil/laravel/Team-Energy/vendor/laravel/framework/src/Illuminate/Database/Console/Seeds/SeedCommand.php(63): Illuminate\\Database\\Seeder->__invoke()
#24 /home/reddevil/laravel/Team-Energy/vendor/laravel/framework/src/Illuminate/Database/Eloquent/Concerns/GuardsAttributes.php(122): Illuminate\\Database\\Console\\Seeds\\SeedCommand->Illuminate\\Database\\Console\\Seeds\\{closure}()
#25 /home/reddevil/laravel/Team-Energy/vendor/laravel/framework/src/Illuminate/Database/Console/Seeds/SeedCommand.php(64): Illuminate\\Database\\Eloquent\\Model::unguarded()
#26 [internal function]: Illuminate\\Database\\Console\\Seeds\\SeedCommand->handle()
#27 /home/reddevil/laravel/Team-Energy/vendor/laravel/framework/src/Illuminate/Container/BoundMethod.php(32): call_user_func_array()
#28 /home/reddevil/laravel/Team-Energy/vendor/laravel/framework/src/Illuminate/Support/helpers.php(522): Illuminate\\Container\\BoundMethod::Illuminate\\Container\\{closure}()
#29 /home/reddevil/laravel/Team-Energy/vendor/laravel/framework/src/Illuminate/Container/BoundMethod.php(90): value()
#30 /home/reddevil/laravel/Team-Energy/vendor/laravel/framework/src/Illuminate/Container/BoundMethod.php(34): Illuminate\\Container\\BoundMethod::callBoundMethod()
#31 /home/reddevil/laravel/Team-Energy/vendor/laravel/framework/src/Illuminate/Container/Container.php(591): Illuminate\\Container\\BoundMethod::call()
#32 /home/reddevil/laravel/Team-Energy/vendor/laravel/framework/src/Illuminate/Console/Command.php(202): Illuminate\\Container\\Container->call()
#33 /home/reddevil/laravel/Team-Energy/vendor/symfony/console/Command/Command.php(255): Illuminate\\Console\\Command->execute()
#34 /home/reddevil/laravel/Team-Energy/vendor/laravel/framework/src/Illuminate/Console/Command.php(189): Symfony\\Component\\Console\\Command\\Command->run()
#35 /home/reddevil/laravel/Team-Energy/vendor/laravel/framework/src/Illuminate/Console/Command.php(242): Illuminate\\Console\\Command->run()
#36 /home/reddevil/laravel/Team-Energy/vendor/laravel/framework/src/Illuminate/Console/Command.php(214): Illuminate\\Console\\Command->runCommand()
#37 /home/reddevil/laravel/Team-Energy/vendor/laravel/framework/src/Illuminate/Database/Console/Migrations/FreshCommand.php(79): Illuminate\\Console\\Command->call()
#38 /home/reddevil/laravel/Team-Energy/vendor/laravel/framework/src/Illuminate/Database/Console/Migrations/FreshCommand.php(56): Illuminate\\Database\\Console\\Migrations\\FreshCommand->runSeeder()
#39 [internal function]: Illuminate\\Database\\Console\\Migrations\\FreshCommand->handle()
#40 /home/reddevil/laravel/Team-Energy/vendor/laravel/framework/src/Illuminate/Container/BoundMethod.php(32): call_user_func_array()
#41 /home/reddevil/laravel/Team-Energy/vendor/laravel/framework/src/Illuminate/Support/helpers.php(522): Illuminate\\Container\\BoundMethod::Illuminate\\Container\\{closure}()
#42 /home/reddevil/laravel/Team-Energy/vendor/laravel/framework/src/Illuminate/Container/BoundMethod.php(90): value()
#43 /home/reddevil/laravel/Team-Energy/vendor/laravel/framework/src/Illuminate/Container/BoundMethod.php(34): Illuminate\\Container\\BoundMethod::callBoundMethod()
#44 /home/reddevil/laravel/Team-Energy/vendor/laravel/framework/src/Illuminate/Container/Container.php(591): Illuminate\\Container\\BoundMethod::call()
#45 /home/reddevil/laravel/Team-Energy/vendor/laravel/framework/src/Illuminate/Console/Command.php(202): Illuminate\\Container\\Container->call()
#46 /home/reddevil/laravel/Team-Energy/vendor/symfony/console/Command/Command.php(255): Illuminate\\Console\\Command->execute()
#47 /home/reddevil/laravel/Team-Energy/vendor/laravel/framework/src/Illuminate/Console/Command.php(189): Symfony\\Component\\Console\\Command\\Command->run()
#48 /home/reddevil/laravel/Team-Energy/vendor/symfony/console/Application.php(1001): Illuminate\\Console\\Command->run()
#49 /home/reddevil/laravel/Team-Energy/vendor/symfony/console/Application.php(271): Symfony\\Component\\Console\\Application->doRunCommand()
#50 /home/reddevil/laravel/Team-Energy/vendor/symfony/console/Application.php(147): Symfony\\Component\\Console\\Application->doRun()
#51 /home/reddevil/laravel/Team-Energy/vendor/laravel/framework/src/Illuminate/Console/Application.php(90): Symfony\\Component\\Console\\Application->run()
#52 /home/reddevil/laravel/Team-Energy/vendor/laravel/framework/src/Illuminate/Foundation/Console/Kernel.php(131): Illuminate\\Console\\Application->run()
#53 /home/reddevil/laravel/Team-Energy/artisan(37): Illuminate\\Foundation\\Console\\Kernel->handle()
#54 {main}
"} 
[2020-04-08 22:41:13] local.ERROR: syntax error, unexpected 'positive_xr' (T_STRING), expecting ']' {"exception":"[object] (Symfony\\Component\\Debug\\Exception\\FatalThrowableError(code: 0): syntax error, unexpected 'positive_xr' (T_STRING), expecting ']' at /home/reddevil/laravel/Team-Energy/database/seeds/KeyTableSeeder.php:78)
[stacktrace]
#0 /home/reddevil/laravel/Team-Energy/vendor/composer/ClassLoader.php(322): Composer\\Autoload\\includeFile()
#1 [internal function]: Composer\\Autoload\\ClassLoader->loadClass()
#2 [internal function]: spl_autoload_call()
#3 /home/reddevil/laravel/Team-Energy/vendor/laravel/framework/src/Illuminate/Container/Container.php(804): ReflectionClass->__construct()
#4 /home/reddevil/laravel/Team-Energy/vendor/laravel/framework/src/Illuminate/Container/Container.php(682): Illuminate\\Container\\Container->build()
#5 /home/reddevil/laravel/Team-Energy/vendor/laravel/framework/src/Illuminate/Container/Container.php(630): Illuminate\\Container\\Container->resolve()
#6 /home/reddevil/laravel/Team-Energy/vendor/laravel/framework/src/Illuminate/Foundation/Application.php(768): Illuminate\\Container\\Container->make()
#7 /home/reddevil/laravel/Team-Energy/vendor/laravel/framework/src/Illuminate/Database/Seeder.php(70): Illuminate\\Foundation\\Application->make()
#8 /home/reddevil/laravel/Team-Energy/vendor/laravel/framework/src/Illuminate/Database/Seeder.php(38): Illuminate\\Database\\Seeder->resolve()
#9 /home/reddevil/laravel/Team-Energy/database/seeds/DatabaseSeeder.php(16): Illuminate\\Database\\Seeder->call()
#10 [internal function]: DatabaseSeeder->run()
#11 /home/reddevil/laravel/Team-Energy/vendor/laravel/framework/src/Illuminate/Container/BoundMethod.php(32): call_user_func_array()
#12 /home/reddevil/laravel/Team-Energy/vendor/laravel/framework/src/Illuminate/Support/helpers.php(522): Illuminate\\Container\\BoundMethod::Illuminate\\Container\\{closure}()
#13 /home/reddevil/laravel/Team-Energy/vendor/laravel/framework/src/Illuminate/Container/BoundMethod.php(90): value()
#14 /home/reddevil/laravel/Team-Energy/vendor/laravel/framework/src/Illuminate/Container/BoundMethod.php(34): Illuminate\\Container\\BoundMethod::callBoundMethod()
#15 /home/reddevil/laravel/Team-Energy/vendor/laravel/framework/src/Illuminate/Container/Container.php(591): Illuminate\\Container\\BoundMethod::call()
#16 /home/reddevil/laravel/Team-Energy/vendor/laravel/framework/src/Illuminate/Database/Seeder.php(124): Illuminate\\Container\\Container->call()
#17 /home/reddevil/laravel/Team-Energy/vendor/laravel/framework/src/Illuminate/Database/Console/Seeds/SeedCommand.php(63): Illuminate\\Database\\Seeder->__invoke()
#18 /home/reddevil/laravel/Team-Energy/vendor/laravel/framework/src/Illuminate/Database/Eloquent/Concerns/GuardsAttributes.php(122): Illuminate\\Database\\Console\\Seeds\\SeedCommand->Illuminate\\Database\\Console\\Seeds\\{closure}()
#19 /home/reddevil/laravel/Team-Energy/vendor/laravel/framework/src/Illuminate/Database/Console/Seeds/SeedCommand.php(64): Illuminate\\Database\\Eloquent\\Model::unguarded()
#20 [internal function]: Illuminate\\Database\\Console\\Seeds\\SeedCommand->handle()
#21 /home/reddevil/laravel/Team-Energy/vendor/laravel/framework/src/Illuminate/Container/BoundMethod.php(32): call_user_func_array()
#22 /home/reddevil/laravel/Team-Energy/vendor/laravel/framework/src/Illuminate/Support/helpers.php(522): Illuminate\\Container\\BoundMethod::Illuminate\\Container\\{closure}()
#23 /home/reddevil/laravel/Team-Energy/vendor/laravel/framework/src/Illuminate/Container/BoundMethod.php(90): value()
#24 /home/reddevil/laravel/Team-Energy/vendor/laravel/framework/src/Illuminate/Container/BoundMethod.php(34): Illuminate\\Container\\BoundMethod::callBoundMethod()
#25 /home/reddevil/laravel/Team-Energy/vendor/laravel/framework/src/Illuminate/Container/Container.php(591): Illuminate\\Container\\BoundMethod::call()
#26 /home/reddevil/laravel/Team-Energy/vendor/laravel/framework/src/Illuminate/Console/Command.php(202): Illuminate\\Container\\Container->call()
#27 /home/reddevil/laravel/Team-Energy/vendor/symfony/console/Command/Command.php(255): Illuminate\\Console\\Command->execute()
#28 /home/reddevil/laravel/Team-Energy/vendor/laravel/framework/src/Illuminate/Console/Command.php(189): Symfony\\Component\\Console\\Command\\Command->run()
#29 /home/reddevil/laravel/Team-Energy/vendor/laravel/framework/src/Illuminate/Console/Command.php(242): Illuminate\\Console\\Command->run()
#30 /home/reddevil/laravel/Team-Energy/vendor/laravel/framework/src/Illuminate/Console/Command.php(214): Illuminate\\Console\\Command->runCommand()
#31 /home/reddevil/laravel/Team-Energy/vendor/laravel/framework/src/Illuminate/Database/Console/Migrations/FreshCommand.php(79): Illuminate\\Console\\Command->call()
#32 /home/reddevil/laravel/Team-Energy/vendor/laravel/framework/src/Illuminate/Database/Console/Migrations/FreshCommand.php(56): Illuminate\\Database\\Console\\Migrations\\FreshCommand->runSeeder()
#33 [internal function]: Illuminate\\Database\\Console\\Migrations\\FreshCommand->handle()
#34 /home/reddevil/laravel/Team-Energy/vendor/laravel/framework/src/Illuminate/Container/BoundMethod.php(32): call_user_func_array()
#35 /home/reddevil/laravel/Team-Energy/vendor/laravel/framework/src/Illuminate/Support/helpers.php(522): Illuminate\\Container\\BoundMethod::Illuminate\\Container\\{closure}()
#36 /home/reddevil/laravel/Team-Energy/vendor/laravel/framework/src/Illuminate/Container/BoundMethod.php(90): value()
#37 /home/reddevil/laravel/Team-Energy/vendor/laravel/framework/src/Illuminate/Container/BoundMethod.php(34): Illuminate\\Container\\BoundMethod::callBoundMethod()
#38 /home/reddevil/laravel/Team-Energy/vendor/laravel/framework/src/Illuminate/Container/Container.php(591): Illuminate\\Container\\BoundMethod::call()
#39 /home/reddevil/laravel/Team-Energy/vendor/laravel/framework/src/Illuminate/Console/Command.php(202): Illuminate\\Container\\Container->call()
#40 /home/reddevil/laravel/Team-Energy/vendor/symfony/console/Command/Command.php(255): Illuminate\\Console\\Command->execute()
#41 /home/reddevil/laravel/Team-Energy/vendor/laravel/framework/src/Illuminate/Console/Command.php(189): Symfony\\Component\\Console\\Command\\Command->run()
#42 /home/reddevil/laravel/Team-Energy/vendor/symfony/console/Application.php(1001): Illuminate\\Console\\Command->run()
#43 /home/reddevil/laravel/Team-Energy/vendor/symfony/console/Application.php(271): Symfony\\Component\\Console\\Application->doRunCommand()
#44 /home/reddevil/laravel/Team-Energy/vendor/symfony/console/Application.php(147): Symfony\\Component\\Console\\Application->doRun()
#45 /home/reddevil/laravel/Team-Energy/vendor/laravel/framework/src/Illuminate/Console/Application.php(90): Symfony\\Component\\Console\\Application->run()
#46 /home/reddevil/laravel/Team-Energy/vendor/laravel/framework/src/Illuminate/Foundation/Console/Kernel.php(131): Illuminate\\Console\\Application->run()
#47 /home/reddevil/laravel/Team-Energy/artisan(37): Illuminate\\Foundation\\Console\\Kernel->handle()
#48 {main}
"} 
[2020-04-08 22:41:56] local.ERROR: syntax error, unexpected 'positive_xr' (T_STRING), expecting ']' {"exception":"[object] (Symfony\\Component\\Debug\\Exception\\FatalThrowableError(code: 0): syntax error, unexpected 'positive_xr' (T_STRING), expecting ']' at /home/reddevil/laravel/Team-Energy/database/seeds/KeyTableSeeder.php:78)
[stacktrace]
#0 /home/reddevil/laravel/Team-Energy/vendor/composer/ClassLoader.php(322): Composer\\Autoload\\includeFile()
#1 [internal function]: Composer\\Autoload\\ClassLoader->loadClass()
#2 [internal function]: spl_autoload_call()
#3 /home/reddevil/laravel/Team-Energy/vendor/laravel/framework/src/Illuminate/Container/Container.php(804): ReflectionClass->__construct()
#4 /home/reddevil/laravel/Team-Energy/vendor/laravel/framework/src/Illuminate/Container/Container.php(682): Illuminate\\Container\\Container->build()
#5 /home/reddevil/laravel/Team-Energy/vendor/laravel/framework/src/Illuminate/Container/Container.php(630): Illuminate\\Container\\Container->resolve()
#6 /home/reddevil/laravel/Team-Energy/vendor/laravel/framework/src/Illuminate/Foundation/Application.php(768): Illuminate\\Container\\Container->make()
#7 /home/reddevil/laravel/Team-Energy/vendor/laravel/framework/src/Illuminate/Database/Seeder.php(70): Illuminate\\Foundation\\Application->make()
#8 /home/reddevil/laravel/Team-Energy/vendor/laravel/framework/src/Illuminate/Database/Seeder.php(38): Illuminate\\Database\\Seeder->resolve()
#9 /home/reddevil/laravel/Team-Energy/database/seeds/DatabaseSeeder.php(16): Illuminate\\Database\\Seeder->call()
#10 [internal function]: DatabaseSeeder->run()
#11 /home/reddevil/laravel/Team-Energy/vendor/laravel/framework/src/Illuminate/Container/BoundMethod.php(32): call_user_func_array()
#12 /home/reddevil/laravel/Team-Energy/vendor/laravel/framework/src/Illuminate/Support/helpers.php(522): Illuminate\\Container\\BoundMethod::Illuminate\\Container\\{closure}()
#13 /home/reddevil/laravel/Team-Energy/vendor/laravel/framework/src/Illuminate/Container/BoundMethod.php(90): value()
#14 /home/reddevil/laravel/Team-Energy/vendor/laravel/framework/src/Illuminate/Container/BoundMethod.php(34): Illuminate\\Container\\BoundMethod::callBoundMethod()
#15 /home/reddevil/laravel/Team-Energy/vendor/laravel/framework/src/Illuminate/Container/Container.php(591): Illuminate\\Container\\BoundMethod::call()
#16 /home/reddevil/laravel/Team-Energy/vendor/laravel/framework/src/Illuminate/Database/Seeder.php(124): Illuminate\\Container\\Container->call()
#17 /home/reddevil/laravel/Team-Energy/vendor/laravel/framework/src/Illuminate/Database/Console/Seeds/SeedCommand.php(63): Illuminate\\Database\\Seeder->__invoke()
#18 /home/reddevil/laravel/Team-Energy/vendor/laravel/framework/src/Illuminate/Database/Eloquent/Concerns/GuardsAttributes.php(122): Illuminate\\Database\\Console\\Seeds\\SeedCommand->Illuminate\\Database\\Console\\Seeds\\{closure}()
#19 /home/reddevil/laravel/Team-Energy/vendor/laravel/framework/src/Illuminate/Database/Console/Seeds/SeedCommand.php(64): Illuminate\\Database\\Eloquent\\Model::unguarded()
#20 [internal function]: Illuminate\\Database\\Console\\Seeds\\SeedCommand->handle()
#21 /home/reddevil/laravel/Team-Energy/vendor/laravel/framework/src/Illuminate/Container/BoundMethod.php(32): call_user_func_array()
#22 /home/reddevil/laravel/Team-Energy/vendor/laravel/framework/src/Illuminate/Support/helpers.php(522): Illuminate\\Container\\BoundMethod::Illuminate\\Container\\{closure}()
#23 /home/reddevil/laravel/Team-Energy/vendor/laravel/framework/src/Illuminate/Container/BoundMethod.php(90): value()
#24 /home/reddevil/laravel/Team-Energy/vendor/laravel/framework/src/Illuminate/Container/BoundMethod.php(34): Illuminate\\Container\\BoundMethod::callBoundMethod()
#25 /home/reddevil/laravel/Team-Energy/vendor/laravel/framework/src/Illuminate/Container/Container.php(591): Illuminate\\Container\\BoundMethod::call()
#26 /home/reddevil/laravel/Team-Energy/vendor/laravel/framework/src/Illuminate/Console/Command.php(202): Illuminate\\Container\\Container->call()
#27 /home/reddevil/laravel/Team-Energy/vendor/symfony/console/Command/Command.php(255): Illuminate\\Console\\Command->execute()
#28 /home/reddevil/laravel/Team-Energy/vendor/laravel/framework/src/Illuminate/Console/Command.php(189): Symfony\\Component\\Console\\Command\\Command->run()
#29 /home/reddevil/laravel/Team-Energy/vendor/laravel/framework/src/Illuminate/Console/Command.php(242): Illuminate\\Console\\Command->run()
#30 /home/reddevil/laravel/Team-Energy/vendor/laravel/framework/src/Illuminate/Console/Command.php(214): Illuminate\\Console\\Command->runCommand()
#31 /home/reddevil/laravel/Team-Energy/vendor/laravel/framework/src/Illuminate/Database/Console/Migrations/FreshCommand.php(79): Illuminate\\Console\\Command->call()
#32 /home/reddevil/laravel/Team-Energy/vendor/laravel/framework/src/Illuminate/Database/Console/Migrations/FreshCommand.php(56): Illuminate\\Database\\Console\\Migrations\\FreshCommand->runSeeder()
#33 [internal function]: Illuminate\\Database\\Console\\Migrations\\FreshCommand->handle()
#34 /home/reddevil/laravel/Team-Energy/vendor/laravel/framework/src/Illuminate/Container/BoundMethod.php(32): call_user_func_array()
#35 /home/reddevil/laravel/Team-Energy/vendor/laravel/framework/src/Illuminate/Support/helpers.php(522): Illuminate\\Container\\BoundMethod::Illuminate\\Container\\{closure}()
#36 /home/reddevil/laravel/Team-Energy/vendor/laravel/framework/src/Illuminate/Container/BoundMethod.php(90): value()
#37 /home/reddevil/laravel/Team-Energy/vendor/laravel/framework/src/Illuminate/Container/BoundMethod.php(34): Illuminate\\Container\\BoundMethod::callBoundMethod()
#38 /home/reddevil/laravel/Team-Energy/vendor/laravel/framework/src/Illuminate/Container/Container.php(591): Illuminate\\Container\\BoundMethod::call()
#39 /home/reddevil/laravel/Team-Energy/vendor/laravel/framework/src/Illuminate/Console/Command.php(202): Illuminate\\Container\\Container->call()
#40 /home/reddevil/laravel/Team-Energy/vendor/symfony/console/Command/Command.php(255): Illuminate\\Console\\Command->execute()
#41 /home/reddevil/laravel/Team-Energy/vendor/laravel/framework/src/Illuminate/Console/Command.php(189): Symfony\\Component\\Console\\Command\\Command->run()
#42 /home/reddevil/laravel/Team-Energy/vendor/symfony/console/Application.php(1001): Illuminate\\Console\\Command->run()
#43 /home/reddevil/laravel/Team-Energy/vendor/symfony/console/Application.php(271): Symfony\\Component\\Console\\Application->doRunCommand()
#44 /home/reddevil/laravel/Team-Energy/vendor/symfony/console/Application.php(147): Symfony\\Component\\Console\\Application->doRun()
#45 /home/reddevil/laravel/Team-Energy/vendor/laravel/framework/src/Illuminate/Console/Application.php(90): Symfony\\Component\\Console\\Application->run()
#46 /home/reddevil/laravel/Team-Energy/vendor/laravel/framework/src/Illuminate/Foundation/Console/Kernel.php(131): Illuminate\\Console\\Application->run()
#47 /home/reddevil/laravel/Team-Energy/artisan(37): Illuminate\\Foundation\\Console\\Kernel->handle()
#48 {main}
"} 
