[2020-11-01 03:17:30] local.ERROR: could not find driver (SQL: select * from information_schema.tables where table_schema = teamenergy and table_name = migrations and table_type = 'BASE TABLE') {"exception":"[object] (Illuminate\\Database\\QueryException(code: 0): could not find driver (SQL: select * from information_schema.tables where table_schema = teamenergy and table_name = migrations and table_type = 'BASE TABLE') at /home/raj/laravel/Team-Energy/vendor/laravel/framework/src/Illuminate/Database/Connection.php:665)
[stacktrace]
#0 /home/raj/laravel/Team-Energy/vendor/laravel/framework/src/Illuminate/Database/Connection.php(625): Illuminate\\Database\\Connection->runQueryCallback()
#1 /home/raj/laravel/Team-Energy/vendor/laravel/framework/src/Illuminate/Database/Connection.php(334): Illuminate\\Database\\Connection->run()
#2 /home/raj/laravel/Team-Energy/vendor/laravel/framework/src/Illuminate/Database/Schema/MySqlBuilder.php(18): Illuminate\\Database\\Connection->select()
#3 /home/raj/laravel/Team-Energy/vendor/laravel/framework/src/Illuminate/Database/Migrations/DatabaseMigrationRepository.php(169): Illuminate\\Database\\Schema\\MySqlBuilder->hasTable()
#4 /home/raj/laravel/Team-Energy/vendor/laravel/framework/src/Illuminate/Database/Migrations/Migrator.php(585): Illuminate\\Database\\Migrations\\DatabaseMigrationRepository->repositoryExists()
#5 /home/raj/laravel/Team-Energy/vendor/laravel/framework/src/Illuminate/Database/Console/Migrations/MigrateCommand.php(91): Illuminate\\Database\\Migrations\\Migrator->repositoryExists()
#6 /home/raj/laravel/Team-Energy/vendor/laravel/framework/src/Illuminate/Database/Console/Migrations/MigrateCommand.php(63): Illuminate\\Database\\Console\\Migrations\\MigrateCommand->prepareDatabase()
#7 [internal function]: Illuminate\\Database\\Console\\Migrations\\MigrateCommand->handle()
#8 /home/raj/laravel/Team-Energy/vendor/laravel/framework/src/Illuminate/Container/BoundMethod.php(32): call_user_func_array()
#9 /home/raj/laravel/Team-Energy/vendor/laravel/framework/src/Illuminate/Support/helpers.php(522): Illuminate\\Container\\BoundMethod::Illuminate\\Container\\{closure}()
#10 /home/raj/laravel/Team-Energy/vendor/laravel/framework/src/Illuminate/Container/BoundMethod.php(90): value()
#11 /home/raj/laravel/Team-Energy/vendor/laravel/framework/src/Illuminate/Container/BoundMethod.php(34): Illuminate\\Container\\BoundMethod::callBoundMethod()
#12 /home/raj/laravel/Team-Energy/vendor/laravel/framework/src/Illuminate/Container/Container.php(591): Illuminate\\Container\\BoundMethod::call()
#13 /home/raj/laravel/Team-Energy/vendor/laravel/framework/src/Illuminate/Console/Command.php(202): Illuminate\\Container\\Container->call()
#14 /home/raj/laravel/Team-Energy/vendor/symfony/console/Command/Command.php(255): Illuminate\\Console\\Command->execute()
#15 /home/raj/laravel/Team-Energy/vendor/laravel/framework/src/Illuminate/Console/Command.php(189): Symfony\\Component\\Console\\Command\\Command->run()
#16 /home/raj/laravel/Team-Energy/vendor/symfony/console/Application.php(1009): Illuminate\\Console\\Command->run()
#17 /home/raj/laravel/Team-Energy/vendor/symfony/console/Application.php(273): Symfony\\Component\\Console\\Application->doRunCommand()
#18 /home/raj/laravel/Team-Energy/vendor/symfony/console/Application.php(149): Symfony\\Component\\Console\\Application->doRun()
#19 /home/raj/laravel/Team-Energy/vendor/laravel/framework/src/Illuminate/Console/Application.php(90): Symfony\\Component\\Console\\Application->run()
#20 /home/raj/laravel/Team-Energy/vendor/laravel/framework/src/Illuminate/Foundation/Console/Kernel.php(131): Illuminate\\Console\\Application->run()
#21 /home/raj/laravel/Team-Energy/artisan(37): Illuminate\\Foundation\\Console\\Kernel->handle()
#22 {main}

[previous exception] [object] (PDOException(code: 0): could not find driver at /home/raj/laravel/Team-Energy/vendor/laravel/framework/src/Illuminate/Database/Connectors/Connector.php:70)
[stacktrace]
#0 /home/raj/laravel/Team-Energy/vendor/laravel/framework/src/Illuminate/Database/Connectors/Connector.php(70): PDO->__construct()
#1 /home/raj/laravel/Team-Energy/vendor/laravel/framework/src/Illuminate/Database/Connectors/Connector.php(46): Illuminate\\Database\\Connectors\\Connector->createPdoConnection()
#2 /home/raj/laravel/Team-Energy/vendor/laravel/framework/src/Illuminate/Database/Connectors/MySqlConnector.php(24): Illuminate\\Database\\Connectors\\Connector->createConnection()
#3 /home/raj/laravel/Team-Energy/vendor/laravel/framework/src/Illuminate/Database/Connectors/ConnectionFactory.php(182): Illuminate\\Database\\Connectors\\MySqlConnector->connect()
#4 [internal function]: Illuminate\\Database\\Connectors\\ConnectionFactory->Illuminate\\Database\\Connectors\\{closure}()
#5 /home/raj/laravel/Team-Energy/vendor/laravel/framework/src/Illuminate/Database/Connection.php(920): call_user_func()
#6 /home/raj/laravel/Team-Energy/vendor/laravel/framework/src/Illuminate/Database/Connection.php(945): Illuminate\\Database\\Connection->getPdo()
#7 /home/raj/laravel/Team-Energy/vendor/laravel/framework/src/Illuminate/Database/Connection.php(400): Illuminate\\Database\\Connection->getReadPdo()
#8 /home/raj/laravel/Team-Energy/vendor/laravel/framework/src/Illuminate/Database/Connection.php(326): Illuminate\\Database\\Connection->getPdoForSelect()
#9 /home/raj/laravel/Team-Energy/vendor/laravel/framework/src/Illuminate/Database/Connection.php(658): Illuminate\\Database\\Connection->Illuminate\\Database\\{closure}()
#10 /home/raj/laravel/Team-Energy/vendor/laravel/framework/src/Illuminate/Database/Connection.php(625): Illuminate\\Database\\Connection->runQueryCallback()
#11 /home/raj/laravel/Team-Energy/vendor/laravel/framework/src/Illuminate/Database/Connection.php(334): Illuminate\\Database\\Connection->run()
#12 /home/raj/laravel/Team-Energy/vendor/laravel/framework/src/Illuminate/Database/Schema/MySqlBuilder.php(18): Illuminate\\Database\\Connection->select()
#13 /home/raj/laravel/Team-Energy/vendor/laravel/framework/src/Illuminate/Database/Migrations/DatabaseMigrationRepository.php(169): Illuminate\\Database\\Schema\\MySqlBuilder->hasTable()
#14 /home/raj/laravel/Team-Energy/vendor/laravel/framework/src/Illuminate/Database/Migrations/Migrator.php(585): Illuminate\\Database\\Migrations\\DatabaseMigrationRepository->repositoryExists()
#15 /home/raj/laravel/Team-Energy/vendor/laravel/framework/src/Illuminate/Database/Console/Migrations/MigrateCommand.php(91): Illuminate\\Database\\Migrations\\Migrator->repositoryExists()
#16 /home/raj/laravel/Team-Energy/vendor/laravel/framework/src/Illuminate/Database/Console/Migrations/MigrateCommand.php(63): Illuminate\\Database\\Console\\Migrations\\MigrateCommand->prepareDatabase()
#17 [internal function]: Illuminate\\Database\\Console\\Migrations\\MigrateCommand->handle()
#18 /home/raj/laravel/Team-Energy/vendor/laravel/framework/src/Illuminate/Container/BoundMethod.php(32): call_user_func_array()
#19 /home/raj/laravel/Team-Energy/vendor/laravel/framework/src/Illuminate/Support/helpers.php(522): Illuminate\\Container\\BoundMethod::Illuminate\\Container\\{closure}()
#20 /home/raj/laravel/Team-Energy/vendor/laravel/framework/src/Illuminate/Container/BoundMethod.php(90): value()
#21 /home/raj/laravel/Team-Energy/vendor/laravel/framework/src/Illuminate/Container/BoundMethod.php(34): Illuminate\\Container\\BoundMethod::callBoundMethod()
#22 /home/raj/laravel/Team-Energy/vendor/laravel/framework/src/Illuminate/Container/Container.php(591): Illuminate\\Container\\BoundMethod::call()
#23 /home/raj/laravel/Team-Energy/vendor/laravel/framework/src/Illuminate/Console/Command.php(202): Illuminate\\Container\\Container->call()
#24 /home/raj/laravel/Team-Energy/vendor/symfony/console/Command/Command.php(255): Illuminate\\Console\\Command->execute()
#25 /home/raj/laravel/Team-Energy/vendor/laravel/framework/src/Illuminate/Console/Command.php(189): Symfony\\Component\\Console\\Command\\Command->run()
#26 /home/raj/laravel/Team-Energy/vendor/symfony/console/Application.php(1009): Illuminate\\Console\\Command->run()
#27 /home/raj/laravel/Team-Energy/vendor/symfony/console/Application.php(273): Symfony\\Component\\Console\\Application->doRunCommand()
#28 /home/raj/laravel/Team-Energy/vendor/symfony/console/Application.php(149): Symfony\\Component\\Console\\Application->doRun()
#29 /home/raj/laravel/Team-Energy/vendor/laravel/framework/src/Illuminate/Console/Application.php(90): Symfony\\Component\\Console\\Application->run()
#30 /home/raj/laravel/Team-Energy/vendor/laravel/framework/src/Illuminate/Foundation/Console/Kernel.php(131): Illuminate\\Console\\Application->run()
#31 /home/raj/laravel/Team-Energy/artisan(37): Illuminate\\Foundation\\Console\\Kernel->handle()
#32 {main}
"} 
[2020-11-01 03:36:54] local.ERROR: could not find driver (SQL: select * from information_schema.tables where table_schema = teamenergy and table_name = migrations and table_type = 'BASE TABLE') {"exception":"[object] (Illuminate\\Database\\QueryException(code: 0): could not find driver (SQL: select * from information_schema.tables where table_schema = teamenergy and table_name = migrations and table_type = 'BASE TABLE') at /home/raj/laravel/Team-Energy/vendor/laravel/framework/src/Illuminate/Database/Connection.php:665)
[stacktrace]
#0 /home/raj/laravel/Team-Energy/vendor/laravel/framework/src/Illuminate/Database/Connection.php(625): Illuminate\\Database\\Connection->runQueryCallback()
#1 /home/raj/laravel/Team-Energy/vendor/laravel/framework/src/Illuminate/Database/Connection.php(334): Illuminate\\Database\\Connection->run()
#2 /home/raj/laravel/Team-Energy/vendor/laravel/framework/src/Illuminate/Database/Schema/MySqlBuilder.php(18): Illuminate\\Database\\Connection->select()
#3 /home/raj/laravel/Team-Energy/vendor/laravel/framework/src/Illuminate/Database/Migrations/DatabaseMigrationRepository.php(169): Illuminate\\Database\\Schema\\MySqlBuilder->hasTable()
#4 /home/raj/laravel/Team-Energy/vendor/laravel/framework/src/Illuminate/Database/Migrations/Migrator.php(585): Illuminate\\Database\\Migrations\\DatabaseMigrationRepository->repositoryExists()
#5 /home/raj/laravel/Team-Energy/vendor/laravel/framework/src/Illuminate/Database/Console/Migrations/MigrateCommand.php(91): Illuminate\\Database\\Migrations\\Migrator->repositoryExists()
#6 /home/raj/laravel/Team-Energy/vendor/laravel/framework/src/Illuminate/Database/Console/Migrations/MigrateCommand.php(63): Illuminate\\Database\\Console\\Migrations\\MigrateCommand->prepareDatabase()
#7 [internal function]: Illuminate\\Database\\Console\\Migrations\\MigrateCommand->handle()
#8 /home/raj/laravel/Team-Energy/vendor/laravel/framework/src/Illuminate/Container/BoundMethod.php(32): call_user_func_array()
#9 /home/raj/laravel/Team-Energy/vendor/laravel/framework/src/Illuminate/Support/helpers.php(522): Illuminate\\Container\\BoundMethod::Illuminate\\Container\\{closure}()
#10 /home/raj/laravel/Team-Energy/vendor/laravel/framework/src/Illuminate/Container/BoundMethod.php(90): value()
#11 /home/raj/laravel/Team-Energy/vendor/laravel/framework/src/Illuminate/Container/BoundMethod.php(34): Illuminate\\Container\\BoundMethod::callBoundMethod()
#12 /home/raj/laravel/Team-Energy/vendor/laravel/framework/src/Illuminate/Container/Container.php(591): Illuminate\\Container\\BoundMethod::call()
#13 /home/raj/laravel/Team-Energy/vendor/laravel/framework/src/Illuminate/Console/Command.php(202): Illuminate\\Container\\Container->call()
#14 /home/raj/laravel/Team-Energy/vendor/symfony/console/Command/Command.php(255): Illuminate\\Console\\Command->execute()
#15 /home/raj/laravel/Team-Energy/vendor/laravel/framework/src/Illuminate/Console/Command.php(189): Symfony\\Component\\Console\\Command\\Command->run()
#16 /home/raj/laravel/Team-Energy/vendor/symfony/console/Application.php(1009): Illuminate\\Console\\Command->run()
#17 /home/raj/laravel/Team-Energy/vendor/symfony/console/Application.php(273): Symfony\\Component\\Console\\Application->doRunCommand()
#18 /home/raj/laravel/Team-Energy/vendor/symfony/console/Application.php(149): Symfony\\Component\\Console\\Application->doRun()
#19 /home/raj/laravel/Team-Energy/vendor/laravel/framework/src/Illuminate/Console/Application.php(90): Symfony\\Component\\Console\\Application->run()
#20 /home/raj/laravel/Team-Energy/vendor/laravel/framework/src/Illuminate/Foundation/Console/Kernel.php(131): Illuminate\\Console\\Application->run()
#21 /home/raj/laravel/Team-Energy/artisan(37): Illuminate\\Foundation\\Console\\Kernel->handle()
#22 {main}

[previous exception] [object] (PDOException(code: 0): could not find driver at /home/raj/laravel/Team-Energy/vendor/laravel/framework/src/Illuminate/Database/Connectors/Connector.php:70)
[stacktrace]
#0 /home/raj/laravel/Team-Energy/vendor/laravel/framework/src/Illuminate/Database/Connectors/Connector.php(70): PDO->__construct()
#1 /home/raj/laravel/Team-Energy/vendor/laravel/framework/src/Illuminate/Database/Connectors/Connector.php(46): Illuminate\\Database\\Connectors\\Connector->createPdoConnection()
#2 /home/raj/laravel/Team-Energy/vendor/laravel/framework/src/Illuminate/Database/Connectors/MySqlConnector.php(24): Illuminate\\Database\\Connectors\\Connector->createConnection()
#3 /home/raj/laravel/Team-Energy/vendor/laravel/framework/src/Illuminate/Database/Connectors/ConnectionFactory.php(182): Illuminate\\Database\\Connectors\\MySqlConnector->connect()
#4 [internal function]: Illuminate\\Database\\Connectors\\ConnectionFactory->Illuminate\\Database\\Connectors\\{closure}()
#5 /home/raj/laravel/Team-Energy/vendor/laravel/framework/src/Illuminate/Database/Connection.php(920): call_user_func()
#6 /home/raj/laravel/Team-Energy/vendor/laravel/framework/src/Illuminate/Database/Connection.php(945): Illuminate\\Database\\Connection->getPdo()
#7 /home/raj/laravel/Team-Energy/vendor/laravel/framework/src/Illuminate/Database/Connection.php(400): Illuminate\\Database\\Connection->getReadPdo()
#8 /home/raj/laravel/Team-Energy/vendor/laravel/framework/src/Illuminate/Database/Connection.php(326): Illuminate\\Database\\Connection->getPdoForSelect()
#9 /home/raj/laravel/Team-Energy/vendor/laravel/framework/src/Illuminate/Database/Connection.php(658): Illuminate\\Database\\Connection->Illuminate\\Database\\{closure}()
#10 /home/raj/laravel/Team-Energy/vendor/laravel/framework/src/Illuminate/Database/Connection.php(625): Illuminate\\Database\\Connection->runQueryCallback()
#11 /home/raj/laravel/Team-Energy/vendor/laravel/framework/src/Illuminate/Database/Connection.php(334): Illuminate\\Database\\Connection->run()
#12 /home/raj/laravel/Team-Energy/vendor/laravel/framework/src/Illuminate/Database/Schema/MySqlBuilder.php(18): Illuminate\\Database\\Connection->select()
#13 /home/raj/laravel/Team-Energy/vendor/laravel/framework/src/Illuminate/Database/Migrations/DatabaseMigrationRepository.php(169): Illuminate\\Database\\Schema\\MySqlBuilder->hasTable()
#14 /home/raj/laravel/Team-Energy/vendor/laravel/framework/src/Illuminate/Database/Migrations/Migrator.php(585): Illuminate\\Database\\Migrations\\DatabaseMigrationRepository->repositoryExists()
#15 /home/raj/laravel/Team-Energy/vendor/laravel/framework/src/Illuminate/Database/Console/Migrations/MigrateCommand.php(91): Illuminate\\Database\\Migrations\\Migrator->repositoryExists()
#16 /home/raj/laravel/Team-Energy/vendor/laravel/framework/src/Illuminate/Database/Console/Migrations/MigrateCommand.php(63): Illuminate\\Database\\Console\\Migrations\\MigrateCommand->prepareDatabase()
#17 [internal function]: Illuminate\\Database\\Console\\Migrations\\MigrateCommand->handle()
#18 /home/raj/laravel/Team-Energy/vendor/laravel/framework/src/Illuminate/Container/BoundMethod.php(32): call_user_func_array()
#19 /home/raj/laravel/Team-Energy/vendor/laravel/framework/src/Illuminate/Support/helpers.php(522): Illuminate\\Container\\BoundMethod::Illuminate\\Container\\{closure}()
#20 /home/raj/laravel/Team-Energy/vendor/laravel/framework/src/Illuminate/Container/BoundMethod.php(90): value()
#21 /home/raj/laravel/Team-Energy/vendor/laravel/framework/src/Illuminate/Container/BoundMethod.php(34): Illuminate\\Container\\BoundMethod::callBoundMethod()
#22 /home/raj/laravel/Team-Energy/vendor/laravel/framework/src/Illuminate/Container/Container.php(591): Illuminate\\Container\\BoundMethod::call()
#23 /home/raj/laravel/Team-Energy/vendor/laravel/framework/src/Illuminate/Console/Command.php(202): Illuminate\\Container\\Container->call()
#24 /home/raj/laravel/Team-Energy/vendor/symfony/console/Command/Command.php(255): Illuminate\\Console\\Command->execute()
#25 /home/raj/laravel/Team-Energy/vendor/laravel/framework/src/Illuminate/Console/Command.php(189): Symfony\\Component\\Console\\Command\\Command->run()
#26 /home/raj/laravel/Team-Energy/vendor/symfony/console/Application.php(1009): Illuminate\\Console\\Command->run()
#27 /home/raj/laravel/Team-Energy/vendor/symfony/console/Application.php(273): Symfony\\Component\\Console\\Application->doRunCommand()
#28 /home/raj/laravel/Team-Energy/vendor/symfony/console/Application.php(149): Symfony\\Component\\Console\\Application->doRun()
#29 /home/raj/laravel/Team-Energy/vendor/laravel/framework/src/Illuminate/Console/Application.php(90): Symfony\\Component\\Console\\Application->run()
#30 /home/raj/laravel/Team-Energy/vendor/laravel/framework/src/Illuminate/Foundation/Console/Kernel.php(131): Illuminate\\Console\\Application->run()
#31 /home/raj/laravel/Team-Energy/artisan(37): Illuminate\\Foundation\\Console\\Kernel->handle()
#32 {main}
"} 
